{"/home/circleci/repo/src/App.jsx": {"path":"/home/circleci/repo/src/App.jsx","statementMap":{"0":{"start":{"line":22,"column":18},"end":{"line":22,"column":68}},"1":{"start":{"line":22,"column":35},"end":{"line":22,"column":67}},"2":{"start":{"line":24,"column":0},"end":{"line":24,"column":16}},"3":{"start":{"line":27,"column":16},"end":{"line":27,"column":31}},"4":{"start":{"line":28,"column":0},"end":{"line":28,"column":36}},"5":{"start":{"line":29,"column":0},"end":{"line":29,"column":35}},"6":{"start":{"line":31,"column":0},"end":{"line":38,"column":3}},"7":{"start":{"line":32,"column":26},"end":{"line":32,"column":88}},"8":{"start":{"line":33,"column":2},"end":{"line":35,"column":3}},"9":{"start":{"line":34,"column":4},"end":{"line":34,"column":11}},"10":{"start":{"line":36,"column":2},"end":{"line":36,"column":43}},"11":{"start":{"line":37,"column":2},"end":{"line":37,"column":38}},"12":{"start":{"line":41,"column":2},"end":{"line":61,"column":4}}},"fnMap":{"0":{"name":"(anonymous_0)","decl":{"start":{"line":22,"column":29},"end":{"line":22,"column":30}},"loc":{"start":{"line":22,"column":35},"end":{"line":22,"column":67}},"line":22},"1":{"name":"(anonymous_1)","decl":{"start":{"line":31,"column":15},"end":{"line":31,"column":16}},"loc":{"start":{"line":31,"column":29},"end":{"line":38,"column":1}},"line":31},"2":{"name":"App","decl":{"start":{"line":40,"column":9},"end":{"line":40,"column":12}},"loc":{"start":{"line":40,"column":15},"end":{"line":62,"column":1}},"line":40}},"branchMap":{"0":{"loc":{"start":{"line":32,"column":26},"end":{"line":32,"column":88}},"type":"cond-expr","locations":[{"start":{"line":32,"column":41},"end":{"line":32,"column":80}},{"start":{"line":32,"column":83},"end":{"line":32,"column":88}}],"line":32},"1":{"loc":{"start":{"line":33,"column":2},"end":{"line":35,"column":3}},"type":"if","locations":[{"start":{"line":33,"column":2},"end":{"line":35,"column":3}},{"start":{"line":33,"column":2},"end":{"line":35,"column":3}}],"line":33}},"s":{"0":0,"1":0,"2":0,"3":0,"4":0,"5":0,"6":0,"7":0,"8":0,"9":0,"10":0,"11":0,"12":0},"f":{"0":0,"1":0,"2":0},"b":{"0":[0,0],"1":[0,0]}}
,"/home/circleci/repo/src/index.client.jsx": {"path":"/home/circleci/repo/src/index.client.jsx","statementMap":{"0":{"start":{"line":9,"column":12},"end":{"line":9,"column":49}},"1":{"start":{"line":9,"column":29},"end":{"line":9,"column":48}},"2":{"start":{"line":11,"column":14},"end":{"line":11,"column":30}},"3":{"start":{"line":13,"column":0},"end":{"line":25,"column":2}}},"fnMap":{"0":{"name":"(anonymous_0)","decl":{"start":{"line":9,"column":23},"end":{"line":9,"column":24}},"loc":{"start":{"line":9,"column":29},"end":{"line":9,"column":48}},"line":9}},"branchMap":{},"s":{"0":0,"1":0,"2":0,"3":0},"f":{"0":0},"b":{}}
,"/home/circleci/repo/src/index.server.jsx": {"path":"/home/circleci/repo/src/index.server.jsx","statementMap":{"0":{"start":{"line":8,"column":18},"end":{"line":8,"column":20}},"1":{"start":{"line":10,"column":2},"end":{"line":14,"column":5}}},"fnMap":{"0":{"name":"(anonymous_0)","decl":{"start":{"line":7,"column":15},"end":{"line":7,"column":16}},"loc":{"start":{"line":7,"column":30},"end":{"line":15,"column":1}},"line":7}},"branchMap":{},"s":{"0":0,"1":0},"f":{"0":0},"b":{}}
,"/home/circleci/repo/src/components/Badges/index.js": {"path":"/home/circleci/repo/src/components/Badges/index.js","statementMap":{},"fnMap":{},"branchMap":{},"s":{},"f":{},"b":{}}
,"/home/circleci/repo/src/components/Badges/AWSArchitectAssociateBadge/AWSArchitectAssociateBadge.jsx": {"path":"/home/circleci/repo/src/components/Badges/AWSArchitectAssociateBadge/AWSArchitectAssociateBadge.jsx","statementMap":{"0":{"start":{"line":8,"column":10},"end":{"line":26,"column":3}},"1":{"start":{"line":9,"column":4},"end":{"line":9,"column":27}},"2":{"start":{"line":10,"column":4},"end":{"line":10,"column":28}},"3":{"start":{"line":11,"column":16},"end":{"line":11,"column":56}},"4":{"start":{"line":12,"column":20},"end":{"line":12,"column":29}},"5":{"start":{"line":14,"column":28},"end":{"line":14,"column":90}},"6":{"start":{"line":15,"column":4},"end":{"line":17,"column":5}},"7":{"start":{"line":16,"column":6},"end":{"line":16,"column":13}},"8":{"start":{"line":18,"column":4},"end":{"line":23,"column":6}},"9":{"start":{"line":25,"column":4},"end":{"line":25,"column":30}},"10":{"start":{"line":29,"column":4},"end":{"line":40,"column":6}}},"fnMap":{"0":{"name":"(anonymous_0)","decl":{"start":{"line":8,"column":10},"end":{"line":8,"column":11}},"loc":{"start":{"line":8,"column":21},"end":{"line":26,"column":3}},"line":8},"1":{"name":"(anonymous_1)","decl":{"start":{"line":22,"column":6},"end":{"line":22,"column":7}},"loc":{"start":{"line":22,"column":12},"end":{"line":22,"column":14}},"line":22},"2":{"name":"(anonymous_2)","decl":{"start":{"line":28,"column":2},"end":{"line":28,"column":3}},"loc":{"start":{"line":28,"column":11},"end":{"line":41,"column":3}},"line":28}},"branchMap":{"0":{"loc":{"start":{"line":14,"column":28},"end":{"line":14,"column":90}},"type":"cond-expr","locations":[{"start":{"line":14,"column":43},"end":{"line":14,"column":82}},{"start":{"line":14,"column":85},"end":{"line":14,"column":90}}],"line":14},"1":{"loc":{"start":{"line":15,"column":4},"end":{"line":17,"column":5}},"type":"if","locations":[{"start":{"line":15,"column":4},"end":{"line":17,"column":5}},{"start":{"line":15,"column":4},"end":{"line":17,"column":5}}],"line":15}},"s":{"0":0,"1":0,"2":0,"3":0,"4":0,"5":0,"6":0,"7":0,"8":0,"9":0,"10":0},"f":{"0":0,"1":0,"2":0},"b":{"0":[0,0],"1":[0,0]}}
,"/home/circleci/repo/src/components/Badges/AWSDeveloperAssociateBadge/AWSDeveloperAssociateBadge.jsx": {"path":"/home/circleci/repo/src/components/Badges/AWSDeveloperAssociateBadge/AWSDeveloperAssociateBadge.jsx","statementMap":{"0":{"start":{"line":8,"column":10},"end":{"line":26,"column":3}},"1":{"start":{"line":9,"column":4},"end":{"line":9,"column":27}},"2":{"start":{"line":10,"column":4},"end":{"line":10,"column":28}},"3":{"start":{"line":11,"column":16},"end":{"line":11,"column":56}},"4":{"start":{"line":12,"column":20},"end":{"line":12,"column":29}},"5":{"start":{"line":14,"column":28},"end":{"line":14,"column":90}},"6":{"start":{"line":15,"column":4},"end":{"line":17,"column":5}},"7":{"start":{"line":16,"column":6},"end":{"line":16,"column":13}},"8":{"start":{"line":18,"column":4},"end":{"line":23,"column":6}},"9":{"start":{"line":25,"column":4},"end":{"line":25,"column":30}},"10":{"start":{"line":29,"column":4},"end":{"line":40,"column":6}}},"fnMap":{"0":{"name":"(anonymous_0)","decl":{"start":{"line":8,"column":10},"end":{"line":8,"column":11}},"loc":{"start":{"line":8,"column":21},"end":{"line":26,"column":3}},"line":8},"1":{"name":"(anonymous_1)","decl":{"start":{"line":22,"column":6},"end":{"line":22,"column":7}},"loc":{"start":{"line":22,"column":12},"end":{"line":22,"column":14}},"line":22},"2":{"name":"(anonymous_2)","decl":{"start":{"line":28,"column":2},"end":{"line":28,"column":3}},"loc":{"start":{"line":28,"column":11},"end":{"line":41,"column":3}},"line":28}},"branchMap":{"0":{"loc":{"start":{"line":14,"column":28},"end":{"line":14,"column":90}},"type":"cond-expr","locations":[{"start":{"line":14,"column":43},"end":{"line":14,"column":82}},{"start":{"line":14,"column":85},"end":{"line":14,"column":90}}],"line":14},"1":{"loc":{"start":{"line":15,"column":4},"end":{"line":17,"column":5}},"type":"if","locations":[{"start":{"line":15,"column":4},"end":{"line":17,"column":5}},{"start":{"line":15,"column":4},"end":{"line":17,"column":5}}],"line":15}},"s":{"0":0,"1":0,"2":0,"3":0,"4":0,"5":0,"6":0,"7":0,"8":0,"9":0,"10":0},"f":{"0":0,"1":0,"2":0},"b":{"0":[0,0],"1":[0,0]}}
,"/home/circleci/repo/src/components/Badges/AWSSysopsAssociateBadge/AWSSysopsAssociateBadge.jsx": {"path":"/home/circleci/repo/src/components/Badges/AWSSysopsAssociateBadge/AWSSysopsAssociateBadge.jsx","statementMap":{"0":{"start":{"line":8,"column":10},"end":{"line":26,"column":3}},"1":{"start":{"line":9,"column":4},"end":{"line":9,"column":27}},"2":{"start":{"line":10,"column":4},"end":{"line":10,"column":28}},"3":{"start":{"line":11,"column":16},"end":{"line":11,"column":56}},"4":{"start":{"line":12,"column":20},"end":{"line":12,"column":29}},"5":{"start":{"line":14,"column":28},"end":{"line":14,"column":90}},"6":{"start":{"line":15,"column":4},"end":{"line":17,"column":5}},"7":{"start":{"line":16,"column":6},"end":{"line":16,"column":13}},"8":{"start":{"line":18,"column":4},"end":{"line":23,"column":6}},"9":{"start":{"line":25,"column":4},"end":{"line":25,"column":30}},"10":{"start":{"line":29,"column":4},"end":{"line":40,"column":6}}},"fnMap":{"0":{"name":"(anonymous_0)","decl":{"start":{"line":8,"column":10},"end":{"line":8,"column":11}},"loc":{"start":{"line":8,"column":21},"end":{"line":26,"column":3}},"line":8},"1":{"name":"(anonymous_1)","decl":{"start":{"line":22,"column":6},"end":{"line":22,"column":7}},"loc":{"start":{"line":22,"column":12},"end":{"line":22,"column":14}},"line":22},"2":{"name":"(anonymous_2)","decl":{"start":{"line":28,"column":2},"end":{"line":28,"column":3}},"loc":{"start":{"line":28,"column":11},"end":{"line":41,"column":3}},"line":28}},"branchMap":{"0":{"loc":{"start":{"line":14,"column":28},"end":{"line":14,"column":90}},"type":"cond-expr","locations":[{"start":{"line":14,"column":43},"end":{"line":14,"column":82}},{"start":{"line":14,"column":85},"end":{"line":14,"column":90}}],"line":14},"1":{"loc":{"start":{"line":15,"column":4},"end":{"line":17,"column":5}},"type":"if","locations":[{"start":{"line":15,"column":4},"end":{"line":17,"column":5}},{"start":{"line":15,"column":4},"end":{"line":17,"column":5}}],"line":15}},"s":{"0":0,"1":0,"2":0,"3":0,"4":0,"5":0,"6":0,"7":0,"8":0,"9":0,"10":0},"f":{"0":0,"1":0,"2":0},"b":{"0":[0,0],"1":[0,0]}}
,"/home/circleci/repo/src/components/Badges/JSNADBadge/JSNADBadge.jsx": {"path":"/home/circleci/repo/src/components/Badges/JSNADBadge/JSNADBadge.jsx","statementMap":{"0":{"start":{"line":8,"column":10},"end":{"line":26,"column":3}},"1":{"start":{"line":9,"column":4},"end":{"line":9,"column":27}},"2":{"start":{"line":10,"column":4},"end":{"line":10,"column":28}},"3":{"start":{"line":11,"column":16},"end":{"line":11,"column":56}},"4":{"start":{"line":12,"column":20},"end":{"line":12,"column":29}},"5":{"start":{"line":14,"column":28},"end":{"line":14,"column":90}},"6":{"start":{"line":15,"column":4},"end":{"line":17,"column":5}},"7":{"start":{"line":16,"column":6},"end":{"line":16,"column":13}},"8":{"start":{"line":18,"column":4},"end":{"line":23,"column":6}},"9":{"start":{"line":25,"column":4},"end":{"line":25,"column":30}},"10":{"start":{"line":29,"column":4},"end":{"line":40,"column":6}}},"fnMap":{"0":{"name":"(anonymous_0)","decl":{"start":{"line":8,"column":10},"end":{"line":8,"column":11}},"loc":{"start":{"line":8,"column":21},"end":{"line":26,"column":3}},"line":8},"1":{"name":"(anonymous_1)","decl":{"start":{"line":22,"column":6},"end":{"line":22,"column":7}},"loc":{"start":{"line":22,"column":12},"end":{"line":22,"column":14}},"line":22},"2":{"name":"(anonymous_2)","decl":{"start":{"line":28,"column":2},"end":{"line":28,"column":3}},"loc":{"start":{"line":28,"column":11},"end":{"line":41,"column":3}},"line":28}},"branchMap":{"0":{"loc":{"start":{"line":14,"column":28},"end":{"line":14,"column":90}},"type":"cond-expr","locations":[{"start":{"line":14,"column":43},"end":{"line":14,"column":82}},{"start":{"line":14,"column":85},"end":{"line":14,"column":90}}],"line":14},"1":{"loc":{"start":{"line":15,"column":4},"end":{"line":17,"column":5}},"type":"if","locations":[{"start":{"line":15,"column":4},"end":{"line":17,"column":5}},{"start":{"line":15,"column":4},"end":{"line":17,"column":5}}],"line":15}},"s":{"0":0,"1":0,"2":0,"3":0,"4":0,"5":0,"6":0,"7":0,"8":0,"9":0,"10":0},"f":{"0":0,"1":0,"2":0},"b":{"0":[0,0],"1":[0,0]}}
,"/home/circleci/repo/src/components/Badges/OracleAssociateBadge/OracleAssociateBadge.jsx": {"path":"/home/circleci/repo/src/components/Badges/OracleAssociateBadge/OracleAssociateBadge.jsx","statementMap":{"0":{"start":{"line":8,"column":10},"end":{"line":26,"column":3}},"1":{"start":{"line":9,"column":4},"end":{"line":9,"column":27}},"2":{"start":{"line":10,"column":4},"end":{"line":10,"column":28}},"3":{"start":{"line":11,"column":16},"end":{"line":11,"column":56}},"4":{"start":{"line":12,"column":20},"end":{"line":12,"column":29}},"5":{"start":{"line":14,"column":28},"end":{"line":14,"column":90}},"6":{"start":{"line":15,"column":4},"end":{"line":17,"column":5}},"7":{"start":{"line":16,"column":6},"end":{"line":16,"column":13}},"8":{"start":{"line":18,"column":4},"end":{"line":23,"column":6}},"9":{"start":{"line":25,"column":4},"end":{"line":25,"column":30}},"10":{"start":{"line":29,"column":4},"end":{"line":40,"column":6}}},"fnMap":{"0":{"name":"(anonymous_0)","decl":{"start":{"line":8,"column":10},"end":{"line":8,"column":11}},"loc":{"start":{"line":8,"column":21},"end":{"line":26,"column":3}},"line":8},"1":{"name":"(anonymous_1)","decl":{"start":{"line":22,"column":6},"end":{"line":22,"column":7}},"loc":{"start":{"line":22,"column":12},"end":{"line":22,"column":14}},"line":22},"2":{"name":"(anonymous_2)","decl":{"start":{"line":28,"column":2},"end":{"line":28,"column":3}},"loc":{"start":{"line":28,"column":11},"end":{"line":41,"column":3}},"line":28}},"branchMap":{"0":{"loc":{"start":{"line":14,"column":28},"end":{"line":14,"column":90}},"type":"cond-expr","locations":[{"start":{"line":14,"column":43},"end":{"line":14,"column":82}},{"start":{"line":14,"column":85},"end":{"line":14,"column":90}}],"line":14},"1":{"loc":{"start":{"line":15,"column":4},"end":{"line":17,"column":5}},"type":"if","locations":[{"start":{"line":15,"column":4},"end":{"line":17,"column":5}},{"start":{"line":15,"column":4},"end":{"line":17,"column":5}}],"line":15}},"s":{"0":0,"1":0,"2":0,"3":0,"4":0,"5":0,"6":0,"7":0,"8":0,"9":0,"10":0},"f":{"0":0,"1":0,"2":0},"b":{"0":[0,0],"1":[0,0]}}
,"/home/circleci/repo/src/components/CookieNotice/CookieNotice.jsx": {"path":"/home/circleci/repo/src/components/CookieNotice/CookieNotice.jsx","statementMap":{"0":{"start":{"line":8,"column":4},"end":{"line":8,"column":17}},"1":{"start":{"line":9,"column":4},"end":{"line":13,"column":6}},"2":{"start":{"line":16,"column":17},"end":{"line":21,"column":3}},"3":{"start":{"line":17,"column":4},"end":{"line":20,"column":7}},"4":{"start":{"line":23,"column":18},"end":{"line":27,"column":3}},"5":{"start":{"line":24,"column":4},"end":{"line":26,"column":7}},"6":{"start":{"line":29,"column":21},"end":{"line":38,"column":3}},"7":{"start":{"line":30,"column":4},"end":{"line":37,"column":5}},"8":{"start":{"line":31,"column":27},"end":{"line":31,"column":37}},"9":{"start":{"line":32,"column":6},"end":{"line":32,"column":52}},"10":{"start":{"line":33,"column":6},"end":{"line":33,"column":56}},"11":{"start":{"line":34,"column":6},"end":{"line":36,"column":9}},"12":{"start":{"line":41,"column":43},"end":{"line":41,"column":53}},"13":{"start":{"line":43,"column":4},"end":{"line":76,"column":7}}},"fnMap":{"0":{"name":"(anonymous_0)","decl":{"start":{"line":7,"column":2},"end":{"line":7,"column":3}},"loc":{"start":{"line":7,"column":21},"end":{"line":14,"column":3}},"line":7},"1":{"name":"(anonymous_1)","decl":{"start":{"line":16,"column":17},"end":{"line":16,"column":18}},"loc":{"start":{"line":16,"column":23},"end":{"line":21,"column":3}},"line":16},"2":{"name":"(anonymous_2)","decl":{"start":{"line":23,"column":18},"end":{"line":23,"column":19}},"loc":{"start":{"line":23,"column":24},"end":{"line":27,"column":3}},"line":23},"3":{"name":"(anonymous_3)","decl":{"start":{"line":29,"column":21},"end":{"line":29,"column":22}},"loc":{"start":{"line":29,"column":32},"end":{"line":38,"column":3}},"line":29},"4":{"name":"(anonymous_4)","decl":{"start":{"line":40,"column":2},"end":{"line":40,"column":3}},"loc":{"start":{"line":40,"column":11},"end":{"line":77,"column":3}},"line":40}},"branchMap":{"0":{"loc":{"start":{"line":10,"column":16},"end":{"line":10,"column":78}},"type":"cond-expr","locations":[{"start":{"line":10,"column":31},"end":{"line":10,"column":70}},{"start":{"line":10,"column":73},"end":{"line":10,"column":78}}],"line":10},"1":{"loc":{"start":{"line":12,"column":23},"end":{"line":12,"column":84}},"type":"cond-expr","locations":[{"start":{"line":12,"column":38},"end":{"line":12,"column":77}},{"start":{"line":12,"column":80},"end":{"line":12,"column":84}}],"line":12},"2":{"loc":{"start":{"line":30,"column":4},"end":{"line":37,"column":5}},"type":"if","locations":[{"start":{"line":30,"column":4},"end":{"line":37,"column":5}},{"start":{"line":30,"column":4},"end":{"line":37,"column":5}}],"line":30},"3":{"loc":{"start":{"line":30,"column":8},"end":{"line":30,"column":60}},"type":"binary-expr","locations":[{"start":{"line":30,"column":8},"end":{"line":30,"column":20}},{"start":{"line":30,"column":24},"end":{"line":30,"column":60}}],"line":30},"4":{"loc":{"start":{"line":43,"column":12},"end":{"line":76,"column":5}},"type":"binary-expr","locations":[{"start":{"line":43,"column":12},"end":{"line":43,"column":46}},{"start":{"line":44,"column":6},"end":{"line":75,"column":12}}],"line":43},"5":{"loc":{"start":{"line":45,"column":38},"end":{"line":45,"column":83}},"type":"cond-expr","locations":[{"start":{"line":45,"column":50},"end":{"line":45,"column":78}},{"start":{"line":45,"column":81},"end":{"line":45,"column":83}}],"line":45}},"s":{"0":1,"1":1,"2":1,"3":0,"4":1,"5":0,"6":1,"7":0,"8":0,"9":0,"10":0,"11":0,"12":1,"13":1},"f":{"0":1,"1":0,"2":0,"3":0,"4":1},"b":{"0":[1,0],"1":[1,0],"2":[0,0],"3":[0,0],"4":[1,1],"5":[0,1]},"_coverageSchema":"1a1c01bbd47fc00a2c39e90264f33305004495a9","hash":"b58a1d05c7339ea4c158c27ad1e38b5e89faff11"}
,"/home/circleci/repo/src/components/Footer/Footer.jsx": {"path":"/home/circleci/repo/src/components/Footer/Footer.jsx","statementMap":{"0":{"start":{"line":17,"column":4},"end":{"line":17,"column":27}},"1":{"start":{"line":18,"column":4},"end":{"line":18,"column":28}},"2":{"start":{"line":19,"column":16},"end":{"line":19,"column":56}},"3":{"start":{"line":20,"column":20},"end":{"line":20,"column":29}},"4":{"start":{"line":22,"column":28},"end":{"line":22,"column":90}},"5":{"start":{"line":23,"column":4},"end":{"line":25,"column":5}},"6":{"start":{"line":24,"column":6},"end":{"line":24,"column":13}},"7":{"start":{"line":26,"column":4},"end":{"line":31,"column":6}},"8":{"start":{"line":33,"column":4},"end":{"line":33,"column":30}},"9":{"start":{"line":37,"column":4},"end":{"line":153,"column":6}}},"fnMap":{"0":{"name":"(anonymous_0)","decl":{"start":{"line":16,"column":2},"end":{"line":16,"column":3}},"loc":{"start":{"line":16,"column":22},"end":{"line":34,"column":3}},"line":16},"1":{"name":"(anonymous_1)","decl":{"start":{"line":30,"column":6},"end":{"line":30,"column":7}},"loc":{"start":{"line":30,"column":12},"end":{"line":30,"column":14}},"line":30},"2":{"name":"(anonymous_2)","decl":{"start":{"line":36,"column":2},"end":{"line":36,"column":3}},"loc":{"start":{"line":36,"column":11},"end":{"line":154,"column":3}},"line":36}},"branchMap":{"0":{"loc":{"start":{"line":22,"column":28},"end":{"line":22,"column":90}},"type":"cond-expr","locations":[{"start":{"line":22,"column":43},"end":{"line":22,"column":82}},{"start":{"line":22,"column":85},"end":{"line":22,"column":90}}],"line":22},"1":{"loc":{"start":{"line":23,"column":4},"end":{"line":25,"column":5}},"type":"if","locations":[{"start":{"line":23,"column":4},"end":{"line":25,"column":5}},{"start":{"line":23,"column":4},"end":{"line":25,"column":5}}],"line":23}},"s":{"0":0,"1":0,"2":0,"3":0,"4":0,"5":0,"6":0,"7":0,"8":0,"9":0},"f":{"0":0,"1":0,"2":0},"b":{"0":[0,0],"1":[0,0]}}
,"/home/circleci/repo/src/components/GLChart/GL.js": {"path":"/home/circleci/repo/src/components/GLChart/GL.js","statementMap":{"0":{"start":{"line":25,"column":4},"end":{"line":25,"column":25}},"1":{"start":{"line":26,"column":4},"end":{"line":26,"column":25}},"2":{"start":{"line":27,"column":4},"end":{"line":27,"column":23}},"3":{"start":{"line":28,"column":4},"end":{"line":28,"column":19}},"4":{"start":{"line":29,"column":4},"end":{"line":29,"column":22}},"5":{"start":{"line":30,"column":4},"end":{"line":30,"column":22}},"6":{"start":{"line":31,"column":4},"end":{"line":34,"column":6}},"7":{"start":{"line":35,"column":4},"end":{"line":37,"column":6}},"8":{"start":{"line":36,"column":6},"end":{"line":36,"column":20}},"9":{"start":{"line":41,"column":4},"end":{"line":41,"column":42}},"10":{"start":{"line":44,"column":9},"end":{"line":185,"column":3}},"11":{"start":{"line":45,"column":18},"end":{"line":45,"column":38}},"12":{"start":{"line":46,"column":22},"end":{"line":46,"column":42}},"13":{"start":{"line":48,"column":4},"end":{"line":48,"column":39}},"14":{"start":{"line":51,"column":4},"end":{"line":53,"column":5}},"15":{"start":{"line":52,"column":6},"end":{"line":52,"column":13}},"16":{"start":{"line":54,"column":4},"end":{"line":54,"column":21}},"17":{"start":{"line":56,"column":4},"end":{"line":56,"column":59}},"18":{"start":{"line":58,"column":4},"end":{"line":58,"column":29}},"19":{"start":{"line":60,"column":4},"end":{"line":60,"column":50}},"20":{"start":{"line":62,"column":4},"end":{"line":62,"column":44}},"21":{"start":{"line":63,"column":4},"end":{"line":63,"column":45}},"22":{"start":{"line":65,"column":4},"end":{"line":70,"column":6}},"23":{"start":{"line":71,"column":4},"end":{"line":71,"column":40}},"24":{"start":{"line":73,"column":4},"end":{"line":77,"column":7}},"25":{"start":{"line":78,"column":4},"end":{"line":78,"column":69}},"26":{"start":{"line":80,"column":4},"end":{"line":80,"column":37}},"27":{"start":{"line":82,"column":4},"end":{"line":82,"column":59}},"28":{"start":{"line":83,"column":4},"end":{"line":83,"column":39}},"29":{"start":{"line":84,"column":4},"end":{"line":84,"column":37}},"30":{"start":{"line":85,"column":4},"end":{"line":85,"column":36}},"31":{"start":{"line":86,"column":4},"end":{"line":86,"column":39}},"32":{"start":{"line":87,"column":4},"end":{"line":87,"column":37}},"33":{"start":{"line":88,"column":4},"end":{"line":88,"column":37}},"34":{"start":{"line":89,"column":4},"end":{"line":89,"column":40}},"35":{"start":{"line":91,"column":22},"end":{"line":91,"column":24}},"36":{"start":{"line":93,"column":21},"end":{"line":93,"column":23}},"37":{"start":{"line":94,"column":18},"end":{"line":94,"column":20}},"38":{"start":{"line":97,"column":21},"end":{"line":97,"column":71}},"39":{"start":{"line":99,"column":27},"end":{"line":99,"column":73}},"40":{"start":{"line":99,"column":50},"end":{"line":99,"column":72}},"41":{"start":{"line":100,"column":29},"end":{"line":100,"column":75}},"42":{"start":{"line":100,"column":52},"end":{"line":100,"column":74}},"43":{"start":{"line":102,"column":25},"end":{"line":102,"column":86}},"44":{"start":{"line":102,"column":46},"end":{"line":102,"column":85}},"45":{"start":{"line":105,"column":32},"end":{"line":105,"column":78}},"46":{"start":{"line":107,"column":30},"end":{"line":115,"column":6}},"47":{"start":{"line":117,"column":34},"end":{"line":123,"column":6}},"48":{"start":{"line":125,"column":25},"end":{"line":133,"column":6}},"49":{"start":{"line":135,"column":25},"end":{"line":138,"column":6}},"50":{"start":{"line":140,"column":24},"end":{"line":140,"column":72}},"51":{"start":{"line":143,"column":4},"end":{"line":143,"column":32}},"52":{"start":{"line":146,"column":4},"end":{"line":178,"column":5}},"53":{"start":{"line":147,"column":29},"end":{"line":147,"column":63}},"54":{"start":{"line":148,"column":31},"end":{"line":148,"column":67}},"55":{"start":{"line":149,"column":31},"end":{"line":149,"column":34}},"56":{"start":{"line":151,"column":6},"end":{"line":151,"column":36}},"57":{"start":{"line":152,"column":6},"end":{"line":154,"column":96}},"58":{"start":{"line":154,"column":32},"end":{"line":154,"column":94}},"59":{"start":{"line":155,"column":26},"end":{"line":155,"column":64}},"60":{"start":{"line":156,"column":6},"end":{"line":156,"column":61}},"61":{"start":{"line":158,"column":23},"end":{"line":158,"column":72}},"62":{"start":{"line":159,"column":6},"end":{"line":159,"column":58}},"63":{"start":{"line":161,"column":29},"end":{"line":161,"column":63}},"64":{"start":{"line":162,"column":29},"end":{"line":162,"column":43}},"65":{"start":{"line":164,"column":6},"end":{"line":170,"column":9}},"66":{"start":{"line":165,"column":8},"end":{"line":165,"column":59}},"67":{"start":{"line":166,"column":8},"end":{"line":166,"column":45}},"68":{"start":{"line":167,"column":8},"end":{"line":167,"column":86}},"69":{"start":{"line":168,"column":8},"end":{"line":168,"column":56}},"70":{"start":{"line":169,"column":8},"end":{"line":169,"column":44}},"71":{"start":{"line":172,"column":21},"end":{"line":172,"column":67}},"72":{"start":{"line":173,"column":6},"end":{"line":173,"column":35}},"73":{"start":{"line":175,"column":6},"end":{"line":175,"column":34}},"74":{"start":{"line":176,"column":6},"end":{"line":176,"column":31}},"75":{"start":{"line":177,"column":6},"end":{"line":177,"column":29}},"76":{"start":{"line":180,"column":4},"end":{"line":180,"column":51}},"77":{"start":{"line":181,"column":4},"end":{"line":181,"column":31}},"78":{"start":{"line":182,"column":4},"end":{"line":182,"column":39}},"79":{"start":{"line":184,"column":4},"end":{"line":184,"column":18}},"80":{"start":{"line":188,"column":14},"end":{"line":188,"column":17}},"81":{"start":{"line":189,"column":4},"end":{"line":191,"column":5}},"82":{"start":{"line":190,"column":6},"end":{"line":190,"column":36}},"83":{"start":{"line":193,"column":19},"end":{"line":193,"column":21}},"84":{"start":{"line":194,"column":19},"end":{"line":194,"column":32}},"85":{"start":{"line":195,"column":22},"end":{"line":195,"column":54}},"86":{"start":{"line":197,"column":12},"end":{"line":197,"column":13}},"87":{"start":{"line":198,"column":12},"end":{"line":198,"column":13}},"88":{"start":{"line":199,"column":12},"end":{"line":199,"column":13}},"89":{"start":{"line":200,"column":12},"end":{"line":200,"column":13}},"90":{"start":{"line":201,"column":12},"end":{"line":201,"column":13}},"91":{"start":{"line":202,"column":14},"end":{"line":202,"column":15}},"92":{"start":{"line":204,"column":4},"end":{"line":214,"column":5}},"93":{"start":{"line":205,"column":6},"end":{"line":205,"column":44}},"94":{"start":{"line":206,"column":6},"end":{"line":206,"column":34}},"95":{"start":{"line":208,"column":6},"end":{"line":208,"column":46}},"96":{"start":{"line":210,"column":6},"end":{"line":210,"column":28}},"97":{"start":{"line":211,"column":6},"end":{"line":211,"column":28}},"98":{"start":{"line":213,"column":6},"end":{"line":213,"column":29}},"99":{"start":{"line":216,"column":4},"end":{"line":216,"column":18}},"100":{"start":{"line":219,"column":11},"end":{"line":227,"column":3}},"101":{"start":{"line":220,"column":4},"end":{"line":226,"column":5}},"102":{"start":{"line":221,"column":6},"end":{"line":221,"column":70}},"103":{"start":{"line":222,"column":6},"end":{"line":222,"column":43}},"104":{"start":{"line":223,"column":6},"end":{"line":223,"column":71}},"105":{"start":{"line":224,"column":6},"end":{"line":224,"column":46}},"106":{"start":{"line":225,"column":6},"end":{"line":225,"column":47}},"107":{"start":{"line":230,"column":17},"end":{"line":230,"column":49}},"108":{"start":{"line":231,"column":4},"end":{"line":231,"column":31}},"109":{"start":{"line":232,"column":4},"end":{"line":232,"column":32}},"110":{"start":{"line":234,"column":18},"end":{"line":234,"column":41}},"111":{"start":{"line":235,"column":4},"end":{"line":235,"column":48}},"112":{"start":{"line":236,"column":4},"end":{"line":236,"column":36}},"113":{"start":{"line":237,"column":4},"end":{"line":237,"column":33}},"114":{"start":{"line":238,"column":4},"end":{"line":238,"column":34}},"115":{"start":{"line":239,"column":4},"end":{"line":239,"column":75}},"116":{"start":{"line":241,"column":20},"end":{"line":241,"column":39}},"117":{"start":{"line":242,"column":4},"end":{"line":242,"column":31}},"118":{"start":{"line":244,"column":27},"end":{"line":247,"column":6}},"119":{"start":{"line":248,"column":19},"end":{"line":248,"column":45}},"120":{"start":{"line":249,"column":4},"end":{"line":249,"column":19}},"121":{"start":{"line":250,"column":4},"end":{"line":250,"column":18}},"122":{"start":{"line":251,"column":4},"end":{"line":251,"column":18}},"123":{"start":{"line":254,"column":11},"end":{"line":266,"column":3}},"124":{"start":{"line":255,"column":4},"end":{"line":257,"column":5}},"125":{"start":{"line":256,"column":6},"end":{"line":256,"column":13}},"126":{"start":{"line":258,"column":4},"end":{"line":260,"column":5}},"127":{"start":{"line":259,"column":6},"end":{"line":259,"column":20}},"128":{"start":{"line":262,"column":4},"end":{"line":262,"column":39}},"129":{"start":{"line":263,"column":4},"end":{"line":263,"column":50}},"130":{"start":{"line":264,"column":4},"end":{"line":264,"column":27}},"131":{"start":{"line":265,"column":4},"end":{"line":265,"column":51}},"132":{"start":{"line":269,"column":4},"end":{"line":272,"column":5}},"133":{"start":{"line":270,"column":6},"end":{"line":270,"column":39}},"134":{"start":{"line":271,"column":6},"end":{"line":271,"column":34}},"135":{"start":{"line":273,"column":4},"end":{"line":273,"column":43}},"136":{"start":{"line":273,"column":21},"end":{"line":273,"column":43}},"137":{"start":{"line":274,"column":4},"end":{"line":274,"column":45}},"138":{"start":{"line":274,"column":22},"end":{"line":274,"column":45}},"139":{"start":{"line":275,"column":4},"end":{"line":275,"column":45}},"140":{"start":{"line":275,"column":22},"end":{"line":275,"column":45}},"141":{"start":{"line":279,"column":4},"end":{"line":294,"column":5}},"142":{"start":{"line":285,"column":6},"end":{"line":285,"column":64}},"143":{"start":{"line":286,"column":6},"end":{"line":286,"column":30}},"144":{"start":{"line":287,"column":6},"end":{"line":287,"column":30}},"145":{"start":{"line":289,"column":6},"end":{"line":289,"column":27}},"146":{"start":{"line":290,"column":6},"end":{"line":290,"column":21}},"147":{"start":{"line":291,"column":6},"end":{"line":291,"column":34}},"148":{"start":{"line":292,"column":6},"end":{"line":292,"column":24}},"149":{"start":{"line":293,"column":6},"end":{"line":293,"column":24}}},"fnMap":{"0":{"name":"(anonymous_0)","decl":{"start":{"line":24,"column":2},"end":{"line":24,"column":3}},"loc":{"start":{"line":24,"column":16},"end":{"line":38,"column":3}},"line":24},"1":{"name":"(anonymous_1)","decl":{"start":{"line":35,"column":26},"end":{"line":35,"column":27}},"loc":{"start":{"line":35,"column":32},"end":{"line":37,"column":5}},"line":35},"2":{"name":"(anonymous_2)","decl":{"start":{"line":40,"column":2},"end":{"line":40,"column":3}},"loc":{"start":{"line":40,"column":28},"end":{"line":42,"column":3}},"line":40},"3":{"name":"(anonymous_3)","decl":{"start":{"line":44,"column":9},"end":{"line":44,"column":10}},"loc":{"start":{"line":44,"column":41},"end":{"line":185,"column":3}},"line":44},"4":{"name":"(anonymous_4)","decl":{"start":{"line":99,"column":40},"end":{"line":99,"column":41}},"loc":{"start":{"line":99,"column":50},"end":{"line":99,"column":72}},"line":99},"5":{"name":"(anonymous_5)","decl":{"start":{"line":100,"column":42},"end":{"line":100,"column":43}},"loc":{"start":{"line":100,"column":52},"end":{"line":100,"column":74}},"line":100},"6":{"name":"(anonymous_6)","decl":{"start":{"line":102,"column":37},"end":{"line":102,"column":38}},"loc":{"start":{"line":102,"column":46},"end":{"line":102,"column":85}},"line":102},"7":{"name":"(anonymous_7)","decl":{"start":{"line":154,"column":13},"end":{"line":154,"column":14}},"loc":{"start":{"line":154,"column":32},"end":{"line":154,"column":94}},"line":154},"8":{"name":"(anonymous_8)","decl":{"start":{"line":164,"column":29},"end":{"line":164,"column":30}},"loc":{"start":{"line":164,"column":48},"end":{"line":170,"column":7}},"line":164},"9":{"name":"(anonymous_9)","decl":{"start":{"line":187,"column":2},"end":{"line":187,"column":3}},"loc":{"start":{"line":187,"column":40},"end":{"line":217,"column":3}},"line":187},"10":{"name":"(anonymous_10)","decl":{"start":{"line":219,"column":11},"end":{"line":219,"column":12}},"loc":{"start":{"line":219,"column":17},"end":{"line":227,"column":3}},"line":219},"11":{"name":"(anonymous_11)","decl":{"start":{"line":229,"column":2},"end":{"line":229,"column":3}},"loc":{"start":{"line":229,"column":45},"end":{"line":252,"column":3}},"line":229},"12":{"name":"(anonymous_12)","decl":{"start":{"line":254,"column":11},"end":{"line":254,"column":12}},"loc":{"start":{"line":254,"column":17},"end":{"line":266,"column":3}},"line":254},"13":{"name":"(anonymous_13)","decl":{"start":{"line":268,"column":2},"end":{"line":268,"column":3}},"loc":{"start":{"line":268,"column":18},"end":{"line":276,"column":3}},"line":268},"14":{"name":"(anonymous_14)","decl":{"start":{"line":278,"column":2},"end":{"line":278,"column":3}},"loc":{"start":{"line":278,"column":13},"end":{"line":295,"column":3}},"line":278}},"branchMap":{"0":{"loc":{"start":{"line":51,"column":4},"end":{"line":53,"column":5}},"type":"if","locations":[{"start":{"line":51,"column":4},"end":{"line":53,"column":5}},{"start":{"line":51,"column":4},"end":{"line":53,"column":5}}],"line":51},"1":{"loc":{"start":{"line":146,"column":4},"end":{"line":178,"column":5}},"type":"if","locations":[{"start":{"line":146,"column":4},"end":{"line":178,"column":5}},{"start":{"line":146,"column":4},"end":{"line":178,"column":5}}],"line":146},"2":{"loc":{"start":{"line":189,"column":4},"end":{"line":191,"column":5}},"type":"if","locations":[{"start":{"line":189,"column":4},"end":{"line":191,"column":5}},{"start":{"line":189,"column":4},"end":{"line":191,"column":5}}],"line":189},"3":{"loc":{"start":{"line":220,"column":4},"end":{"line":226,"column":5}},"type":"if","locations":[{"start":{"line":220,"column":4},"end":{"line":226,"column":5}},{"start":{"line":220,"column":4},"end":{"line":226,"column":5}}],"line":220},"4":{"loc":{"start":{"line":220,"column":8},"end":{"line":220,"column":36}},"type":"binary-expr","locations":[{"start":{"line":220,"column":8},"end":{"line":220,"column":19}},{"start":{"line":220,"column":23},"end":{"line":220,"column":36}}],"line":220},"5":{"loc":{"start":{"line":229,"column":26},"end":{"line":229,"column":43}},"type":"default-arg","locations":[{"start":{"line":229,"column":40},"end":{"line":229,"column":43}}],"line":229},"6":{"loc":{"start":{"line":255,"column":4},"end":{"line":257,"column":5}},"type":"if","locations":[{"start":{"line":255,"column":4},"end":{"line":257,"column":5}},{"start":{"line":255,"column":4},"end":{"line":257,"column":5}}],"line":255},"7":{"loc":{"start":{"line":258,"column":4},"end":{"line":260,"column":5}},"type":"if","locations":[{"start":{"line":258,"column":4},"end":{"line":260,"column":5}},{"start":{"line":258,"column":4},"end":{"line":260,"column":5}}],"line":258},"8":{"loc":{"start":{"line":258,"column":8},"end":{"line":258,"column":89}},"type":"binary-expr","locations":[{"start":{"line":258,"column":8},"end":{"line":258,"column":49}},{"start":{"line":258,"column":53},"end":{"line":258,"column":89}}],"line":258},"9":{"loc":{"start":{"line":273,"column":4},"end":{"line":273,"column":43}},"type":"if","locations":[{"start":{"line":273,"column":4},"end":{"line":273,"column":43}},{"start":{"line":273,"column":4},"end":{"line":273,"column":43}}],"line":273},"10":{"loc":{"start":{"line":274,"column":4},"end":{"line":274,"column":45}},"type":"if","locations":[{"start":{"line":274,"column":4},"end":{"line":274,"column":45}},{"start":{"line":274,"column":4},"end":{"line":274,"column":45}}],"line":274},"11":{"loc":{"start":{"line":275,"column":4},"end":{"line":275,"column":45}},"type":"if","locations":[{"start":{"line":275,"column":4},"end":{"line":275,"column":45}},{"start":{"line":275,"column":4},"end":{"line":275,"column":45}}],"line":275},"12":{"loc":{"start":{"line":279,"column":4},"end":{"line":294,"column":5}},"type":"if","locations":[{"start":{"line":279,"column":4},"end":{"line":294,"column":5}},{"start":{"line":279,"column":4},"end":{"line":294,"column":5}}],"line":279}},"s":{"0":0,"1":0,"2":0,"3":0,"4":0,"5":0,"6":0,"7":0,"8":0,"9":0,"10":0,"11":0,"12":0,"13":0,"14":0,"15":0,"16":0,"17":0,"18":0,"19":0,"20":0,"21":0,"22":0,"23":0,"24":0,"25":0,"26":0,"27":0,"28":0,"29":0,"30":0,"31":0,"32":0,"33":0,"34":0,"35":0,"36":0,"37":0,"38":0,"39":0,"40":0,"41":0,"42":0,"43":0,"44":0,"45":0,"46":0,"47":0,"48":0,"49":0,"50":0,"51":0,"52":0,"53":0,"54":0,"55":0,"56":0,"57":0,"58":0,"59":0,"60":0,"61":0,"62":0,"63":0,"64":0,"65":0,"66":0,"67":0,"68":0,"69":0,"70":0,"71":0,"72":0,"73":0,"74":0,"75":0,"76":0,"77":0,"78":0,"79":0,"80":0,"81":0,"82":0,"83":0,"84":0,"85":0,"86":0,"87":0,"88":0,"89":0,"90":0,"91":0,"92":0,"93":0,"94":0,"95":0,"96":0,"97":0,"98":0,"99":0,"100":0,"101":0,"102":0,"103":0,"104":0,"105":0,"106":0,"107":0,"108":0,"109":0,"110":0,"111":0,"112":0,"113":0,"114":0,"115":0,"116":0,"117":0,"118":0,"119":0,"120":0,"121":0,"122":0,"123":0,"124":0,"125":0,"126":0,"127":0,"128":0,"129":0,"130":0,"131":0,"132":0,"133":0,"134":0,"135":0,"136":0,"137":0,"138":0,"139":0,"140":0,"141":0,"142":0,"143":0,"144":0,"145":0,"146":0,"147":0,"148":0,"149":0},"f":{"0":0,"1":0,"2":0,"3":0,"4":0,"5":0,"6":0,"7":0,"8":0,"9":0,"10":0,"11":0,"12":0,"13":0,"14":0},"b":{"0":[0,0],"1":[0,0],"2":[0,0],"3":[0,0],"4":[0,0],"5":[0],"6":[0,0],"7":[0,0],"8":[0,0],"9":[0,0],"10":[0,0],"11":[0,0],"12":[0,0]}}
,"/home/circleci/repo/src/components/GLChart/GLChart.jsx": {"path":"/home/circleci/repo/src/components/GLChart/GLChart.jsx","statementMap":{"0":{"start":{"line":11,"column":4},"end":{"line":19,"column":5}},"1":{"start":{"line":12,"column":21},"end":{"line":12,"column":53}},"2":{"start":{"line":13,"column":18},"end":{"line":14,"column":60}},"3":{"start":{"line":16,"column":6},"end":{"line":16,"column":52}},"4":{"start":{"line":18,"column":6},"end":{"line":18,"column":19}},"5":{"start":{"line":22,"column":21},"end":{"line":26,"column":3}},"6":{"start":{"line":28,"column":24},"end":{"line":32,"column":3}},"7":{"start":{"line":35,"column":4},"end":{"line":35,"column":17}},"8":{"start":{"line":37,"column":4},"end":{"line":37,"column":36}},"9":{"start":{"line":38,"column":4},"end":{"line":42,"column":6}},"10":{"start":{"line":46,"column":4},"end":{"line":46,"column":25}},"11":{"start":{"line":50,"column":21},"end":{"line":50,"column":31}},"12":{"start":{"line":51,"column":4},"end":{"line":53,"column":5}},"13":{"start":{"line":52,"column":6},"end":{"line":52,"column":27}},"14":{"start":{"line":57,"column":26},"end":{"line":57,"column":36}},"15":{"start":{"line":58,"column":4},"end":{"line":58,"column":25}},"16":{"start":{"line":61,"column":18},"end":{"line":71,"column":3}},"17":{"start":{"line":62,"column":21},"end":{"line":62,"column":31}},"18":{"start":{"line":64,"column":4},"end":{"line":70,"column":5}},"19":{"start":{"line":65,"column":39},"end":{"line":65,"column":49}},"20":{"start":{"line":67,"column":6},"end":{"line":69,"column":9}},"21":{"start":{"line":68,"column":8},"end":{"line":68,"column":61}},"22":{"start":{"line":74,"column":39},"end":{"line":74,"column":49}},"23":{"start":{"line":75,"column":22},"end":{"line":75,"column":32}},"24":{"start":{"line":77,"column":4},"end":{"line":79,"column":5}},"25":{"start":{"line":78,"column":6},"end":{"line":78,"column":26}},"26":{"start":{"line":81,"column":4},"end":{"line":95,"column":6}}},"fnMap":{"0":{"name":"(anonymous_0)","decl":{"start":{"line":10,"column":2},"end":{"line":10,"column":3}},"loc":{"start":{"line":10,"column":20},"end":{"line":20,"column":3}},"line":10},"1":{"name":"(anonymous_1)","decl":{"start":{"line":34,"column":2},"end":{"line":34,"column":3}},"loc":{"start":{"line":34,"column":21},"end":{"line":43,"column":3}},"line":34},"2":{"name":"(anonymous_2)","decl":{"start":{"line":45,"column":2},"end":{"line":45,"column":3}},"loc":{"start":{"line":45,"column":22},"end":{"line":47,"column":3}},"line":45},"3":{"name":"(anonymous_3)","decl":{"start":{"line":49,"column":2},"end":{"line":49,"column":3}},"loc":{"start":{"line":49,"column":32},"end":{"line":54,"column":3}},"line":49},"4":{"name":"(anonymous_4)","decl":{"start":{"line":56,"column":2},"end":{"line":56,"column":3}},"loc":{"start":{"line":56,"column":25},"end":{"line":59,"column":3}},"line":56},"5":{"name":"(anonymous_5)","decl":{"start":{"line":61,"column":18},"end":{"line":61,"column":19}},"loc":{"start":{"line":61,"column":24},"end":{"line":71,"column":3}},"line":61},"6":{"name":"(anonymous_6)","decl":{"start":{"line":67,"column":35},"end":{"line":67,"column":36}},"loc":{"start":{"line":67,"column":41},"end":{"line":69,"column":7}},"line":67},"7":{"name":"(anonymous_7)","decl":{"start":{"line":73,"column":2},"end":{"line":73,"column":3}},"loc":{"start":{"line":73,"column":11},"end":{"line":96,"column":3}},"line":73}},"branchMap":{"0":{"loc":{"start":{"line":13,"column":18},"end":{"line":14,"column":60}},"type":"binary-expr","locations":[{"start":{"line":13,"column":18},"end":{"line":13,"column":44}},{"start":{"line":14,"column":21},"end":{"line":14,"column":60}}],"line":13},"1":{"loc":{"start":{"line":16,"column":16},"end":{"line":16,"column":50}},"type":"binary-expr","locations":[{"start":{"line":16,"column":16},"end":{"line":16,"column":44}},{"start":{"line":16,"column":48},"end":{"line":16,"column":50}}],"line":16},"2":{"loc":{"start":{"line":51,"column":4},"end":{"line":53,"column":5}},"type":"if","locations":[{"start":{"line":51,"column":4},"end":{"line":53,"column":5}},{"start":{"line":51,"column":4},"end":{"line":53,"column":5}}],"line":51},"3":{"loc":{"start":{"line":64,"column":4},"end":{"line":70,"column":5}},"type":"if","locations":[{"start":{"line":64,"column":4},"end":{"line":70,"column":5}},{"start":{"line":64,"column":4},"end":{"line":70,"column":5}}],"line":64},"4":{"loc":{"start":{"line":77,"column":4},"end":{"line":79,"column":5}},"type":"if","locations":[{"start":{"line":77,"column":4},"end":{"line":79,"column":5}},{"start":{"line":77,"column":4},"end":{"line":79,"column":5}}],"line":77},"5":{"loc":{"start":{"line":82,"column":6},"end":{"line":94,"column":17}},"type":"cond-expr","locations":[{"start":{"line":84,"column":10},"end":{"line":92,"column":16}},{"start":{"line":94,"column":10},"end":{"line":94,"column":17}}],"line":82}},"s":{"0":0,"1":0,"2":0,"3":0,"4":0,"5":0,"6":0,"7":0,"8":0,"9":0,"10":0,"11":0,"12":0,"13":0,"14":0,"15":0,"16":0,"17":0,"18":0,"19":0,"20":0,"21":0,"22":0,"23":0,"24":0,"25":0,"26":0},"f":{"0":0,"1":0,"2":0,"3":0,"4":0,"5":0,"6":0,"7":0},"b":{"0":[0,0],"1":[0,0],"2":[0,0],"3":[0,0],"4":[0,0],"5":[0,0]}}
,"/home/circleci/repo/src/components/Header/Header.jsx": {"path":"/home/circleci/repo/src/components/Header/Header.jsx","statementMap":{"0":{"start":{"line":10,"column":0},"end":{"line":10,"column":24}},"1":{"start":{"line":13,"column":25},"end":{"line":30,"column":3}},"2":{"start":{"line":14,"column":4},"end":{"line":14,"column":27}},"3":{"start":{"line":15,"column":19},"end":{"line":15,"column":52}},"4":{"start":{"line":17,"column":4},"end":{"line":19,"column":7}},"5":{"start":{"line":21,"column":28},"end":{"line":21,"column":90}},"6":{"start":{"line":22,"column":4},"end":{"line":24,"column":5}},"7":{"start":{"line":23,"column":6},"end":{"line":23,"column":13}},"8":{"start":{"line":25,"column":4},"end":{"line":29,"column":7}},"9":{"start":{"line":33,"column":4},"end":{"line":50,"column":6}}},"fnMap":{"0":{"name":"(anonymous_0)","decl":{"start":{"line":13,"column":25},"end":{"line":13,"column":26}},"loc":{"start":{"line":13,"column":36},"end":{"line":30,"column":3}},"line":13},"1":{"name":"(anonymous_1)","decl":{"start":{"line":32,"column":2},"end":{"line":32,"column":3}},"loc":{"start":{"line":32,"column":11},"end":{"line":51,"column":3}},"line":32}},"branchMap":{"0":{"loc":{"start":{"line":21,"column":28},"end":{"line":21,"column":90}},"type":"cond-expr","locations":[{"start":{"line":21,"column":43},"end":{"line":21,"column":82}},{"start":{"line":21,"column":85},"end":{"line":21,"column":90}}],"line":21},"1":{"loc":{"start":{"line":22,"column":4},"end":{"line":24,"column":5}},"type":"if","locations":[{"start":{"line":22,"column":4},"end":{"line":24,"column":5}},{"start":{"line":22,"column":4},"end":{"line":24,"column":5}}],"line":22}},"s":{"0":0,"1":0,"2":0,"3":0,"4":0,"5":0,"6":0,"7":0,"8":0,"9":0},"f":{"0":0,"1":0},"b":{"0":[0,0],"1":[0,0]}}
,"/home/circleci/repo/src/components/Icons/RulerIcon/RulerIcon.jsx": {"path":"/home/circleci/repo/src/components/Icons/RulerIcon/RulerIcon.jsx","statementMap":{"0":{"start":{"line":5,"column":21},"end":{"line":7,"column":3}},"1":{"start":{"line":9,"column":24},"end":{"line":11,"column":3}},"2":{"start":{"line":14,"column":26},"end":{"line":14,"column":36}},"3":{"start":{"line":16,"column":4},"end":{"line":29,"column":6}}},"fnMap":{"0":{"name":"(anonymous_0)","decl":{"start":{"line":13,"column":2},"end":{"line":13,"column":3}},"loc":{"start":{"line":13,"column":11},"end":{"line":30,"column":3}},"line":13}},"branchMap":{},"s":{"0":0,"1":0,"2":0,"3":0},"f":{"0":0},"b":{}}
,"/home/circleci/repo/src/components/Icons/ScrollUpIcon/ScrollUpIcon.jsx": {"path":"/home/circleci/repo/src/components/Icons/ScrollUpIcon/ScrollUpIcon.jsx","statementMap":{"0":{"start":{"line":5,"column":21},"end":{"line":7,"column":3}},"1":{"start":{"line":9,"column":24},"end":{"line":11,"column":3}},"2":{"start":{"line":14,"column":26},"end":{"line":14,"column":36}},"3":{"start":{"line":16,"column":4},"end":{"line":18,"column":6}}},"fnMap":{"0":{"name":"(anonymous_0)","decl":{"start":{"line":13,"column":2},"end":{"line":13,"column":3}},"loc":{"start":{"line":13,"column":11},"end":{"line":19,"column":3}},"line":13}},"branchMap":{"0":{"loc":{"start":{"line":17,"column":37},"end":{"line":17,"column":69}},"type":"cond-expr","locations":[{"start":{"line":17,"column":49},"end":{"line":17,"column":64}},{"start":{"line":17,"column":67},"end":{"line":17,"column":69}}],"line":17}},"s":{"0":0,"1":0,"2":0,"3":0},"f":{"0":0},"b":{"0":[0,0]}}
,"/home/circleci/repo/src/components/Icons/Social/FacebookIcon/FacebookIcon.jsx": {"path":"/home/circleci/repo/src/components/Icons/Social/FacebookIcon/FacebookIcon.jsx","statementMap":{"0":{"start":{"line":5,"column":21},"end":{"line":7,"column":3}},"1":{"start":{"line":9,"column":24},"end":{"line":11,"column":3}},"2":{"start":{"line":14,"column":26},"end":{"line":14,"column":36}},"3":{"start":{"line":16,"column":4},"end":{"line":32,"column":6}}},"fnMap":{"0":{"name":"(anonymous_0)","decl":{"start":{"line":13,"column":2},"end":{"line":13,"column":3}},"loc":{"start":{"line":13,"column":11},"end":{"line":33,"column":3}},"line":13}},"branchMap":{},"s":{"0":0,"1":0,"2":0,"3":0},"f":{"0":0},"b":{}}
,"/home/circleci/repo/src/components/Icons/Social/LinkedinIcon/LinkedinIcon.jsx": {"path":"/home/circleci/repo/src/components/Icons/Social/LinkedinIcon/LinkedinIcon.jsx","statementMap":{"0":{"start":{"line":5,"column":21},"end":{"line":8,"column":3}},"1":{"start":{"line":10,"column":24},"end":{"line":13,"column":3}},"2":{"start":{"line":16,"column":33},"end":{"line":16,"column":43}},"3":{"start":{"line":18,"column":4},"end":{"line":33,"column":6}}},"fnMap":{"0":{"name":"(anonymous_0)","decl":{"start":{"line":15,"column":2},"end":{"line":15,"column":3}},"loc":{"start":{"line":15,"column":11},"end":{"line":34,"column":3}},"line":15}},"branchMap":{},"s":{"0":0,"1":0,"2":0,"3":0},"f":{"0":0},"b":{}}
,"/home/circleci/repo/src/components/Icons/Social/TwitterIcon/TwitterIcon.jsx": {"path":"/home/circleci/repo/src/components/Icons/Social/TwitterIcon/TwitterIcon.jsx","statementMap":{"0":{"start":{"line":5,"column":21},"end":{"line":7,"column":3}},"1":{"start":{"line":9,"column":24},"end":{"line":11,"column":3}},"2":{"start":{"line":14,"column":26},"end":{"line":14,"column":36}},"3":{"start":{"line":16,"column":4},"end":{"line":31,"column":6}}},"fnMap":{"0":{"name":"(anonymous_0)","decl":{"start":{"line":13,"column":2},"end":{"line":13,"column":3}},"loc":{"start":{"line":13,"column":11},"end":{"line":32,"column":3}},"line":13}},"branchMap":{},"s":{"0":0,"1":0,"2":0,"3":0},"f":{"0":0},"b":{}}
,"/home/circleci/repo/src/components/Icons/SunIcon/SunIcon.jsx": {"path":"/home/circleci/repo/src/components/Icons/SunIcon/SunIcon.jsx","statementMap":{"0":{"start":{"line":5,"column":21},"end":{"line":7,"column":3}},"1":{"start":{"line":9,"column":24},"end":{"line":11,"column":3}},"2":{"start":{"line":14,"column":26},"end":{"line":14,"column":36}},"3":{"start":{"line":16,"column":4},"end":{"line":83,"column":6}}},"fnMap":{"0":{"name":"(anonymous_0)","decl":{"start":{"line":13,"column":2},"end":{"line":13,"column":3}},"loc":{"start":{"line":13,"column":11},"end":{"line":84,"column":3}},"line":13}},"branchMap":{},"s":{"0":0,"1":0,"2":0,"3":0},"f":{"0":0},"b":{}}
,"/home/circleci/repo/src/components/Loader/Loader.jsx": {"path":"/home/circleci/repo/src/components/Loader/Loader.jsx","statementMap":{"0":{"start":{"line":7,"column":21},"end":{"line":9,"column":3}},"1":{"start":{"line":11,"column":24},"end":{"line":13,"column":3}},"2":{"start":{"line":16,"column":26},"end":{"line":16,"column":36}},"3":{"start":{"line":18,"column":4},"end":{"line":28,"column":6}}},"fnMap":{"0":{"name":"(anonymous_0)","decl":{"start":{"line":15,"column":2},"end":{"line":15,"column":3}},"loc":{"start":{"line":15,"column":11},"end":{"line":29,"column":3}},"line":15}},"branchMap":{},"s":{"0":0,"1":0,"2":0,"3":0},"f":{"0":0},"b":{}}
,"/home/circleci/repo/src/components/Logo/Logo.jsx": {"path":"/home/circleci/repo/src/components/Logo/Logo.jsx","statementMap":{"0":{"start":{"line":11,"column":16},"end":{"line":11,"column":27}},"1":{"start":{"line":14,"column":21},"end":{"line":16,"column":3}},"2":{"start":{"line":18,"column":24},"end":{"line":20,"column":3}},"3":{"start":{"line":23,"column":18},"end":{"line":23,"column":68}},"4":{"start":{"line":25,"column":4},"end":{"line":26,"column":72}},"5":{"start":{"line":27,"column":4},"end":{"line":28,"column":86}},"6":{"start":{"line":32,"column":22},"end":{"line":32,"column":32}},"7":{"start":{"line":34,"column":4},"end":{"line":60,"column":6}}},"fnMap":{"0":{"name":"(anonymous_0)","decl":{"start":{"line":22,"column":2},"end":{"line":22,"column":3}},"loc":{"start":{"line":22,"column":22},"end":{"line":29,"column":3}},"line":22},"1":{"name":"(anonymous_1)","decl":{"start":{"line":31,"column":2},"end":{"line":31,"column":3}},"loc":{"start":{"line":31,"column":11},"end":{"line":61,"column":3}},"line":31}},"branchMap":{},"s":{"0":0,"1":0,"2":0,"3":0,"4":0,"5":0,"6":0,"7":0},"f":{"0":0,"1":0},"b":{}}
,"/home/circleci/repo/src/components/NavItem/NavItem.jsx": {"path":"/home/circleci/repo/src/components/NavItem/NavItem.jsx","statementMap":{"0":{"start":{"line":6,"column":21},"end":{"line":16,"column":3}},"1":{"start":{"line":18,"column":24},"end":{"line":25,"column":3}},"2":{"start":{"line":28,"column":4},"end":{"line":28,"column":17}},"3":{"start":{"line":30,"column":4},"end":{"line":32,"column":6}},"4":{"start":{"line":35,"column":21},"end":{"line":39,"column":3}},"5":{"start":{"line":36,"column":4},"end":{"line":38,"column":7}},"6":{"start":{"line":41,"column":21},"end":{"line":45,"column":3}},"7":{"start":{"line":42,"column":4},"end":{"line":44,"column":7}},"8":{"start":{"line":47,"column":16},"end":{"line":53,"column":3}},"9":{"start":{"line":48,"column":4},"end":{"line":50,"column":7}},"10":{"start":{"line":51,"column":4},"end":{"line":51,"column":26}},"11":{"start":{"line":52,"column":4},"end":{"line":52,"column":52}},"12":{"start":{"line":63,"column":8},"end":{"line":63,"column":18}},"13":{"start":{"line":64,"column":22},"end":{"line":64,"column":32}},"14":{"start":{"line":66,"column":4},"end":{"line":78,"column":6}}},"fnMap":{"0":{"name":"(anonymous_0)","decl":{"start":{"line":27,"column":2},"end":{"line":27,"column":3}},"loc":{"start":{"line":27,"column":21},"end":{"line":33,"column":3}},"line":27},"1":{"name":"(anonymous_1)","decl":{"start":{"line":35,"column":21},"end":{"line":35,"column":22}},"loc":{"start":{"line":35,"column":27},"end":{"line":39,"column":3}},"line":35},"2":{"name":"(anonymous_2)","decl":{"start":{"line":41,"column":21},"end":{"line":41,"column":22}},"loc":{"start":{"line":41,"column":27},"end":{"line":45,"column":3}},"line":41},"3":{"name":"(anonymous_3)","decl":{"start":{"line":47,"column":16},"end":{"line":47,"column":17}},"loc":{"start":{"line":47,"column":22},"end":{"line":53,"column":3}},"line":47},"4":{"name":"(anonymous_4)","decl":{"start":{"line":55,"column":2},"end":{"line":55,"column":3}},"loc":{"start":{"line":55,"column":11},"end":{"line":79,"column":3}},"line":55}},"branchMap":{"0":{"loc":{"start":{"line":69,"column":34},"end":{"line":69,"column":67}},"type":"cond-expr","locations":[{"start":{"line":69,"column":42},"end":{"line":69,"column":62}},{"start":{"line":69,"column":65},"end":{"line":69,"column":67}}],"line":69}},"s":{"0":0,"1":0,"2":0,"3":0,"4":0,"5":0,"6":0,"7":0,"8":0,"9":0,"10":0,"11":0,"12":0,"13":0,"14":0},"f":{"0":0,"1":0,"2":0,"3":0,"4":0},"b":{"0":[0,0]}}
,"/home/circleci/repo/src/components/Navbar/Navbar.jsx": {"path":"/home/circleci/repo/src/components/Navbar/Navbar.jsx","statementMap":{"0":{"start":{"line":11,"column":21},"end":{"line":13,"column":3}},"1":{"start":{"line":16,"column":33},"end":{"line":16,"column":39}},"2":{"start":{"line":19,"column":4},"end":{"line":36,"column":6}},"3":{"start":{"line":34,"column":8},"end":{"line":34,"column":29}},"4":{"start":{"line":40,"column":4},"end":{"line":40,"column":17}},"5":{"start":{"line":41,"column":4},"end":{"line":41,"column":36}},"6":{"start":{"line":42,"column":4},"end":{"line":42,"column":42}},"7":{"start":{"line":44,"column":4},"end":{"line":54,"column":6}},"8":{"start":{"line":58,"column":22},"end":{"line":58,"column":32}},"9":{"start":{"line":59,"column":25},"end":{"line":59,"column":44}},"10":{"start":{"line":60,"column":4},"end":{"line":60,"column":57}},"11":{"start":{"line":61,"column":4},"end":{"line":61,"column":59}},"12":{"start":{"line":63,"column":4},"end":{"line":66,"column":7}},"13":{"start":{"line":70,"column":4},"end":{"line":70,"column":60}},"14":{"start":{"line":71,"column":4},"end":{"line":71,"column":30}},"15":{"start":{"line":74,"column":17},"end":{"line":93,"column":3}},"16":{"start":{"line":75,"column":26},"end":{"line":75,"column":36}},"17":{"start":{"line":76,"column":28},"end":{"line":76,"column":38}},"18":{"start":{"line":78,"column":23},"end":{"line":78,"column":66}},"19":{"start":{"line":79,"column":24},"end":{"line":79,"column":61}},"20":{"start":{"line":81,"column":4},"end":{"line":86,"column":5}},"21":{"start":{"line":82,"column":6},"end":{"line":84,"column":9}},"22":{"start":{"line":85,"column":6},"end":{"line":85,"column":13}},"23":{"start":{"line":88,"column":4},"end":{"line":92,"column":5}},"24":{"start":{"line":89,"column":6},"end":{"line":91,"column":9}},"25":{"start":{"line":95,"column":17},"end":{"line":101,"column":3}},"26":{"start":{"line":96,"column":22},"end":{"line":96,"column":32}},"27":{"start":{"line":97,"column":25},"end":{"line":97,"column":44}},"28":{"start":{"line":98,"column":4},"end":{"line":100,"column":7}},"29":{"start":{"line":103,"column":20},"end":{"line":111,"column":3}},"30":{"start":{"line":104,"column":22},"end":{"line":104,"column":32}},"31":{"start":{"line":105,"column":25},"end":{"line":105,"column":44}},"32":{"start":{"line":106,"column":4},"end":{"line":110,"column":7}},"33":{"start":{"line":113,"column":19},"end":{"line":117,"column":3}},"34":{"start":{"line":114,"column":4},"end":{"line":116,"column":7}},"35":{"start":{"line":126,"column":8},"end":{"line":126,"column":18}},"36":{"start":{"line":128,"column":4},"end":{"line":165,"column":6}},"37":{"start":{"line":137,"column":12},"end":{"line":153,"column":17}}},"fnMap":{"0":{"name":"(anonymous_0)","decl":{"start":{"line":15,"column":2},"end":{"line":15,"column":3}},"loc":{"start":{"line":15,"column":36},"end":{"line":37,"column":3}},"line":15},"1":{"name":"(anonymous_1)","decl":{"start":{"line":33,"column":30},"end":{"line":33,"column":31}},"loc":{"start":{"line":33,"column":48},"end":{"line":35,"column":7}},"line":33},"2":{"name":"(anonymous_2)","decl":{"start":{"line":39,"column":2},"end":{"line":39,"column":3}},"loc":{"start":{"line":39,"column":21},"end":{"line":55,"column":3}},"line":39},"3":{"name":"(anonymous_3)","decl":{"start":{"line":57,"column":2},"end":{"line":57,"column":3}},"loc":{"start":{"line":57,"column":22},"end":{"line":67,"column":3}},"line":57},"4":{"name":"(anonymous_4)","decl":{"start":{"line":69,"column":2},"end":{"line":69,"column":3}},"loc":{"start":{"line":69,"column":25},"end":{"line":72,"column":3}},"line":69},"5":{"name":"(anonymous_5)","decl":{"start":{"line":74,"column":17},"end":{"line":74,"column":18}},"loc":{"start":{"line":74,"column":23},"end":{"line":93,"column":3}},"line":74},"6":{"name":"(anonymous_6)","decl":{"start":{"line":95,"column":17},"end":{"line":95,"column":18}},"loc":{"start":{"line":95,"column":23},"end":{"line":101,"column":3}},"line":95},"7":{"name":"(anonymous_7)","decl":{"start":{"line":103,"column":20},"end":{"line":103,"column":21}},"loc":{"start":{"line":103,"column":31},"end":{"line":111,"column":3}},"line":103},"8":{"name":"(anonymous_8)","decl":{"start":{"line":113,"column":19},"end":{"line":113,"column":20}},"loc":{"start":{"line":113,"column":25},"end":{"line":117,"column":3}},"line":113},"9":{"name":"(anonymous_9)","decl":{"start":{"line":119,"column":2},"end":{"line":119,"column":3}},"loc":{"start":{"line":119,"column":11},"end":{"line":166,"column":3}},"line":119},"10":{"name":"(anonymous_10)","decl":{"start":{"line":136,"column":21},"end":{"line":136,"column":22}},"loc":{"start":{"line":137,"column":12},"end":{"line":153,"column":17}},"line":137}},"branchMap":{"0":{"loc":{"start":{"line":21,"column":6},"end":{"line":27,"column":25}},"type":"cond-expr","locations":[{"start":{"line":24,"column":10},"end":{"line":24,"column":30}},{"start":{"line":27,"column":10},"end":{"line":27,"column":25}}],"line":21},"1":{"loc":{"start":{"line":65,"column":23},"end":{"line":65,"column":63}},"type":"binary-expr","locations":[{"start":{"line":65,"column":23},"end":{"line":65,"column":35}},{"start":{"line":65,"column":39},"end":{"line":65,"column":63}}],"line":65},"2":{"loc":{"start":{"line":79,"column":24},"end":{"line":79,"column":61}},"type":"binary-expr","locations":[{"start":{"line":79,"column":24},"end":{"line":79,"column":39}},{"start":{"line":79,"column":43},"end":{"line":79,"column":61}}],"line":79},"3":{"loc":{"start":{"line":81,"column":4},"end":{"line":86,"column":5}},"type":"if","locations":[{"start":{"line":81,"column":4},"end":{"line":86,"column":5}},{"start":{"line":81,"column":4},"end":{"line":86,"column":5}}],"line":81},"4":{"loc":{"start":{"line":81,"column":8},"end":{"line":81,"column":34}},"type":"binary-expr","locations":[{"start":{"line":81,"column":8},"end":{"line":81,"column":24}},{"start":{"line":81,"column":28},"end":{"line":81,"column":34}}],"line":81},"5":{"loc":{"start":{"line":88,"column":4},"end":{"line":92,"column":5}},"type":"if","locations":[{"start":{"line":88,"column":4},"end":{"line":92,"column":5}},{"start":{"line":88,"column":4},"end":{"line":92,"column":5}}],"line":88},"6":{"loc":{"start":{"line":88,"column":8},"end":{"line":88,"column":30}},"type":"binary-expr","locations":[{"start":{"line":88,"column":8},"end":{"line":88,"column":19}},{"start":{"line":88,"column":23},"end":{"line":88,"column":30}}],"line":88},"7":{"loc":{"start":{"line":99,"column":23},"end":{"line":99,"column":63}},"type":"binary-expr","locations":[{"start":{"line":99,"column":23},"end":{"line":99,"column":35}},{"start":{"line":99,"column":39},"end":{"line":99,"column":63}}],"line":99},"8":{"loc":{"start":{"line":108,"column":23},"end":{"line":108,"column":63}},"type":"binary-expr","locations":[{"start":{"line":108,"column":23},"end":{"line":108,"column":35}},{"start":{"line":108,"column":39},"end":{"line":108,"column":63}}],"line":108},"9":{"loc":{"start":{"line":130,"column":38},"end":{"line":130,"column":82}},"type":"cond-expr","locations":[{"start":{"line":130,"column":47},"end":{"line":130,"column":77}},{"start":{"line":130,"column":80},"end":{"line":130,"column":82}}],"line":130},"10":{"loc":{"start":{"line":135,"column":39},"end":{"line":135,"column":80}},"type":"cond-expr","locations":[{"start":{"line":135,"column":48},"end":{"line":135,"column":75}},{"start":{"line":135,"column":78},"end":{"line":135,"column":80}}],"line":135},"11":{"loc":{"start":{"line":144,"column":49},"end":{"line":144,"column":96}},"type":"cond-expr","locations":[{"start":{"line":144,"column":58},"end":{"line":144,"column":91}},{"start":{"line":144,"column":94},"end":{"line":144,"column":96}}],"line":144},"12":{"loc":{"start":{"line":160,"column":22},"end":{"line":160,"column":50}},"type":"cond-expr","locations":[{"start":{"line":160,"column":41},"end":{"line":160,"column":46}},{"start":{"line":160,"column":49},"end":{"line":160,"column":50}}],"line":160}},"s":{"0":0,"1":0,"2":0,"3":0,"4":0,"5":0,"6":0,"7":0,"8":0,"9":0,"10":0,"11":0,"12":0,"13":0,"14":0,"15":0,"16":0,"17":0,"18":0,"19":0,"20":0,"21":0,"22":0,"23":0,"24":0,"25":0,"26":0,"27":0,"28":0,"29":0,"30":0,"31":0,"32":0,"33":0,"34":0,"35":0,"36":0,"37":0},"f":{"0":0,"1":0,"2":0,"3":0,"4":0,"5":0,"6":0,"7":0,"8":0,"9":0,"10":0},"b":{"0":[0,0],"1":[0,0],"2":[0,0],"3":[0,0],"4":[0,0],"5":[0,0],"6":[0,0],"7":[0,0],"8":[0,0],"9":[0,0],"10":[0,0],"11":[0,0],"12":[0,0]}}
,"/home/circleci/repo/src/components/PDFResume/PDFResume.jsx": {"path":"/home/circleci/repo/src/components/PDFResume/PDFResume.jsx","statementMap":{"0":{"start":{"line":9,"column":10},"end":{"line":11,"column":3}},"1":{"start":{"line":13,"column":26},"end":{"line":15,"column":3}},"2":{"start":{"line":14,"column":4},"end":{"line":14,"column":32}},"3":{"start":{"line":18,"column":25},"end":{"line":18,"column":35}},"4":{"start":{"line":20,"column":4},"end":{"line":36,"column":6}},"5":{"start":{"line":28,"column":12},"end":{"line":32,"column":14}}},"fnMap":{"0":{"name":"(anonymous_0)","decl":{"start":{"line":13,"column":26},"end":{"line":13,"column":27}},"loc":{"start":{"line":13,"column":44},"end":{"line":15,"column":3}},"line":13},"1":{"name":"(anonymous_1)","decl":{"start":{"line":17,"column":2},"end":{"line":17,"column":3}},"loc":{"start":{"line":17,"column":11},"end":{"line":37,"column":3}},"line":17},"2":{"name":"(anonymous_2)","decl":{"start":{"line":27,"column":43},"end":{"line":27,"column":44}},"loc":{"start":{"line":28,"column":12},"end":{"line":32,"column":14}},"line":28}},"branchMap":{},"s":{"0":0,"1":0,"2":0,"3":0,"4":0,"5":0},"f":{"0":0,"1":0,"2":0},"b":{}}
,"/home/circleci/repo/src/components/ProgressIndicator/ProgressIndicator.jsx": {"path":"/home/circleci/repo/src/components/ProgressIndicator/ProgressIndicator.jsx","statementMap":{"0":{"start":{"line":8,"column":21},"end":{"line":12,"column":3}},"1":{"start":{"line":15,"column":4},"end":{"line":15,"column":17}},"2":{"start":{"line":16,"column":4},"end":{"line":18,"column":6}},"3":{"start":{"line":22,"column":4},"end":{"line":22,"column":67}},"4":{"start":{"line":22,"column":37},"end":{"line":22,"column":59}},"5":{"start":{"line":26,"column":4},"end":{"line":26,"column":30}},"6":{"start":{"line":29,"column":19},"end":{"line":45,"column":3}},"7":{"start":{"line":33,"column":8},"end":{"line":33,"column":18}},"8":{"start":{"line":34,"column":24},"end":{"line":34,"column":34}},"9":{"start":{"line":35,"column":4},"end":{"line":35,"column":45}},"10":{"start":{"line":37,"column":19},"end":{"line":37,"column":56}},"11":{"start":{"line":38,"column":20},"end":{"line":38,"column":56}},"12":{"start":{"line":40,"column":4},"end":{"line":44,"column":7}},"13":{"start":{"line":41,"column":6},"end":{"line":43,"column":9}},"14":{"start":{"line":48,"column":25},"end":{"line":48,"column":35}},"15":{"start":{"line":50,"column":4},"end":{"line":59,"column":6}}},"fnMap":{"0":{"name":"(anonymous_0)","decl":{"start":{"line":14,"column":2},"end":{"line":14,"column":3}},"loc":{"start":{"line":14,"column":21},"end":{"line":19,"column":3}},"line":14},"1":{"name":"(anonymous_1)","decl":{"start":{"line":21,"column":2},"end":{"line":21,"column":3}},"loc":{"start":{"line":21,"column":22},"end":{"line":23,"column":3}},"line":21},"2":{"name":"(anonymous_2)","decl":{"start":{"line":22,"column":29},"end":{"line":22,"column":30}},"loc":{"start":{"line":22,"column":35},"end":{"line":22,"column":61}},"line":22},"3":{"name":"(anonymous_3)","decl":{"start":{"line":25,"column":2},"end":{"line":25,"column":3}},"loc":{"start":{"line":25,"column":25},"end":{"line":27,"column":3}},"line":25},"4":{"name":"(anonymous_4)","decl":{"start":{"line":29,"column":19},"end":{"line":29,"column":20}},"loc":{"start":{"line":29,"column":25},"end":{"line":45,"column":3}},"line":29},"5":{"name":"(anonymous_5)","decl":{"start":{"line":40,"column":26},"end":{"line":40,"column":27}},"loc":{"start":{"line":40,"column":32},"end":{"line":44,"column":5}},"line":40},"6":{"name":"(anonymous_6)","decl":{"start":{"line":47,"column":2},"end":{"line":47,"column":3}},"loc":{"start":{"line":47,"column":11},"end":{"line":60,"column":3}},"line":47}},"branchMap":{},"s":{"0":0,"1":0,"2":0,"3":0,"4":0,"5":0,"6":0,"7":0,"8":0,"9":0,"10":0,"11":0,"12":0,"13":0,"14":0,"15":0},"f":{"0":0,"1":0,"2":0,"3":0,"4":0,"5":0,"6":0},"b":{}}
,"/home/circleci/repo/src/components/TOCButton/TOCButton.jsx": {"path":"/home/circleci/repo/src/components/TOCButton/TOCButton.jsx","statementMap":{"0":{"start":{"line":11,"column":0},"end":{"line":11,"column":24}},"1":{"start":{"line":14,"column":21},"end":{"line":16,"column":3}},"2":{"start":{"line":19,"column":4},"end":{"line":19,"column":17}},"3":{"start":{"line":21,"column":4},"end":{"line":23,"column":6}},"4":{"start":{"line":27,"column":4},"end":{"line":27,"column":66}},"5":{"start":{"line":27,"column":37},"end":{"line":27,"column":58}},"6":{"start":{"line":30,"column":18},"end":{"line":40,"column":3}},"7":{"start":{"line":31,"column":24},"end":{"line":31,"column":34}},"8":{"start":{"line":32,"column":26},"end":{"line":32,"column":36}},"9":{"start":{"line":33,"column":21},"end":{"line":33,"column":36}},"10":{"start":{"line":35,"column":4},"end":{"line":39,"column":5}},"11":{"start":{"line":36,"column":6},"end":{"line":38,"column":9}},"12":{"start":{"line":42,"column":22},"end":{"line":60,"column":3}},"13":{"start":{"line":43,"column":4},"end":{"line":43,"column":27}},"14":{"start":{"line":45,"column":4},"end":{"line":49,"column":7}},"15":{"start":{"line":51,"column":28},"end":{"line":51,"column":90}},"16":{"start":{"line":52,"column":4},"end":{"line":54,"column":5}},"17":{"start":{"line":53,"column":6},"end":{"line":53,"column":13}},"18":{"start":{"line":55,"column":4},"end":{"line":59,"column":7}},"19":{"start":{"line":63,"column":24},"end":{"line":63,"column":34}},"20":{"start":{"line":65,"column":4},"end":{"line":77,"column":6}}},"fnMap":{"0":{"name":"(anonymous_0)","decl":{"start":{"line":18,"column":2},"end":{"line":18,"column":3}},"loc":{"start":{"line":18,"column":21},"end":{"line":24,"column":3}},"line":18},"1":{"name":"(anonymous_1)","decl":{"start":{"line":26,"column":2},"end":{"line":26,"column":3}},"loc":{"start":{"line":26,"column":22},"end":{"line":28,"column":3}},"line":26},"2":{"name":"(anonymous_2)","decl":{"start":{"line":27,"column":29},"end":{"line":27,"column":30}},"loc":{"start":{"line":27,"column":35},"end":{"line":27,"column":60}},"line":27},"3":{"name":"(anonymous_3)","decl":{"start":{"line":30,"column":18},"end":{"line":30,"column":19}},"loc":{"start":{"line":30,"column":24},"end":{"line":40,"column":3}},"line":30},"4":{"name":"(anonymous_4)","decl":{"start":{"line":42,"column":22},"end":{"line":42,"column":23}},"loc":{"start":{"line":42,"column":33},"end":{"line":60,"column":3}},"line":42},"5":{"name":"(anonymous_5)","decl":{"start":{"line":62,"column":2},"end":{"line":62,"column":3}},"loc":{"start":{"line":62,"column":11},"end":{"line":78,"column":3}},"line":62}},"branchMap":{"0":{"loc":{"start":{"line":35,"column":4},"end":{"line":39,"column":5}},"type":"if","locations":[{"start":{"line":35,"column":4},"end":{"line":39,"column":5}},{"start":{"line":35,"column":4},"end":{"line":39,"column":5}}],"line":35},"1":{"loc":{"start":{"line":51,"column":28},"end":{"line":51,"column":90}},"type":"cond-expr","locations":[{"start":{"line":51,"column":43},"end":{"line":51,"column":82}},{"start":{"line":51,"column":85},"end":{"line":51,"column":90}}],"line":51},"2":{"loc":{"start":{"line":52,"column":4},"end":{"line":54,"column":5}},"type":"if","locations":[{"start":{"line":52,"column":4},"end":{"line":54,"column":5}},{"start":{"line":52,"column":4},"end":{"line":54,"column":5}}],"line":52},"3":{"loc":{"start":{"line":67,"column":38},"end":{"line":67,"column":84}},"type":"cond-expr","locations":[{"start":{"line":67,"column":48},"end":{"line":67,"column":79}},{"start":{"line":67,"column":82},"end":{"line":67,"column":84}}],"line":67}},"s":{"0":0,"1":0,"2":0,"3":0,"4":0,"5":0,"6":0,"7":0,"8":0,"9":0,"10":0,"11":0,"12":0,"13":0,"14":0,"15":0,"16":0,"17":0,"18":0,"19":0,"20":0},"f":{"0":0,"1":0,"2":0,"3":0,"4":0,"5":0},"b":{"0":[0,0],"1":[0,0],"2":[0,0],"3":[0,0]}}
,"/home/circleci/repo/src/containers/BadgeContainer/BadgeContainer.jsx": {"path":"/home/circleci/repo/src/containers/BadgeContainer/BadgeContainer.jsx","statementMap":{"0":{"start":{"line":13,"column":4},"end":{"line":21,"column":6}}},"fnMap":{"0":{"name":"(anonymous_0)","decl":{"start":{"line":12,"column":2},"end":{"line":12,"column":3}},"loc":{"start":{"line":12,"column":11},"end":{"line":22,"column":3}},"line":12}},"branchMap":{},"s":{"0":0},"f":{"0":0},"b":{}}
,"/home/circleci/repo/src/containers/ContentPage/ContentPage.jsx": {"path":"/home/circleci/repo/src/containers/ContentPage/ContentPage.jsx","statementMap":{"0":{"start":{"line":14,"column":21},"end":{"line":24,"column":3}},"1":{"start":{"line":27,"column":26},"end":{"line":27,"column":36}},"2":{"start":{"line":28,"column":4},"end":{"line":28,"column":16}},"3":{"start":{"line":32,"column":36},"end":{"line":32,"column":46}},"4":{"start":{"line":33,"column":4},"end":{"line":35,"column":5}},"5":{"start":{"line":34,"column":6},"end":{"line":34,"column":33}},"6":{"start":{"line":39,"column":35},"end":{"line":39,"column":45}},"7":{"start":{"line":40,"column":39},"end":{"line":40,"column":46}},"8":{"start":{"line":42,"column":4},"end":{"line":57,"column":11}},"9":{"start":{"line":61,"column":24},"end":{"line":87,"column":1}},"10":{"start":{"line":62,"column":19},"end":{"line":62,"column":40}},"11":{"start":{"line":63,"column":23},"end":{"line":63,"column":28}},"12":{"start":{"line":65,"column":19},"end":{"line":65,"column":24}},"13":{"start":{"line":66,"column":16},"end":{"line":66,"column":18}},"14":{"start":{"line":68,"column":2},"end":{"line":78,"column":3}},"15":{"start":{"line":70,"column":20},"end":{"line":70,"column":38}},"16":{"start":{"line":71,"column":27},"end":{"line":71,"column":85}},"17":{"start":{"line":71,"column":67},"end":{"line":71,"column":84}},"18":{"start":{"line":73,"column":4},"end":{"line":77,"column":5}},"19":{"start":{"line":74,"column":6},"end":{"line":74,"column":24}},"20":{"start":{"line":76,"column":6},"end":{"line":76,"column":69}},"21":{"start":{"line":80,"column":2},"end":{"line":86,"column":4}},"22":{"start":{"line":89,"column":27},"end":{"line":91,"column":2}},"23":{"start":{"line":89,"column":40},"end":{"line":91,"column":1}},"24":{"start":{"line":90,"column":21},"end":{"line":90,"column":51}}},"fnMap":{"0":{"name":"(anonymous_0)","decl":{"start":{"line":26,"column":2},"end":{"line":26,"column":3}},"loc":{"start":{"line":26,"column":22},"end":{"line":29,"column":3}},"line":26},"1":{"name":"(anonymous_1)","decl":{"start":{"line":31,"column":2},"end":{"line":31,"column":3}},"loc":{"start":{"line":31,"column":23},"end":{"line":36,"column":3}},"line":31},"2":{"name":"(anonymous_2)","decl":{"start":{"line":38,"column":2},"end":{"line":38,"column":3}},"loc":{"start":{"line":38,"column":11},"end":{"line":58,"column":3}},"line":38},"3":{"name":"(anonymous_3)","decl":{"start":{"line":61,"column":24},"end":{"line":61,"column":25}},"loc":{"start":{"line":61,"column":45},"end":{"line":87,"column":1}},"line":61},"4":{"name":"(anonymous_4)","decl":{"start":{"line":71,"column":60},"end":{"line":71,"column":61}},"loc":{"start":{"line":71,"column":67},"end":{"line":71,"column":84}},"line":71},"5":{"name":"(anonymous_5)","decl":{"start":{"line":89,"column":27},"end":{"line":89,"column":28}},"loc":{"start":{"line":89,"column":40},"end":{"line":91,"column":1}},"line":89},"6":{"name":"(anonymous_6)","decl":{"start":{"line":90,"column":13},"end":{"line":90,"column":14}},"loc":{"start":{"line":90,"column":19},"end":{"line":90,"column":53}},"line":90}},"branchMap":{"0":{"loc":{"start":{"line":33,"column":4},"end":{"line":35,"column":5}},"type":"if","locations":[{"start":{"line":33,"column":4},"end":{"line":35,"column":5}},{"start":{"line":33,"column":4},"end":{"line":35,"column":5}}],"line":33},"1":{"loc":{"start":{"line":43,"column":6},"end":{"line":57,"column":9}},"type":"cond-expr","locations":[{"start":{"line":44,"column":10},"end":{"line":44,"column":44}},{"start":{"line":46,"column":10},"end":{"line":56,"column":17}}],"line":43},"2":{"loc":{"start":{"line":68,"column":2},"end":{"line":78,"column":3}},"type":"if","locations":[{"start":{"line":68,"column":2},"end":{"line":78,"column":3}},{"start":{"line":68,"column":2},"end":{"line":78,"column":3}}],"line":68},"3":{"loc":{"start":{"line":68,"column":6},"end":{"line":69,"column":30}},"type":"binary-expr","locations":[{"start":{"line":68,"column":6},"end":{"line":68,"column":20}},{"start":{"line":69,"column":9},"end":{"line":69,"column":30}}],"line":68},"4":{"loc":{"start":{"line":71,"column":27},"end":{"line":71,"column":85}},"type":"binary-expr","locations":[{"start":{"line":71,"column":27},"end":{"line":71,"column":34}},{"start":{"line":71,"column":38},"end":{"line":71,"column":85}}],"line":71},"5":{"loc":{"start":{"line":73,"column":4},"end":{"line":77,"column":5}},"type":"if","locations":[{"start":{"line":73,"column":4},"end":{"line":77,"column":5}},{"start":{"line":73,"column":4},"end":{"line":77,"column":5}}],"line":73},"6":{"loc":{"start":{"line":73,"column":8},"end":{"line":73,"column":41}},"type":"binary-expr","locations":[{"start":{"line":73,"column":8},"end":{"line":73,"column":30}},{"start":{"line":73,"column":34},"end":{"line":73,"column":41}}],"line":73},"7":{"loc":{"start":{"line":76,"column":25},"end":{"line":76,"column":66}},"type":"cond-expr","locations":[{"start":{"line":76,"column":35},"end":{"line":76,"column":49}},{"start":{"line":76,"column":52},"end":{"line":76,"column":66}}],"line":76}},"s":{"0":0,"1":0,"2":0,"3":0,"4":0,"5":0,"6":0,"7":0,"8":0,"9":0,"10":0,"11":0,"12":0,"13":0,"14":0,"15":0,"16":0,"17":0,"18":0,"19":0,"20":0,"21":0,"22":0,"23":0,"24":0},"f":{"0":0,"1":0,"2":0,"3":0,"4":0,"5":0,"6":0},"b":{"0":[0,0],"1":[0,0],"2":[0,0],"3":[0,0],"4":[0,0],"5":[0,0],"6":[0,0],"7":[0,0]}}
,"/home/circleci/repo/src/containers/ContentPage/actions.js": {"path":"/home/circleci/repo/src/containers/ContentPage/actions.js","statementMap":{"0":{"start":{"line":4,"column":2},"end":{"line":7,"column":4}},"1":{"start":{"line":11,"column":2},"end":{"line":14,"column":4}},"2":{"start":{"line":18,"column":2},"end":{"line":21,"column":4}},"3":{"start":{"line":25,"column":2},"end":{"line":35,"column":4}},"4":{"start":{"line":26,"column":4},"end":{"line":26,"column":38}},"5":{"start":{"line":28,"column":4},"end":{"line":34,"column":5}},"6":{"start":{"line":29,"column":20},"end":{"line":29,"column":39}},"7":{"start":{"line":30,"column":6},"end":{"line":30,"column":41}},"8":{"start":{"line":31,"column":6},"end":{"line":31,"column":48}},"9":{"start":{"line":33,"column":6},"end":{"line":33,"column":41}}},"fnMap":{"0":{"name":"articlesHasErrored","decl":{"start":{"line":3,"column":16},"end":{"line":3,"column":34}},"loc":{"start":{"line":3,"column":41},"end":{"line":8,"column":1}},"line":3},"1":{"name":"articlesIsLoading","decl":{"start":{"line":10,"column":16},"end":{"line":10,"column":33}},"loc":{"start":{"line":10,"column":40},"end":{"line":15,"column":1}},"line":10},"2":{"name":"articlesFetchDataSuccess","decl":{"start":{"line":17,"column":16},"end":{"line":17,"column":40}},"loc":{"start":{"line":17,"column":51},"end":{"line":22,"column":1}},"line":17},"3":{"name":"articlesFetchData","decl":{"start":{"line":24,"column":16},"end":{"line":24,"column":33}},"loc":{"start":{"line":24,"column":36},"end":{"line":36,"column":1}},"line":24},"4":{"name":"(anonymous_4)","decl":{"start":{"line":25,"column":9},"end":{"line":25,"column":10}},"loc":{"start":{"line":25,"column":29},"end":{"line":35,"column":3}},"line":25}},"branchMap":{},"s":{"0":0,"1":0,"2":0,"3":0,"4":0,"5":0,"6":0,"7":0,"8":0,"9":0},"f":{"0":0,"1":0,"2":0,"3":0,"4":0},"b":{}}
,"/home/circleci/repo/src/containers/ContentPage/model.js": {"path":"/home/circleci/repo/src/containers/ContentPage/model.js","statementMap":{"0":{"start":{"line":4,"column":29},"end":{"line":11,"column":10}},"1":{"start":{"line":5,"column":28},"end":{"line":5,"column":54}},"2":{"start":{"line":6,"column":4},"end":{"line":9,"column":5}},"3":{"start":{"line":7,"column":6},"end":{"line":7,"column":79}},"4":{"start":{"line":8,"column":6},"end":{"line":8,"column":42}},"5":{"start":{"line":10,"column":4},"end":{"line":10,"column":39}},"6":{"start":{"line":13,"column":2},"end":{"line":13,"column":28}}},"fnMap":{"0":{"name":"deserialize","decl":{"start":{"line":3,"column":9},"end":{"line":3,"column":20}},"loc":{"start":{"line":3,"column":30},"end":{"line":14,"column":1}},"line":3},"1":{"name":"(anonymous_1)","decl":{"start":{"line":4,"column":46},"end":{"line":4,"column":47}},"loc":{"start":{"line":4,"column":59},"end":{"line":11,"column":3}},"line":4}},"branchMap":{"0":{"loc":{"start":{"line":4,"column":29},"end":{"line":11,"column":10}},"type":"binary-expr","locations":[{"start":{"line":4,"column":29},"end":{"line":11,"column":4}},{"start":{"line":11,"column":8},"end":{"line":11,"column":10}}],"line":4},"1":{"loc":{"start":{"line":6,"column":4},"end":{"line":9,"column":5}},"type":"if","locations":[{"start":{"line":6,"column":4},"end":{"line":9,"column":5}},{"start":{"line":6,"column":4},"end":{"line":9,"column":5}}],"line":6}},"s":{"0":0,"1":0,"2":0,"3":0,"4":0,"5":0,"6":0},"f":{"0":0,"1":0},"b":{"0":[0,0],"1":[0,0]}}
,"/home/circleci/repo/src/containers/ContentPage/reducers.js": {"path":"/home/circleci/repo/src/containers/ContentPage/reducers.js","statementMap":{"0":{"start":{"line":1,"column":21},"end":{"line":5,"column":1}},"1":{"start":{"line":8,"column":2},"end":{"line":28,"column":3}},"2":{"start":{"line":10,"column":6},"end":{"line":14,"column":8}},"3":{"start":{"line":16,"column":6},"end":{"line":19,"column":8}},"4":{"start":{"line":21,"column":6},"end":{"line":25,"column":8}},"5":{"start":{"line":27,"column":6},"end":{"line":27,"column":19}}},"fnMap":{"0":{"name":"articles","decl":{"start":{"line":7,"column":9},"end":{"line":7,"column":17}},"loc":{"start":{"line":7,"column":48},"end":{"line":29,"column":1}},"line":7}},"branchMap":{"0":{"loc":{"start":{"line":7,"column":18},"end":{"line":7,"column":38}},"type":"default-arg","locations":[{"start":{"line":7,"column":26},"end":{"line":7,"column":38}}],"line":7},"1":{"loc":{"start":{"line":8,"column":2},"end":{"line":28,"column":3}},"type":"switch","locations":[{"start":{"line":9,"column":4},"end":{"line":14,"column":8}},{"start":{"line":15,"column":4},"end":{"line":19,"column":8}},{"start":{"line":20,"column":4},"end":{"line":25,"column":8}},{"start":{"line":26,"column":4},"end":{"line":27,"column":19}}],"line":8}},"s":{"0":0,"1":0,"2":0,"3":0,"4":0,"5":0},"f":{"0":0},"b":{"0":[0],"1":[0,0,0,0]}}
[...]
js": {"path":"/home/circleci/repo/src/containers/ResumePage/model.js","statementMap":{"0":{"start":{"line":4,"column":29},"end":{"line":4,"column":36}},"1":{"start":{"line":6,"column":24},"end":{"line":26,"column":4}},"2":{"start":{"line":7,"column":25},"end":{"line":7,"column":49}},"3":{"start":{"line":8,"column":4},"end":{"line":8,"column":75}},"4":{"start":{"line":10,"column":25},"end":{"line":14,"column":11}},"5":{"start":{"line":16,"column":18},"end":{"line":19,"column":6}},"6":{"start":{"line":16,"column":43},"end":{"line":19,"column":5}},"7":{"start":{"line":18,"column":28},"end":{"line":18,"column":71}},"8":{"start":{"line":21,"column":4},"end":{"line":21,"column":33}},"9":{"start":{"line":22,"column":4},"end":{"line":22,"column":37}},"10":{"start":{"line":23,"column":4},"end":{"line":23,"column":40}},"11":{"start":{"line":25,"column":4},"end":{"line":25,"column":36}},"12":{"start":{"line":28,"column":2},"end":{"line":28,"column":23}}},"fnMap":{"0":{"name":"deserialize","decl":{"start":{"line":3,"column":9},"end":{"line":3,"column":20}},"loc":{"start":{"line":3,"column":30},"end":{"line":29,"column":1}},"line":3},"1":{"name":"(anonymous_1)","decl":{"start":{"line":6,"column":33},"end":{"line":6,"column":34}},"loc":{"start":{"line":6,"column":44},"end":{"line":26,"column":3}},"line":6},"2":{"name":"(anonymous_2)","decl":{"start":{"line":16,"column":35},"end":{"line":16,"column":36}},"loc":{"start":{"line":16,"column":43},"end":{"line":19,"column":5}},"line":16},"3":{"name":"(anonymous_3)","decl":{"start":{"line":18,"column":20},"end":{"line":18,"column":21}},"loc":{"start":{"line":18,"column":28},"end":{"line":18,"column":71}},"line":18}},"branchMap":{"0":{"loc":{"start":{"line":8,"column":51},"end":{"line":8,"column":73}},"type":"binary-expr","locations":[{"start":{"line":8,"column":51},"end":{"line":8,"column":67}},{"start":{"line":8,"column":71},"end":{"line":8,"column":73}}],"line":8},"1":{"loc":{"start":{"line":10,"column":25},"end":{"line":14,"column":11}},"type":"binary-expr","locations":[{"start":{"line":11,"column":6},"end":{"line":11,"column":34}},{"start":{"line":12,"column":9},"end":{"line":12,"column":43}},{"start":{"line":13,"column":9},"end":{"line":13,"column":48}},{"start":{"line":14,"column":9},"end":{"line":14,"column":11}}],"line":10},"2":{"loc":{"start":{"line":18,"column":28},"end":{"line":18,"column":71}},"type":"binary-expr","locations":[{"start":{"line":18,"column":28},"end":{"line":18,"column":48}},{"start":{"line":18,"column":52},"end":{"line":18,"column":71}}],"line":18}},"s":{"0":0,"1":0,"2":0,"3":0,"4":0,"5":0,"6":0,"7":0,"8":0,"9":0,"10":0,"11":0,"12":0},"f":{"0":0,"1":0,"2":0,"3":0},"b":{"0":[0,0],"1":[0,0,0,0],"2":[0,0]}}
,"/home/circleci/repo/src/containers/ResumePage/reducers.js": {"path":"/home/circleci/repo/src/containers/ResumePage/reducers.js","statementMap":{"0":{"start":{"line":1,"column":21},"end":{"line":5,"column":1}},"1":{"start":{"line":8,"column":2},"end":{"line":28,"column":3}},"2":{"start":{"line":10,"column":6},"end":{"line":14,"column":8}},"3":{"start":{"line":16,"column":6},"end":{"line":19,"column":8}},"4":{"start":{"line":21,"column":6},"end":{"line":25,"column":8}},"5":{"start":{"line":27,"column":6},"end":{"line":27,"column":19}}},"fnMap":{"0":{"name":"resume","decl":{"start":{"line":7,"column":9},"end":{"line":7,"column":15}},"loc":{"start":{"line":7,"column":46},"end":{"line":29,"column":1}},"line":7}},"branchMap":{"0":{"loc":{"start":{"line":7,"column":16},"end":{"line":7,"column":36}},"type":"default-arg","locations":[{"start":{"line":7,"column":24},"end":{"line":7,"column":36}}],"line":7},"1":{"loc":{"start":{"line":8,"column":2},"end":{"line":28,"column":3}},"type":"switch","locations":[{"start":{"line":9,"column":4},"end":{"line":14,"column":8}},{"start":{"line":15,"column":4},"end":{"line":19,"column":8}},{"start":{"line":20,"column":4},"end":{"line":25,"column":8}},{"start":{"line":26,"column":4},"end":{"line":27,"column":19}}],"line":8}},"s":{"0":0,"1":0,"2":0,"3":0,"4":0,"5":0},"f":{"0":0},"b":{"0":[0],"1":[0,0,0,0]}}
,"/home/circleci/repo/src/containers/ResumePage/services.js": {"path":"/home/circleci/repo/src/containers/ResumePage/services.js","statementMap":{"0":{"start":{"line":6,"column":13},"end":{"line":6,"column":38}},"1":{"start":{"line":8,"column":2},"end":{"line":17,"column":3}},"2":{"start":{"line":9,"column":21},"end":{"line":9,"column":66}},"3":{"start":{"line":10,"column":4},"end":{"line":12,"column":5}},"4":{"start":{"line":11,"column":6},"end":{"line":11,"column":39}},"5":{"start":{"line":14,"column":20},"end":{"line":14,"column":41}},"6":{"start":{"line":15,"column":4},"end":{"line":15,"column":32}},"7":{"start":{"line":16,"column":4},"end":{"line":16,"column":39}},"8":{"start":{"line":18,"column":2},"end":{"line":18,"column":14}}},"fnMap":{"0":{"name":"getResume","decl":{"start":{"line":5,"column":15},"end":{"line":5,"column":24}},"loc":{"start":{"line":5,"column":27},"end":{"line":19,"column":1}},"line":5}},"branchMap":{"0":{"loc":{"start":{"line":8,"column":2},"end":{"line":17,"column":3}},"type":"if","locations":[{"start":{"line":8,"column":2},"end":{"line":17,"column":3}},{"start":{"line":8,"column":2},"end":{"line":17,"column":3}}],"line":8},"1":{"loc":{"start":{"line":10,"column":4},"end":{"line":12,"column":5}},"type":"if","locations":[{"start":{"line":10,"column":4},"end":{"line":12,"column":5}},{"start":{"line":10,"column":4},"end":{"line":12,"column":5}}],"line":10}},"s":{"0":0,"1":0,"2":0,"3":0,"4":0,"5":0,"6":0,"7":0,"8":0},"f":{"0":0},"b":{"0":[0,0],"1":[0,0]}}
,"/home/circleci/repo/src/lib/PerfContext/PerfContext.jsx": {"path":"/home/circleci/repo/src/lib/PerfContext/PerfContext.jsx","statementMap":{"0":{"start":{"line":4,"column":20},"end":{"line":4,"column":41}},"1":{"start":{"line":6,"column":17},"end":{"line":6,"column":25}},"2":{"start":{"line":12,"column":21},"end":{"line":17,"column":3}},"3":{"start":{"line":19,"column":24},"end":{"line":21,"column":3}},"4":{"start":{"line":24,"column":4},"end":{"line":24,"column":17}},"5":{"start":{"line":26,"column":16},"end":{"line":26,"column":43}},"6":{"start":{"line":28,"column":4},"end":{"line":37,"column":7}},"7":{"start":{"line":41,"column":18},"end":{"line":41,"column":80}},"8":{"start":{"line":42,"column":4},"end":{"line":42,"column":61}},"9":{"start":{"line":42,"column":15},"end":{"line":42,"column":61}},"10":{"start":{"line":44,"column":4},"end":{"line":47,"column":7}},"11":{"start":{"line":51,"column":21},"end":{"line":51,"column":31}},"12":{"start":{"line":52,"column":4},"end":{"line":52,"column":35}},"13":{"start":{"line":56,"column":22},"end":{"line":56,"column":32}},"14":{"start":{"line":57,"column":4},"end":{"line":57,"column":32}},"15":{"start":{"line":60,"column":9},"end":{"line":124,"column":3}},"16":{"start":{"line":67,"column":8},"end":{"line":67,"column":18}},"17":{"start":{"line":68,"column":21},"end":{"line":68,"column":31}},"18":{"start":{"line":70,"column":18},"end":{"line":70,"column":80}},"19":{"start":{"line":73,"column":4},"end":{"line":73,"column":16}},"20":{"start":{"line":74,"column":17},"end":{"line":74,"column":44}},"21":{"start":{"line":75,"column":16},"end":{"line":75,"column":51}},"22":{"start":{"line":76,"column":4},"end":{"line":76,"column":27}},"23":{"start":{"line":79,"column":4},"end":{"line":105,"column":5}},"24":{"start":{"line":80,"column":27},"end":{"line":86,"column":8}},"25":{"start":{"line":81,"column":20},"end":{"line":81,"column":34}},"26":{"start":{"line":82,"column":8},"end":{"line":84,"column":9}},"27":{"start":{"line":83,"column":10},"end":{"line":83,"column":36}},"28":{"start":{"line":85,"column":8},"end":{"line":85,"column":19}},"29":{"start":{"line":89,"column":6},"end":{"line":89,"column":130}},"30":{"start":{"line":89,"column":17},"end":{"line":89,"column":130}},"31":{"start":{"line":90,"column":6},"end":{"line":90,"column":99}},"32":{"start":{"line":90,"column":17},"end":{"line":90,"column":99}},"33":{"start":{"line":93,"column":6},"end":{"line":100,"column":7}},"34":{"start":{"line":94,"column":8},"end":{"line":96,"column":11}},"35":{"start":{"line":97,"column":8},"end":{"line":97,"column":64}},"36":{"start":{"line":97,"column":19},"end":{"line":97,"column":64}},"37":{"start":{"line":98,"column":8},"end":{"line":98,"column":36}},"38":{"start":{"line":99,"column":8},"end":{"line":99,"column":15}},"39":{"start":{"line":103,"column":6},"end":{"line":103,"column":30}},"40":{"start":{"line":104,"column":6},"end":{"line":104,"column":38}},"41":{"start":{"line":108,"column":4},"end":{"line":118,"column":5}},"42":{"start":{"line":109,"column":6},"end":{"line":113,"column":9}},"43":{"start":{"line":115,"column":6},"end":{"line":117,"column":9}},"44":{"start":{"line":120,"column":4},"end":{"line":122,"column":7}},"45":{"start":{"line":123,"column":4},"end":{"line":123,"column":37}},"46":{"start":{"line":127,"column":25},"end":{"line":127,"column":35}},"47":{"start":{"line":128,"column":21},"end":{"line":128,"column":31}},"48":{"start":{"line":130,"column":4},"end":{"line":138,"column":6}},"49":{"start":{"line":142,"column":17},"end":{"line":153,"column":1}},"50":{"start":{"line":142,"column":36},"end":{"line":153,"column":1}},"51":{"start":{"line":143,"column":2},"end":{"line":152,"column":25}},"52":{"start":{"line":147,"column":6},"end":{"line":150,"column":8}}},"fnMap":{"0":{"name":"(anonymous_0)","decl":{"start":{"line":23,"column":2},"end":{"line":23,"column":3}},"loc":{"start":{"line":23,"column":21},"end":{"line":38,"column":3}},"line":23},"1":{"name":"(anonymous_1)","decl":{"start":{"line":40,"column":2},"end":{"line":40,"column":3}},"loc":{"start":{"line":40,"column":22},"end":{"line":48,"column":3}},"line":40},"2":{"name":"(anonymous_2)","decl":{"start":{"line":50,"column":2},"end":{"line":50,"column":3}},"loc":{"start":{"line":50,"column":46},"end":{"line":53,"column":3}},"line":50},"3":{"name":"(anonymous_3)","decl":{"start":{"line":55,"column":2},"end":{"line":55,"column":3}},"loc":{"start":{"line":55,"column":25},"end":{"line":58,"column":3}},"line":55},"4":{"name":"(anonymous_4)","decl":{"start":{"line":60,"column":9},"end":{"line":60,"column":10}},"loc":{"start":{"line":60,"column":15},"end":{"line":124,"column":3}},"line":60},"5":{"name":"(anonymous_5)","decl":{"start":{"line":80,"column":47},"end":{"line":80,"column":48}},"loc":{"start":{"line":80,"column":80},"end":{"line":86,"column":7}},"line":80},"6":{"name":"(anonymous_6)","decl":{"start":{"line":126,"column":2},"end":{"line":126,"column":3}},"loc":{"start":{"line":126,"column":11},"end":{"line":139,"column":3}},"line":126},"7":{"name":"(anonymous_7)","decl":{"start":{"line":142,"column":17},"end":{"line":142,"column":18}},"loc":{"start":{"line":142,"column":36},"end":{"line":153,"column":1}},"line":142},"8":{"name":"(anonymous_8)","decl":{"start":{"line":142,"column":36},"end":{"line":142,"column":37}},"loc":{"start":{"line":143,"column":2},"end":{"line":152,"column":25}},"line":143},"9":{"name":"(anonymous_9)","decl":{"start":{"line":144,"column":5},"end":{"line":144,"column":6}},"loc":{"start":{"line":147,"column":6},"end":{"line":150,"column":8}},"line":147}},"branchMap":{"0":{"loc":{"start":{"line":26,"column":17},"end":{"line":26,"column":36}},"type":"binary-expr","locations":[{"start":{"line":26,"column":17},"end":{"line":26,"column":28}},{"start":{"line":26,"column":32},"end":{"line":26,"column":36}}],"line":26},"1":{"loc":{"start":{"line":41,"column":18},"end":{"line":41,"column":80}},"type":"binary-expr","locations":[{"start":{"line":41,"column":18},"end":{"line":41,"column":38}},{"start":{"line":41,"column":42},"end":{"line":41,"column":80}}],"line":41},"2":{"loc":{"start":{"line":42,"column":4},"end":{"line":42,"column":61}},"type":"if","locations":[{"start":{"line":42,"column":4},"end":{"line":42,"column":61}},{"start":{"line":42,"column":4},"end":{"line":42,"column":61}}],"line":42},"3":{"loc":{"start":{"line":45,"column":18},"end":{"line":45,"column":37}},"type":"binary-expr","locations":[{"start":{"line":45,"column":18},"end":{"line":45,"column":29}},{"start":{"line":45,"column":33},"end":{"line":45,"column":37}}],"line":45},"4":{"loc":{"start":{"line":70,"column":18},"end":{"line":70,"column":80}},"type":"binary-expr","locations":[{"start":{"line":70,"column":18},"end":{"line":70,"column":38}},{"start":{"line":70,"column":42},"end":{"line":70,"column":80}}],"line":70},"5":{"loc":{"start":{"line":74,"column":18},"end":{"line":74,"column":37}},"type":"binary-expr","locations":[{"start":{"line":74,"column":18},"end":{"line":74,"column":29}},{"start":{"line":74,"column":33},"end":{"line":74,"column":37}}],"line":74},"6":{"loc":{"start":{"line":79,"column":4},"end":{"line":105,"column":5}},"type":"if","locations":[{"start":{"line":79,"column":4},"end":{"line":105,"column":5}},{"start":{"line":79,"column":4},"end":{"line":105,"column":5}}],"line":79},"7":{"loc":{"start":{"line":82,"column":8},"end":{"line":84,"column":9}},"type":"if","locations":[{"start":{"line":82,"column":8},"end":{"line":84,"column":9}},{"start":{"line":82,"column":8},"end":{"line":84,"column":9}}],"line":82},"8":{"loc":{"start":{"line":89,"column":6},"end":{"line":89,"column":130}},"type":"if","locations":[{"start":{"line":89,"column":6},"end":{"line":89,"column":130}},{"start":{"line":89,"column":6},"end":{"line":89,"column":130}}],"line":89},"9":{"loc":{"start":{"line":90,"column":6},"end":{"line":90,"column":99}},"type":"if","locations":[{"start":{"line":90,"column":6},"end":{"line":90,"column":99}},{"start":{"line":90,"column":6},"end":{"line":90,"column":99}}],"line":90},"10":{"loc":{"start":{"line":90,"column":60},"end":{"line":90,"column":95}},"type":"cond-expr","locations":[{"start":{"line":90,"column":80},"end":{"line":90,"column":86}},{"start":{"line":90,"column":89},"end":{"line":90,"column":95}}],"line":90},"11":{"loc":{"start":{"line":93,"column":6},"end":{"line":100,"column":7}},"type":"if","locations":[{"start":{"line":93,"column":6},"end":{"line":100,"column":7}},{"start":{"line":93,"column":6},"end":{"line":100,"column":7}}],"line":93},"12":{"loc":{"start":{"line":97,"column":8},"end":{"line":97,"column":64}},"type":"if","locations":[{"start":{"line":97,"column":8},"end":{"line":97,"column":64}},{"start":{"line":97,"column":8},"end":{"line":97,"column":64}}],"line":97},"13":{"loc":{"start":{"line":108,"column":4},"end":{"line":118,"column":5}},"type":"if","locations":[{"start":{"line":108,"column":4},"end":{"line":118,"column":5}},{"start":{"line":108,"column":4},"end":{"line":118,"column":5}}],"line":108}},"s":{"0":0,"1":0,"2":0,"3":0,"4":0,"5":0,"6":0,"7":0,"8":0,"9":0,"10":0,"11":0,"12":0,"13":0,"14":0,"15":0,"16":0,"17":0,"18":0,"19":0,"20":0,"21":0,"22":0,"23":0,"24":0,"25":0,"26":0,"27":0,"28":0,"29":0,"30":0,"31":0,"32":0,"33":0,"34":0,"35":0,"36":0,"37":0,"38":0,"39":0,"40":0,"41":0,"42":0,"43":0,"44":0,"45":0,"46":0,"47":0,"48":0,"49":0,"50":0,"51":0,"52":0},"f":{"0":0,"1":0,"2":0,"3":0,"4":0,"5":0,"6":0,"7":0,"8":0,"9":0},"b":{"0":[0,0],"1":[0,0],"2":[0,0],"3":[0,0],"4":[0,0],"5":[0,0],"6":[0,0],"7":[0,0],"8":[0,0],"9":[0,0],"10":[0,0],"11":[0,0],"12":[0,0],"13":[0,0]}}
,"/home/circleci/repo/src/lib/ScrollContext/ScrollContext.jsx": {"path":"/home/circleci/repo/src/lib/ScrollContext/ScrollContext.jsx","statementMap":{"0":{"start":{"line":4,"column":22},"end":{"line":23,"column":1}},"1":{"start":{"line":5,"column":19},"end":{"line":5,"column":27}},"2":{"start":{"line":6,"column":14},"end":{"line":6,"column":38}},"3":{"start":{"line":8,"column":20},"end":{"line":8,"column":80}},"4":{"start":{"line":9,"column":25},"end":{"line":9,"column":76}},"5":{"start":{"line":10,"column":25},"end":{"line":16,"column":3}},"6":{"start":{"line":18,"column":2},"end":{"line":22,"column":4}},"7":{"start":{"line":25,"column":22},"end":{"line":25,"column":58}},"8":{"start":{"line":31,"column":10},"end":{"line":31,"column":25}},"9":{"start":{"line":33,"column":21},"end":{"line":38,"column":3}},"10":{"start":{"line":40,"column":24},"end":{"line":42,"column":3}},"11":{"start":{"line":45,"column":4},"end":{"line":45,"column":58}},"12":{"start":{"line":49,"column":4},"end":{"line":49,"column":61}},"13":{"start":{"line":52,"column":18},"end":{"line":54,"column":3}},"14":{"start":{"line":53,"column":4},"end":{"line":53,"column":35}},"15":{"start":{"line":57,"column":25},"end":{"line":57,"column":35}},"16":{"start":{"line":59,"column":4},"end":{"line":63,"column":6}},"17":{"start":{"line":67,"column":22},"end":{"line":82,"column":1}},"18":{"start":{"line":67,"column":41},"end":{"line":82,"column":1}},"19":{"start":{"line":68,"column":2},"end":{"line":81,"column":27}},"20":{"start":{"line":74,"column":6},"end":{"line":79,"column":8}}},"fnMap":{"0":{"name":"(anonymous_0)","decl":{"start":{"line":4,"column":22},"end":{"line":4,"column":23}},"loc":{"start":{"line":4,"column":28},"end":{"line":23,"column":1}},"line":4},"1":{"name":"(anonymous_1)","decl":{"start":{"line":44,"column":2},"end":{"line":44,"column":3}},"loc":{"start":{"line":44,"column":22},"end":{"line":46,"column":3}},"line":44},"2":{"name":"(anonymous_2)","decl":{"start":{"line":48,"column":2},"end":{"line":48,"column":3}},"loc":{"start":{"line":48,"column":25},"end":{"line":50,"column":3}},"line":48},"3":{"name":"(anonymous_3)","decl":{"start":{"line":52,"column":18},"end":{"line":52,"column":19}},"loc":{"start":{"line":52,"column":24},"end":{"line":54,"column":3}},"line":52},"4":{"name":"(anonymous_4)","decl":{"start":{"line":56,"column":2},"end":{"line":56,"column":3}},"loc":{"start":{"line":56,"column":11},"end":{"line":64,"column":3}},"line":56},"5":{"name":"(anonymous_5)","decl":{"start":{"line":67,"column":22},"end":{"line":67,"column":23}},"loc":{"start":{"line":67,"column":41},"end":{"line":82,"column":1}},"line":67},"6":{"name":"(anonymous_6)","decl":{"start":{"line":67,"column":41},"end":{"line":67,"column":42}},"loc":{"start":{"line":68,"column":2},"end":{"line":81,"column":27}},"line":68},"7":{"name":"(anonymous_7)","decl":{"start":{"line":69,"column":5},"end":{"line":69,"column":6}},"loc":{"start":{"line":74,"column":6},"end":{"line":79,"column":8}},"line":74}},"branchMap":{"0":{"loc":{"start":{"line":8,"column":21},"end":{"line":8,"column":56}},"type":"binary-expr","locations":[{"start":{"line":8,"column":21},"end":{"line":8,"column":39}},{"start":{"line":8,"column":43},"end":{"line":8,"column":56}}],"line":8},"1":{"loc":{"start":{"line":8,"column":61},"end":{"line":8,"column":79}},"type":"binary-expr","locations":[{"start":{"line":8,"column":61},"end":{"line":8,"column":74}},{"start":{"line":8,"column":78},"end":{"line":8,"column":79}}],"line":8},"2":{"loc":{"start":{"line":9,"column":52},"end":{"line":9,"column":75}},"type":"binary-expr","locations":[{"start":{"line":9,"column":52},"end":{"line":9,"column":70}},{"start":{"line":9,"column":74},"end":{"line":9,"column":75}}],"line":9}},"s":{"0":0,"1":0,"2":0,"3":0,"4":0,"5":0,"6":0,"7":0,"8":0,"9":0,"10":0,"11":0,"12":0,"13":0,"14":0,"15":0,"16":0,"17":0,"18":0,"19":0,"20":0},"f":{"0":0,"1":0,"2":0,"3":0,"4":0,"5":0,"6":0,"7":0},"b":{"0":[0,0],"1":[0,0],"2":[0,0]}}
,"/home/circleci/repo/src/store/config.js": {"path":"/home/circleci/repo/src/store/config.js","statementMap":{"0":{"start":{"line":7,"column":27},"end":{"line":7,"column":81}},"1":{"start":{"line":10,"column":2},"end":{"line":14,"column":4}}},"fnMap":{"0":{"name":"configureStore","decl":{"start":{"line":5,"column":24},"end":{"line":5,"column":38}},"loc":{"start":{"line":5,"column":53},"end":{"line":15,"column":1}},"line":5}},"branchMap":{"0":{"loc":{"start":{"line":7,"column":27},"end":{"line":7,"column":81}},"type":"binary-expr","locations":[{"start":{"line":7,"column":27},"end":{"line":7,"column":70}},{"start":{"line":7,"column":74},"end":{"line":7,"column":81}}],"line":7}},"s":{"0":0,"1":0},"f":{"0":0},"b":{"0":[0,0]}}
,"/home/circleci/repo/src/store/root.js": {"path":"/home/circleci/repo/src/store/root.js","statementMap":{},"fnMap":{},"branchMap":{},"s":{},"f":{},"b":{}}
}
