TN:
SF:/home/circleci/repo/src/App.jsx
FN:23,(anonymous_0)
FN:32,(anonymous_1)
FN:37,App
FNF:3
FNH:0
FNDA:0,(anonymous_0)
FNDA:0,(anonymous_1)
FNDA:0,App
DA:23,0
DA:25,0
DA:28,0
DA:29,0
DA:30,0
DA:32,0
DA:33,0
DA:34,0
DA:38,0
LF:9
LH:0
BRF:0
BRH:0
end_of_record
TN:
SF:/home/circleci/repo/src/index.client.jsx
FN:9,(anonymous_0)
FNF:1
FNH:0
FNDA:0,(anonymous_0)
DA:9,0
DA:11,0
DA:13,0
LF:3
LH:0
BRF:0
BRH:0
end_of_record
TN:
SF:/home/circleci/repo/src/index.server.jsx
FN:7,(anonymous_0)
FNF:1
FNH:0
FNDA:0,(anonymous_0)
DA:8,0
DA:10,0
LF:2
LH:0
BRF:0
BRH:0
end_of_record
TN:
SF:/home/circleci/repo/src/components/Badges/OracleAssociateBadge/OracleAssociateBadge.jsx
FN:5,(anonymous_0)
FN:9,(anonymous_1)
FNF:2
FNH:2
FNDA:1,(anonymous_0)
FNDA:1,(anonymous_1)
DA:6,1
DA:10,1
LF:2
LH:2
BRF:0
BRH:0
end_of_record
TN:
SF:/home/circleci/repo/src/components/CookieNotice/CookieNotice.jsx
FN:7,(anonymous_0)
FN:15,(anonymous_1)
FN:21,(anonymous_2)
FN:30,(anonymous_3)
FNF:4
FNH:2
FNDA:1,(anonymous_0)
FNDA:0,(anonymous_1)
FNDA:0,(anonymous_2)
FNDA:1,(anonymous_3)
DA:8,1
DA:9,1
DA:15,1
DA:16,0
DA:21,1
DA:22,0
DA:23,0
DA:24,0
DA:31,1
DA:33,1
LF:10
LH:6
BRDA:11,0,0,1
BRDA:11,0,1,0
BRDA:22,1,0,0
BRDA:22,1,1,0
BRDA:22,2,0,0
BRDA:22,2,1,0
BRDA:33,3,0,1
BRDA:33,3,1,1
BRDA:35,4,0,0
BRDA:35,4,1,1
BRF:10
BRH:4
end_of_record
TN:
SF:/home/circleci/repo/src/components/Footer/Footer.jsx
FN:16,(anonymous_0)
FN:26,(anonymous_1)
FN:32,(anonymous_2)
FNF:3
FNH:0
FNDA:0,(anonymous_0)
FNDA:0,(anonymous_1)
FNDA:0,(anonymous_2)
DA:17,0
DA:18,0
DA:19,0
DA:20,0
DA:22,0
DA:29,0
DA:33,0
LF:7
LH:0
BRF:0
BRH:0
end_of_record
TN:
SF:/home/circleci/repo/src/components/GLChart/GL.js
FN:24,(anonymous_0)
FN:35,(anonymous_1)
FN:40,(anonymous_2)
FN:44,(anonymous_3)
FN:99,(anonymous_4)
FN:100,(anonymous_5)
FN:102,(anonymous_6)
FN:154,(anonymous_7)
FN:164,(anonymous_8)
FN:187,(anonymous_9)
FN:219,(anonymous_10)
FN:229,(anonymous_11)
FN:254,(anonymous_12)
FN:268,(anonymous_13)
FN:278,(anonymous_14)
FNF:15
FNH:0
FNDA:0,(anonymous_0)
FNDA:0,(anonymous_1)
FNDA:0,(anonymous_2)
FNDA:0,(anonymous_3)
FNDA:0,(anonymous_4)
FNDA:0,(anonymous_5)
FNDA:0,(anonymous_6)
FNDA:0,(anonymous_7)
FNDA:0,(anonymous_8)
FNDA:0,(anonymous_9)
FNDA:0,(anonymous_10)
FNDA:0,(anonymous_11)
FNDA:0,(anonymous_12)
FNDA:0,(anonymous_13)
FNDA:0,(anonymous_14)
DA:25,0
DA:26,0
DA:27,0
DA:28,0
DA:29,0
DA:30,0
DA:31,0
DA:35,0
DA:36,0
DA:41,0
DA:44,0
DA:45,0
DA:46,0
DA:48,0
DA:51,0
DA:52,0
DA:54,0
DA:56,0
DA:58,0
DA:60,0
DA:62,0
DA:63,0
DA:65,0
DA:71,0
DA:73,0
DA:78,0
DA:80,0
DA:82,0
DA:83,0
DA:84,0
DA:85,0
DA:86,0
DA:87,0
DA:88,0
DA:89,0
DA:91,0
DA:93,0
DA:94,0
DA:97,0
DA:99,0
DA:100,0
DA:102,0
DA:105,0
DA:107,0
DA:117,0
DA:125,0
DA:135,0
DA:140,0
DA:143,0
DA:146,0
DA:147,0
DA:148,0
DA:149,0
DA:151,0
DA:152,0
DA:154,0
DA:155,0
DA:156,0
DA:158,0
DA:159,0
DA:161,0
DA:162,0
DA:164,0
DA:165,0
DA:166,0
DA:167,0
DA:168,0
DA:169,0
DA:172,0
DA:173,0
DA:175,0
DA:176,0
DA:177,0
DA:180,0
DA:181,0
DA:182,0
DA:184,0
DA:188,0
DA:189,0
DA:190,0
DA:193,0
DA:194,0
DA:195,0
DA:197,0
DA:198,0
DA:199,0
DA:200,0
DA:201,0
DA:202,0
DA:204,0
DA:205,0
DA:206,0
DA:208,0
DA:210,0
DA:211,0
DA:213,0
DA:216,0
DA:219,0
DA:220,0
DA:221,0
DA:222,0
DA:223,0
DA:224,0
DA:225,0
DA:230,0
DA:231,0
DA:232,0
DA:234,0
DA:235,0
DA:236,0
DA:237,0
DA:238,0
DA:239,0
DA:241,0
DA:242,0
DA:244,0
DA:248,0
DA:249,0
DA:250,0
DA:251,0
DA:254,0
DA:255,0
DA:256,0
DA:258,0
DA:259,0
DA:262,0
DA:263,0
DA:264,0
DA:265,0
DA:269,0
DA:270,0
DA:271,0
DA:273,0
DA:274,0
DA:275,0
DA:279,0
DA:285,0
DA:286,0
DA:287,0
DA:289,0
DA:290,0
DA:291,0
DA:292,0
DA:293,0
LF:144
LH:0
BRDA:51,0,0,0
BRDA:51,0,1,0
BRDA:146,1,0,0
BRDA:146,1,1,0
BRDA:189,2,0,0
BRDA:189,2,1,0
BRDA:220,3,0,0
BRDA:220,3,1,0
BRDA:220,4,0,0
BRDA:220,4,1,0
BRDA:229,5,0,0
BRDA:255,6,0,0
BRDA:255,6,1,0
BRDA:258,7,0,0
BRDA:258,7,1,0
BRDA:258,8,0,0
BRDA:258,8,1,0
BRDA:273,9,0,0
BRDA:273,9,1,0
BRDA:274,10,0,0
BRDA:274,10,1,0
BRDA:275,11,0,0
BRDA:275,11,1,0
BRDA:279,12,0,0
BRDA:279,12,1,0
BRF:25
BRH:0
end_of_record
TN:
SF:/home/circleci/repo/src/components/GLChart/GLChart.jsx
FN:10,(anonymous_0)
FN:34,(anonymous_1)
FN:45,(anonymous_2)
FN:49,(anonymous_3)
FN:56,(anonymous_4)
FN:61,(anonymous_5)
FN:67,(anonymous_6)
FN:73,(anonymous_7)
FNF:8
FNH:0
FNDA:0,(anonymous_0)
FNDA:0,(anonymous_1)
FNDA:0,(anonymous_2)
FNDA:0,(anonymous_3)
FNDA:0,(anonymous_4)
FNDA:0,(anonymous_5)
FNDA:0,(anonymous_6)
FNDA:0,(anonymous_7)
DA:11,0
DA:12,0
DA:13,0
DA:16,0
DA:18,0
DA:22,0
DA:28,0
DA:35,0
DA:37,0
DA:38,0
DA:46,0
DA:50,0
DA:51,0
DA:52,0
DA:57,0
DA:58,0
DA:61,0
DA:62,0
DA:64,0
DA:65,0
DA:67,0
DA:68,0
DA:74,0
DA:75,0
DA:77,0
DA:78,0
DA:81,0
LF:27
LH:0
BRDA:13,0,0,0
BRDA:13,0,1,0
BRDA:16,1,0,0
BRDA:16,1,1,0
BRDA:51,2,0,0
BRDA:51,2,1,0
BRDA:64,3,0,0
BRDA:64,3,1,0
BRDA:77,4,0,0
BRDA:77,4,1,0
BRDA:82,5,0,0
BRDA:82,5,1,0
BRF:12
BRH:0
end_of_record
TN:
SF:/home/circleci/repo/src/components/Header/Header.jsx
FN:13,(anonymous_0)
FN:28,(anonymous_1)
FNF:2
FNH:0
FNDA:0,(anonymous_0)
FNDA:0,(anonymous_1)
DA:10,0
DA:13,0
DA:14,0
DA:15,0
DA:17,0
DA:23,0
DA:29,0
LF:7
LH:0
BRF:0
BRH:0
end_of_record
TN:
SF:/home/circleci/repo/src/components/Icons/RulerIcon/RulerIcon.jsx
FN:13,(anonymous_0)
FNF:1
FNH:0
FNDA:0,(anonymous_0)
DA:5,0
DA:9,0
DA:14,0
DA:16,0
LF:4
LH:0
BRF:0
BRH:0
end_of_record
TN:
SF:/home/circleci/repo/src/components/Icons/ScrollUpIcon/ScrollUpIcon.jsx
FN:13,(anonymous_0)
FNF:1
FNH:0
FNDA:0,(anonymous_0)
DA:5,0
DA:9,0
DA:14,0
DA:16,0
LF:4
LH:0
BRDA:17,0,0,0
BRDA:17,0,1,0
BRF:2
BRH:0
end_of_record
TN:
SF:/home/circleci/repo/src/components/Icons/Social/FacebookIcon/FacebookIcon.jsx
FN:13,(anonymous_0)
FNF:1
FNH:0
FNDA:0,(anonymous_0)
DA:5,0
DA:9,0
DA:14,0
DA:16,0
LF:4
LH:0
BRF:0
BRH:0
end_of_record
TN:
SF:/home/circleci/repo/src/components/Icons/Social/LinkedinIcon/LinkedinIcon.jsx
FN:15,(anonymous_0)
FNF:1
FNH:0
FNDA:0,(anonymous_0)
DA:5,0
DA:10,0
DA:16,0
DA:18,0
LF:4
LH:0
BRF:0
BRH:0
end_of_record
TN:
SF:/home/circleci/repo/src/components/Icons/Social/TwitterIcon/TwitterIcon.jsx
FN:13,(anonymous_0)
FNF:1
FNH:0
FNDA:0,(anonymous_0)
DA:5,0
DA:9,0
DA:14,0
DA:16,0
LF:4
LH:0
BRF:0
BRH:0
end_of_record
TN:
SF:/home/circleci/repo/src/components/Icons/SunIcon/SunIcon.jsx
FN:13,(anonymous_0)
FNF:1
FNH:0
FNDA:0,(anonymous_0)
DA:5,0
DA:9,0
DA:14,0
DA:16,0
LF:4
LH:0
BRF:0
BRH:0
end_of_record
TN:
SF:/home/circleci/repo/src/components/Loader/Loader.jsx
FN:15,(anonymous_0)
FNF:1
FNH:0
FNDA:0,(anonymous_0)
DA:7,0
DA:11,0
DA:16,0
DA:18,0
LF:4
LH:0
BRF:0
BRH:0
end_of_record
TN:
SF:/home/circleci/repo/src/components/Logo/Logo.jsx
FN:22,(anonymous_0)
FN:31,(anonymous_1)
FNF:2
FNH:0
FNDA:0,(anonymous_0)
FNDA:0,(anonymous_1)
DA:11,0
DA:14,0
DA:18,0
DA:23,0
DA:25,0
DA:27,0
DA:32,0
DA:34,0
LF:8
LH:0
BRF:0
BRH:0
end_of_record
TN:
SF:/home/circleci/repo/src/components/NavItem/NavItem.jsx
FN:27,(anonymous_0)
FN:35,(anonymous_1)
FN:41,(anonymous_2)
FN:47,(anonymous_3)
FN:57,(anonymous_4)
FNF:5
FNH:0
FNDA:0,(anonymous_0)
FNDA:0,(anonymous_1)
FNDA:0,(anonymous_2)
FNDA:0,(anonymous_3)
FNDA:0,(anonymous_4)
DA:6,0
DA:18,0
DA:28,0
DA:30,0
DA:35,0
DA:36,0
DA:41,0
DA:42,0
DA:47,0
DA:48,0
DA:51,0
DA:65,0
DA:66,0
DA:68,0
LF:14
LH:0
BRDA:71,0,0,0
BRDA:71,0,1,0
BRF:2
BRH:0
end_of_record
TN:
SF:/home/circleci/repo/src/components/Navbar/Navbar.jsx
FN:9,(anonymous_0)
FN:27,(anonymous_1)
FN:33,(anonymous_2)
FN:47,(anonymous_3)
FN:57,(anonymous_4)
FN:62,(anonymous_5)
FN:83,(anonymous_6)
FN:90,(anonymous_7)
FN:99,(anonymous_8)
FN:105,(anonymous_9)
FNF:10
FNH:0
FNDA:0,(anonymous_0)
FNDA:0,(anonymous_1)
FNDA:0,(anonymous_2)
FNDA:0,(anonymous_3)
FNDA:0,(anonymous_4)
FNDA:0,(anonymous_5)
FNDA:0,(anonymous_6)
FNDA:0,(anonymous_7)
FNDA:0,(anonymous_8)
FNDA:0,(anonymous_9)
DA:10,0
DA:13,0
DA:28,0
DA:34,0
DA:35,0
DA:36,0
DA:38,0
DA:48,0
DA:49,0
DA:50,0
DA:51,0
DA:58,0
DA:59,0
DA:62,0
DA:63,0
DA:65,0
DA:66,0
DA:67,0
DA:69,0
DA:70,0
DA:73,0
DA:76,0
DA:77,0
DA:83,0
DA:84,0
DA:85,0
DA:90,0
DA:91,0
DA:92,0
DA:99,0
DA:100,0
DA:111,0
DA:113,0
LF:33
LH:0
BRDA:15,0,0,0
BRDA:15,0,1,0
BRDA:53,1,0,0
BRDA:53,1,1,0
BRDA:65,2,0,0
BRDA:65,2,1,0
BRDA:67,3,0,0
BRDA:67,3,1,0
BRDA:69,4,0,0
BRDA:69,4,1,0
BRDA:69,5,0,0
BRDA:69,5,1,0
BRDA:76,6,0,0
BRDA:76,6,1,0
BRDA:76,7,0,0
BRDA:76,7,1,0
BRDA:86,8,0,0
BRDA:86,8,1,0
BRDA:94,9,0,0
BRDA:94,9,1,0
BRDA:115,10,0,0
BRDA:115,10,1,0
BRDA:121,11,0,0
BRDA:121,11,1,0
BRDA:129,12,0,0
BRDA:129,12,1,0
BRDA:146,13,0,0
BRDA:146,13,1,0
BRDA:163,14,0,0
BRDA:163,14,1,0
BRDA:180,15,0,0
BRDA:180,15,1,0
BRDA:195,16,0,0
BRDA:195,16,1,0
BRF:34
BRH:0
end_of_record
TN:
SF:/home/circleci/repo/src/components/ProgressIndicator/ProgressIndicator.jsx
FN:14,(anonymous_0)
FN:21,(anonymous_1)
FN:22,(anonymous_2)
FN:25,(anonymous_3)
FN:29,(anonymous_4)
FN:40,(anonymous_5)
FN:47,(anonymous_6)
FNF:7
FNH:0
FNDA:0,(anonymous_0)
FNDA:0,(anonymous_1)
FNDA:0,(anonymous_2)
FNDA:0,(anonymous_3)
FNDA:0,(anonymous_4)
FNDA:0,(anonymous_5)
FNDA:0,(anonymous_6)
DA:8,0
DA:15,0
DA:16,0
DA:22,0
DA:26,0
DA:29,0
DA:33,0
DA:34,0
DA:35,0
DA:37,0
DA:38,0
DA:40,0
DA:41,0
DA:48,0
DA:50,0
LF:15
LH:0
BRF:0
BRH:0
end_of_record
TN:
SF:/home/circleci/repo/src/components/ResumeEntry/ResumeEntry.jsx
FN:17,(anonymous_0)
FN:46,(anonymous_1)
FNF:2
FNH:0
FNDA:0,(anonymous_0)
FNDA:0,(anonymous_1)
DA:9,0
DA:24,0
DA:25,0
DA:26,0
DA:28,0
DA:47,0
LF:6
LH:0
BRDA:45,0,0,0
BRDA:45,0,1,0
BRF:2
BRH:0
end_of_record
TN:
SF:/home/circleci/repo/src/components/StaticResumeEntry/StaticResumeEntry.jsx
FN:15,(anonymous_0)
FN:42,(anonymous_1)
FNF:2
FNH:0
FNDA:0,(anonymous_0)
FNDA:0,(anonymous_1)
DA:7,0
DA:22,0
DA:23,0
DA:24,0
DA:26,0
DA:43,0
LF:6
LH:0
BRDA:41,0,0,0
BRDA:41,0,1,0
BRF:2
BRH:0
end_of_record
TN:
SF:/home/circleci/repo/src/components/TOCButton/TOCButton.jsx
FN:18,(anonymous_0)
FN:26,(anonymous_1)
FN:27,(anonymous_2)
FN:30,(anonymous_3)
FN:42,(anonymous_4)
FN:58,(anonymous_5)
FNF:6
FNH:0
FNDA:0,(anonymous_0)
FNDA:0,(anonymous_1)
FNDA:0,(anonymous_2)
FNDA:0,(anonymous_3)
FNDA:0,(anonymous_4)
FNDA:0,(anonymous_5)
DA:11,0
DA:14,0
DA:19,0
DA:21,0
DA:27,0
DA:30,0
DA:31,0
DA:32,0
DA:33,0
DA:35,0
DA:36,0
DA:42,0
DA:43,0
DA:45,0
DA:51,0
DA:59,0
DA:61,0
LF:17
LH:0
BRDA:35,0,0,0
BRDA:35,0,1,0
BRDA:63,1,0,0
BRDA:63,1,1,0
BRF:4
BRH:0
end_of_record
TN:
SF:/home/circleci/repo/src/components/WorkItem/Loadable.jsx
FN:14,(anonymous_0)
FN:15,(anonymous_1)
FN:20,(anonymous_2)
FN:29,(anonymous_3)
FN:33,(anonymous_4)
FN:33,(anonymous_5)
FN:35,(anonymous_6)
FN:38,(anonymous_7)
FN:44,(anonymous_8)
FNF:9
FNH:0
FNDA:0,(anonymous_0)
FNDA:0,(anonymous_1)
FNDA:0,(anonymous_2)
FNDA:0,(anonymous_3)
FNDA:0,(anonymous_4)
FNDA:0,(anonymous_5)
FNDA:0,(anonymous_6)
FNDA:0,(anonymous_7)
FNDA:0,(anonymous_8)
DA:6,0
DA:15,0
DA:16,0
DA:17,0
DA:19,0
DA:20,0
DA:21,0
DA:22,0
DA:30,0
DA:33,0
DA:34,0
DA:35,0
DA:36,0
DA:38,0
DA:39,0
DA:41,0
DA:45,0
LF:17
LH:0
BRDA:19,0,0,0
BRDA:19,0,1,0
BRDA:21,1,0,0
BRDA:21,1,1,0
BRDA:45,2,0,0
BRDA:45,2,1,0
BRF:6
BRH:0
end_of_record
TN:
SF:/home/circleci/repo/src/components/WorkItem/WorkItem.jsx
FN:15,(anonymous_0)
FN:22,(anonymous_1)
FNF:2
FNH:0
FNDA:0,(anonymous_0)
FNDA:0,(anonymous_1)
DA:7,0
DA:15,0
DA:16,0
DA:17,0
DA:18,0
DA:19,0
DA:27,0
DA:29,0
LF:8
LH:0
BRF:0
BRH:0
end_of_record
TN:
SF:/home/circleci/repo/src/components/WorkSlide/WorkSlide.jsx
FN:19,(anonymous_0)
FN:26,(anonymous_1)
FN:30,(anonymous_2)
FN:58,(anonymous_3)
FNF:4
FNH:0
FNDA:0,(anonymous_0)
FNDA:0,(anonymous_1)
FNDA:0,(anonymous_2)
FNDA:0,(anonymous_3)
DA:8,0
DA:20,0
DA:21,0
DA:22,0
DA:23,0
DA:27,0
DA:28,0
DA:29,0
DA:30,0
DA:31,0
DA:33,0
DA:59,0
LF:12
LH:0
BRDA:28,0,0,0
BRDA:28,0,1,0
BRDA:28,1,0,0
BRDA:28,1,1,0
BRDA:29,2,0,0
BRDA:29,2,1,0
BRDA:29,3,0,0
BRDA:29,3,1,0
BRDA:30,4,0,0
BRDA:30,4,1,0
BRDA:37,5,0,0
BRDA:37,5,1,0
BRF:12
BRH:0
end_of_record
TN:
SF:/home/circleci/repo/src/containers/ContentPage/ContentPage.jsx
FN:26,(anonymous_0)
FN:31,(anonymous_1)
FN:38,(anonymous_2)
FN:61,(anonymous_3)
FN:71,(anonymous_4)
FN:89,(anonymous_5)
FN:90,(anonymous_6)
FNF:7
FNH:0
FNDA:0,(anonymous_0)
FNDA:0,(anonymous_1)
FNDA:0,(anonymous_2)
FNDA:0,(anonymous_3)
FNDA:0,(anonymous_4)
FNDA:0,(anonymous_5)
FNDA:0,(anonymous_6)
DA:14,0
DA:27,0
DA:28,0
DA:32,0
DA:33,0
DA:34,0
DA:39,0
DA:40,0
DA:42,0
DA:61,0
DA:62,0
DA:63,0
DA:65,0
DA:66,0
DA:68,0
DA:70,0
DA:71,0
DA:73,0
DA:74,0
DA:76,0
DA:80,0
DA:89,0
DA:90,0
LF:23
LH:0
BRDA:33,0,0,0
BRDA:33,0,1,0
BRDA:43,1,0,0
BRDA:43,1,1,0
BRDA:68,2,0,0
BRDA:68,2,1,0
BRDA:68,3,0,0
BRDA:68,3,1,0
BRDA:71,4,0,0
BRDA:71,4,1,0
BRDA:73,5,0,0
BRDA:73,5,1,0
BRDA:73,6,0,0
BRDA:73,6,1,0
BRDA:76,7,0,0
BRDA:76,7,1,0
BRF:16
BRH:0
end_of_record
TN:
SF:/home/circleci/repo/src/containers/ContentPage/actions.js
FN:3,articlesHasErrored
FN:10,articlesIsLoading
FN:17,articlesFetchDataSuccess
FN:24,articlesFetchData
FN:25,(anonymous_4)
FNF:5
FNH:0
FNDA:0,articlesHasErrored
FNDA:0,articlesIsLoading
FNDA:0,articlesFetchDataSuccess
FNDA:0,articlesFetchData
FNDA:0,(anonymous_4)
DA:4,0
DA:11,0
DA:18,0
DA:25,0
DA:26,0
DA:28,0
DA:29,0
DA:30,0
DA:31,0
DA:33,0
LF:10
LH:0
BRF:0
BRH:0
end_of_record
TN:
SF:/home/circleci/repo/src/containers/ContentPage/model.js
FN:3,deserialize
FN:4,(anonymous_1)
FNF:2
FNH:0
FNDA:0,deserialize
FNDA:0,(anonymous_1)
DA:4,0
DA:5,0
DA:6,0
DA:7,0
DA:8,0
DA:10,0
DA:13,0
LF:7
LH:0
BRDA:4,0,0,0
BRDA:4,0,1,0
BRDA:6,1,0,0
BRDA:6,1,1,0
BRF:4
BRH:0
end_of_record
TN:
SF:/home/circleci/repo/src/containers/ContentPage/reducers.js
FN:7,articles
FNF:1
FNH:0
FNDA:0,articles
DA:1,0
DA:8,0
DA:10,0
DA:16,0
DA:21,0
DA:27,0
LF:6
LH:0
BRDA:7,0,0,0
BRDA:8,1,0,0
BRDA:8,1,1,0
BRDA:8,1,2,0
BRDA:8,1,3,0
BRF:5
BRH:0
end_of_record
TN:
SF:/home/circleci/repo/src/containers/ContentPage/services.js
FN:5,getArticles
FNF:1
FNH:0
FNDA:0,getArticles
DA:6,0
DA:8,0
DA:9,0
DA:10,0
DA:11,0
DA:14,0
DA:15,0
DA:16,0
DA:18,0
LF:9
LH:0
BRDA:8,0,0,0
BRDA:8,0,1,0
BRDA:10,1,0,0
BRDA:10,1,1,0
BRF:4
BRH:0
end_of_record
TN:
SF:/home/circleci/repo/src/containers/Dashboard/Dashboard.jsx
FN:21,(anonymous_0)
FN:28,(anonymous_1)
FN:34,(anonymous_2)
FN:79,(anonymous_3)
FN:85,(anonymous_4)
FN:89,(anonymous_5)
FNF:6
FNH:0
FNDA:0,(anonymous_0)
FNDA:0,(anonymous_1)
FNDA:0,(anonymous_2)
FNDA:0,(anonymous_3)
FNDA:0,(anonymous_4)
FNDA:0,(anonymous_5)
DA:21,0
DA:24,0
DA:28,0
DA:29,0
DA:35,0
DA:36,0
DA:80,0
DA:82,0
DA:90,0
DA:92,0
LF:10
LH:0
BRDA:95,0,0,0
BRDA:95,0,1,0
BRF:2
BRH:0
end_of_record
TN:
SF:/home/circleci/repo/src/containers/NotFoundPage/NotFoundPage.jsx
FN:6,NotFoundPage
FNF:1
FNH:0
FNDA:0,NotFoundPage
DA:7,0
LF:1
LH:0
BRF:0
BRH:0
end_of_record
TN:
SF:/home/circleci/repo/src/containers/PrintableResumePage/PrintableResumePage.jsx
FN:29,(anonymous_0)
FN:41,(anonymous_1)
FN:50,(anonymous_2)
FN:68,(anonymous_3)
FN:81,(anonymous_4)
FN:95,(anonymous_5)
FN:104,(anonymous_6)
FN:120,(anonymous_7)
FN:132,(anonymous_8)
FN:133,(anonymous_9)
FN:134,(anonymous_10)
FN:135,(anonymous_11)
FNF:12
FNH:0
FNDA:0,(anonymous_0)
FNDA:0,(anonymous_1)
FNDA:0,(anonymous_2)
FNDA:0,(anonymous_3)
FNDA:0,(anonymous_4)
FNDA:0,(anonymous_5)
FNDA:0,(anonymous_6)
FNDA:0,(anonymous_7)
FNDA:0,(anonymous_8)
FNDA:0,(anonymous_9)
FNDA:0,(anonymous_10)
FNDA:0,(anonymous_11)
DA:13,0
DA:34,0
DA:35,0
DA:36,0
DA:37,0
DA:38,0
DA:42,0
DA:44,0
DA:45,0
DA:51,0
DA:53,0
DA:69,0
DA:82,0
DA:96,0
DA:105,0
DA:120,0
DA:121,0
DA:123,0
DA:132,0
DA:133,0
DA:134,0
DA:135,0
LF:22
LH:0
BRDA:44,0,0,0
BRDA:44,0,1,0
BRDA:44,1,0,0
BRDA:44,1,1,0
BRDA:44,1,2,0
BRDA:68,2,0,0
BRDA:68,2,1,0
BRDA:81,3,0,0
BRDA:81,3,1,0
BRDA:124,4,0,0
BRDA:124,4,1,0
BRDA:124,4,2,0
BRDA:125,5,0,0
BRDA:125,5,1,0
BRDA:125,5,2,0
BRF:15
BRH:0
end_of_record
TN:
SF:/home/circleci/repo/src/containers/PrintableResumePage/actions.js
FN:3,profileHasErrored
FN:10,profileIsLoading
FN:17,profileFetchDataSuccess
FN:24,profileFetchData
FN:25,(anonymous_4)
FNF:5
FNH:0
FNDA:0,profileHasErrored
FNDA:0,profileIsLoading
FNDA:0,profileFetchDataSuccess
FNDA:0,profileFetchData
FNDA:0,(anonymous_4)
DA:4,0
DA:11,0
DA:18,0
DA:25,0
DA:26,0
DA:28,0
DA:29,0
DA:30,0
DA:31,0
DA:33,0
LF:10
LH:0
BRF:0
BRH:0
end_of_record
TN:
SF:/home/circleci/repo/src/containers/PrintableResumePage/model.js
FN:3,deserialize
FN:16,(anonymous_1)
FN:18,(anonymous_2)
FN:27,(anonymous_3)
FN:29,(anonymous_4)
FNF:5
FNH:0
FNDA:0,deserialize
FNDA:0,(anonymous_1)
FNDA:0,(anonymous_2)
FNDA:0,(anonymous_3)
FNDA:0,(anonymous_4)
DA:4,0
DA:5,0
DA:7,0
DA:8,0
DA:9,0
DA:10,0
DA:16,0
DA:18,0
DA:21,0
DA:27,0
DA:29,0
DA:32,0
DA:33,0
DA:35,0
DA:36,0
DA:38,0
LF:16
LH:0
BRDA:8,0,0,0
BRDA:8,0,1,0
BRDA:10,1,0,0
BRDA:10,1,1,0
BRDA:10,1,2,0
BRDA:10,1,3,0
BRDA:18,2,0,0
BRDA:18,2,1,0
BRDA:21,3,0,0
BRDA:21,3,1,0
BRDA:21,3,2,0
BRDA:21,3,3,0
BRDA:29,4,0,0
BRDA:29,4,1,0
BRF:14
BRH:0
end_of_record
TN:
SF:/home/circleci/repo/src/containers/PrintableResumePage/reducers.js
FN:7,profile
FNF:1
FNH:0
FNDA:0,profile
DA:1,0
DA:8,0
DA:10,0
DA:16,0
DA:21,0
DA:27,0
LF:6
LH:0
BRDA:7,0,0,0
BRDA:8,1,0,0
BRDA:8,1,1,0
BRDA:8,1,2,0
BRDA:8,1,3,0
BRF:5
BRH:0
end_of_record
TN:
SF:/home/circleci/repo/src/containers/PrintableResumePage/services.js
FN:5,getProfile
FNF:1
FNH:0
FNDA:0,getProfile
DA:6,0
DA:8,0
DA:9,0
DA:10,0
DA:11,0
DA:14,0
DA:15,0
DA:16,0
DA:18,0
LF:9
LH:0
BRDA:8,0,0,0
BRDA:8,0,1,0
BRDA:10,1,0,0
BRDA:10,1,1,0
BRF:4
BRH:0
end_of_record
TN:
SF:/home/circleci/repo/src/containers/ResumePage/ResumePage.jsx
FN:14,(anonymous_0)
FN:23,(anonymous_1)
FN:31,(anonymous_2)
FN:36,(anonymous_3)
FN:38,(anonymous_4)
FN:42,(anonymous_5)
FN:77,(anonymous_6)
FN:96,(anonymous_7)
FN:108,(anonymous_8)
FN:109,(anonymous_9)
FNF:10
FNH:0
FNDA:0,(anonymous_0)
FNDA:0,(anonymous_1)
FNDA:0,(anonymous_2)
FNDA:0,(anonymous_3)
FNDA:0,(anonymous_4)
FNDA:0,(anonymous_5)
FNDA:0,(anonymous_6)
FNDA:0,(anonymous_7)
FNDA:0,(anonymous_8)
FNDA:0,(anonymous_9)
DA:14,0
DA:17,0
DA:24,0
DA:26,0
DA:32,0
DA:33,0
DA:36,0
DA:37,0
DA:38,0
DA:39,0
DA:43,0
DA:44,0
DA:45,0
DA:47,0
DA:78,0
DA:96,0
DA:97,0
DA:98,0
DA:100,0
DA:108,0
DA:109,0
LF:21
LH:0
BRDA:48,0,0,0
BRDA:48,0,1,0
BRF:2
BRH:0
end_of_record
TN:
SF:/home/circleci/repo/src/containers/ResumePage/actions.js
FN:3,resumeHasErrored
FN:10,resumeIsLoading
FN:17,resumeFetchDataSuccess
FN:24,resumeFetchData
FN:25,(anonymous_4)
FNF:5
FNH:0
FNDA:0,resumeHasErrored
FNDA:0,resumeIsLoading
FNDA:0,resumeFetchDataSuccess
FNDA:0,resumeFetchData
FNDA:0,(anonymous_4)
DA:4,0
DA:11,0
DA:18,0
DA:25,0
DA:26,0
DA:28,0
DA:29,0
DA:30,0
DA:31,0
DA:33,0
LF:10
LH:0
BRF:0
BRH:0
end_of_record
TN:
SF:/home/circleci/repo/src/containers/ResumePage/model.js
FN:3,deserialize
FN:6,(anonymous_1)
FN:16,(anonymous_2)
FN:18,(anonymous_3)
FNF:4
FNH:0
FNDA:0,deserialize
FNDA:0,(anonymous_1)
FNDA:0,(anonymous_2)
FNDA:0,(anonymous_3)
DA:4,0
DA:6,0
DA:7,0
DA:8,0
DA:10,0
DA:16,0
DA:18,0
DA:21,0
DA:22,0
DA:23,0
DA:25,0
DA:28,0
LF:12
LH:0
BRDA:8,0,0,0
BRDA:8,0,1,0
BRDA:10,1,0,0
BRDA:10,1,1,0
BRDA:10,1,2,0
BRDA:10,1,3,0
BRDA:18,2,0,0
BRDA:18,2,1,0
BRF:8
BRH:0
end_of_record
TN:
SF:/home/circleci/repo/src/containers/ResumePage/reducers.js
FN:7,resume
FNF:1
FNH:0
FNDA:0,resume
DA:1,0
DA:8,0
DA:10,0
DA:16,0
DA:21,0
DA:27,0
LF:6
LH:0
BRDA:7,0,0,0
BRDA:8,1,0,0
BRDA:8,1,1,0
BRDA:8,1,2,0
BRDA:8,1,3,0
BRF:5
BRH:0
end_of_record
TN:
SF:/home/circleci/repo/src/containers/ResumePage/services.js
FN:5,getResume
FNF:1
FNH:0
FNDA:0,getResume
DA:6,0
DA:8,0
DA:9,0
DA:10,0
DA:11,0
DA:14,0
DA:15,0
DA:16,0
DA:18,0
LF:9
LH:0
BRDA:8,0,0,0
BRDA:8,0,1,0
BRDA:10,1,0,0
BRDA:10,1,1,0
BRF:4
BRH:0
end_of_record
TN:
SF:/home/circleci/repo/src/containers/SkillsPage/SkillsPage.jsx
FN:16,(anonymous_0)
FN:37,(anonymous_1)
FN:43,(anonymous_2)
FN:48,(anonymous_3)
FN:56,(anonymous_4)
FN:67,(anonymous_5)
FN:72,(anonymous_6)
FN:83,(anonymous_7)
FN:87,(anonymous_8)
FN:87,(anonymous_9)
FN:111,(anonymous_10)
FN:113,(anonymous_11)
FN:117,(anonymous_12)
FN:124,(anonymous_13)
FN:141,(anonymous_14)
FN:149,(anonymous_15)
FN:155,(anonymous_16)
FN:159,(anonymous_17)
FN:165,(anonymous_18)
FN:167,(anonymous_19)
FN:171,(anonymous_20)
FN:172,(anonymous_21)
FN:250,(anonymous_22)
FN:300,(anonymous_23)
FN:307,(anonymous_24)
FN:333,(anonymous_25)
FN:334,(anonymous_26)
FNF:27
FNH:0
FNDA:0,(anonymous_0)
FNDA:0,(anonymous_1)
FNDA:0,(anonymous_2)
FNDA:0,(anonymous_3)
FNDA:0,(anonymous_4)
FNDA:0,(anonymous_5)
FNDA:0,(anonymous_6)
FNDA:0,(anonymous_7)
FNDA:0,(anonymous_8)
FNDA:0,(anonymous_9)
FNDA:0,(anonymous_10)
FNDA:0,(anonymous_11)
FNDA:0,(anonymous_12)
FNDA:0,(anonymous_13)
FNDA:0,(anonymous_14)
FNDA:0,(anonymous_15)
FNDA:0,(anonymous_16)
FNDA:0,(anonymous_17)
FNDA:0,(anonymous_18)
FNDA:0,(anonymous_19)
FNDA:0,(anonymous_20)
FNDA:0,(anonymous_21)
FNDA:0,(anonymous_22)
FNDA:0,(anonymous_23)
FNDA:0,(anonymous_24)
FNDA:0,(anonymous_25)
FNDA:0,(anonymous_26)
DA:16,0
DA:19,0
DA:31,0
DA:38,0
DA:39,0
DA:40,0
DA:43,0
DA:45,0
DA:48,0
DA:50,0
DA:53,0
DA:57,0
DA:58,0
DA:60,0
DA:68,0
DA:69,0
DA:73,0
DA:75,0
DA:79,0
DA:84,0
DA:87,0
DA:88,0
DA:90,0
DA:96,0
DA:101,0
DA:103,0
DA:104,0
DA:105,0
DA:107,0
DA:111,0
DA:112,0
DA:113,0
DA:114,0
DA:117,0
DA:118,0
DA:124,0
DA:125,0
DA:127,0
DA:128,0
DA:135,0
DA:141,0
DA:142,0
DA:146,0
DA:149,0
DA:150,0
DA:155,0
DA:156,0
DA:160,0
DA:161,0
DA:162,0
DA:164,0
DA:165,0
DA:166,0
DA:167,0
DA:169,0
DA:170,0
DA:171,0
DA:172,0
DA:173,0
DA:175,0
DA:176,0
DA:177,0
DA:184,0
DA:251,0
DA:252,0
DA:256,0
DA:258,0
DA:262,0
DA:300,0
DA:301,0
DA:302,0
DA:303,0
DA:304,0
DA:305,0
DA:307,0
DA:308,0
DA:313,0
DA:314,0
DA:317,0
DA:319,0
DA:321,0
DA:324,0
DA:333,0
DA:334,0
LF:84
LH:0
BRDA:38,0,0,0
BRDA:38,0,1,0
BRDA:38,1,0,0
BRDA:38,1,1,0
BRDA:40,2,0,0
BRDA:40,2,1,0
BRDA:45,3,0,0
BRDA:45,3,1,0
BRDA:50,4,0,0
BRDA:50,4,1,0
BRDA:75,5,0,0
BRDA:75,5,1,0
BRDA:75,6,0,0
BRDA:75,6,1,0
BRDA:75,6,2,0
BRDA:93,7,0,0
BRDA:93,7,1,0
BRDA:103,8,0,0
BRDA:103,8,1,0
BRDA:127,9,0,0
BRDA:127,9,1,0
BRDA:164,10,0,0
BRDA:164,10,1,0
BRDA:166,11,0,0
BRDA:166,11,1,0
BRDA:170,12,0,0
BRDA:170,12,1,0
BRDA:173,13,0,0
BRDA:173,13,1,0
BRDA:173,14,0,0
BRDA:173,14,1,0
BRDA:176,15,0,0
BRDA:176,15,1,0
BRDA:217,16,0,0
BRDA:217,16,1,0
BRDA:244,17,0,0
BRDA:244,17,1,0
BRDA:252,18,0,0
BRDA:252,18,1,0
BRDA:252,18,2,0
BRDA:252,18,3,0
BRDA:256,19,0,0
BRDA:256,19,1,0
BRDA:256,19,2,0
BRDA:256,19,3,0
BRDA:259,20,0,0
BRDA:259,20,1,0
BRDA:260,21,0,0
BRDA:260,21,1,0
BRDA:279,22,0,0
BRDA:279,22,1,0
BRDA:313,23,0,0
BRDA:313,23,1,0
BRDA:317,24,0,0
BRDA:317,24,1,0
BRDA:317,25,0,0
BRDA:317,25,1,0
BRF:57
BRH:0
end_of_record
TN:
SF:/home/circleci/repo/src/containers/SkillsPage/actions.js
FN:3,skillsHasErrored
FN:10,skillsIsLoading
FN:17,skillsFetchDataSuccess
FN:24,skillsFetchData
FN:25,(anonymous_4)
FNF:5
FNH:0
FNDA:0,skillsHasErrored
FNDA:0,skillsIsLoading
FNDA:0,skillsFetchDataSuccess
FNDA:0,skillsFetchData
FNDA:0,(anonymous_4)
DA:4,0
DA:11,0
DA:18,0
DA:25,0
DA:26,0
DA:28,0
DA:29,0
DA:30,0
DA:31,0
DA:33,0
LF:10
LH:0
BRF:0
BRH:0
end_of_record
TN:
SF:/home/circleci/repo/src/containers/SkillsPage/model.js
FN:3,deserialize
FN:4,(anonymous_1)
FNF:2
FNH:0
FNDA:0,deserialize
FNDA:0,(anonymous_1)
DA:4,0
DA:5,0
DA:6,0
DA:7,0
DA:8,0
DA:10,0
DA:13,0
LF:7
LH:0
BRDA:4,0,0,0
BRDA:4,0,1,0
BRDA:6,1,0,0
BRDA:6,1,1,0
BRF:4
BRH:0
end_of_record
TN:
SF:/home/circleci/repo/src/containers/SkillsPage/reducers.js
FN:7,skills
FNF:1
FNH:0
FNDA:0,skills
DA:1,0
DA:8,0
DA:10,0
DA:16,0
DA:21,0
DA:27,0
LF:6
LH:0
BRDA:7,0,0,0
BRDA:8,1,0,0
BRDA:8,1,1,0
BRDA:8,1,2,0
BRDA:8,1,3,0
BRF:5
BRH:0
end_of_record
TN:
SF:/home/circleci/repo/src/containers/SkillsPage/services.js
FN:5,getSkills
FNF:1
FNH:0
FNDA:0,getSkills
DA:6,0
DA:8,0
DA:9,0
DA:10,0
DA:11,0
DA:14,0
DA:15,0
DA:16,0
DA:18,0
LF:9
LH:0
BRDA:8,0,0,0
BRDA:8,0,1,0
BRDA:10,1,0,0
BRDA:10,1,1,0
BRF:4
BRH:0
end_of_record
TN:
SF:/home/circleci/repo/src/containers/WorkPage/WorkPage.jsx
FN:27,(anonymous_0)
FN:41,(anonymous_1)
FN:46,(anonymous_2)
FN:69,(anonymous_3)
FN:72,(anonymous_4)
FN:101,(anonymous_5)
FN:113,(anonymous_6)
FN:115,(anonymous_7)
FN:119,(anonymous_8)
FN:145,(anonymous_9)
FN:172,(anonymous_10)
FN:184,(anonymous_11)
FN:185,(anonymous_12)
FNF:13
FNH:0
FNDA:0,(anonymous_0)
FNDA:0,(anonymous_1)
FNDA:0,(anonymous_2)
FNDA:0,(anonymous_3)
FNDA:0,(anonymous_4)
FNDA:0,(anonymous_5)
FNDA:0,(anonymous_6)
FNDA:0,(anonymous_7)
FNDA:0,(anonymous_8)
FNDA:0,(anonymous_9)
FNDA:0,(anonymous_10)
FNDA:0,(anonymous_11)
FNDA:0,(anonymous_12)
DA:21,0
DA:28,0
DA:30,0
DA:31,0
DA:33,0
DA:42,0
DA:43,0
DA:47,0
DA:53,0
DA:55,0
DA:56,0
DA:69,0
DA:70,0
DA:71,0
DA:72,0
DA:73,0
DA:74,0
DA:76,0
DA:77,0
DA:78,0
DA:79,0
DA:82,0
DA:94,0
DA:101,0
DA:102,0
DA:103,0
DA:104,0
DA:107,0
DA:113,0
DA:114,0
DA:115,0
DA:116,0
DA:120,0
DA:121,0
DA:123,0
DA:146,0
DA:172,0
DA:173,0
DA:174,0
DA:176,0
DA:184,0
DA:185,0
LF:42
LH:0
BRDA:31,0,0,0
BRDA:31,0,1,0
BRDA:55,1,0,0
BRDA:55,1,1,0
BRDA:73,2,0,0
BRDA:73,2,1,0
BRDA:76,3,0,0
BRDA:76,3,1,0
BRDA:103,4,0,0
BRDA:103,4,1,0
BRDA:124,5,0,0
BRDA:124,5,1,0
BRDA:156,6,0,0
BRDA:156,6,1,0
BRDA:156,7,0,0
BRDA:156,7,1,0
BRDA:158,8,0,0
BRDA:158,8,1,0
BRDA:158,9,0,0
BRDA:158,9,1,0
BRF:20
BRH:0
end_of_record
TN:
SF:/home/circleci/repo/src/containers/WorkPage/actions.js
FN:3,worksHasErrored
FN:10,worksIsLoading
FN:17,worksFetchDataSuccess
FN:24,worksFetchData
FN:25,(anonymous_4)
FNF:5
FNH:0
FNDA:0,worksHasErrored
FNDA:0,worksIsLoading
FNDA:0,worksFetchDataSuccess
FNDA:0,worksFetchData
FNDA:0,(anonymous_4)
DA:4,0
DA:11,0
DA:18,0
DA:25,0
DA:26,0
DA:28,0
DA:29,0
DA:30,0
DA:31,0
DA:33,0
LF:10
LH:0
BRF:0
BRH:0
end_of_record
TN:
SF:/home/circleci/repo/src/containers/WorkPage/model.js
FN:3,normalizeIncluded
FN:10,(anonymous_1)
FN:12,(anonymous_2)
FN:18,deserialize
FN:21,(anonymous_4)
FNF:5
FNH:0
FNDA:0,normalizeIncluded
FNDA:0,(anonymous_1)
FNDA:0,(anonymous_2)
FNDA:0,deserialize
FNDA:0,(anonymous_4)
DA:4,0
DA:10,0
DA:12,0
DA:15,0
DA:19,0
DA:21,0
DA:22,0
DA:23,0
DA:25,0
DA:26,0
DA:27,0
DA:28,0
DA:29,0
DA:31,0
DA:34,0
LF:15
LH:0
BRDA:4,0,0,0
BRDA:4,0,1,0
BRDA:4,0,2,0
BRDA:4,0,3,0
BRDA:12,1,0,0
BRDA:12,1,1,0
BRDA:23,2,0,0
BRDA:23,2,1,0
BRF:8
BRH:0
end_of_record
TN:
SF:/home/circleci/repo/src/containers/WorkPage/reducers.js
FN:7,works
FNF:1
FNH:0
FNDA:0,works
DA:1,0
DA:8,0
DA:11,0
DA:17,0
DA:22,0
DA:28,0
LF:6
LH:0
BRDA:7,0,0,0
BRDA:8,1,0,0
BRDA:8,1,1,0
BRDA:8,1,2,0
BRDA:8,1,3,0
BRDA:8,1,4,0
BRF:6
BRH:0
end_of_record
TN:
SF:/home/circleci/repo/src/containers/WorkPage/services.js
FN:5,getWorks
FNF:1
FNH:0
FNDA:0,getWorks
DA:6,0
DA:8,0
DA:9,0
DA:10,0
DA:11,0
DA:14,0
DA:15,0
DA:16,0
DA:18,0
LF:9
LH:0
BRDA:8,0,0,0
BRDA:8,0,1,0
BRDA:10,1,0,0
BRDA:10,1,1,0
BRF:4
BRH:0
end_of_record
TN:
SF:/home/circleci/repo/src/containers/WorkSlider/WorkSlider.jsx
FN:25,(anonymous_0)
FN:48,(anonymous_1)
FN:52,(anonymous_2)
FN:56,(anonymous_3)
FN:65,(anonymous_4)
FN:79,(anonymous_5)
FN:85,(anonymous_6)
FN:111,(anonymous_7)
FN:126,(anonymous_8)
FN:146,(anonymous_9)
FN:152,(anonymous_10)
FN:163,(anonymous_11)
FN:175,(anonymous_12)
FN:179,(anonymous_13)
FN:193,(anonymous_14)
FN:199,(anonymous_15)
FN:231,(anonymous_16)
FNF:17
FNH:0
FNDA:0,(anonymous_0)
FNDA:0,(anonymous_1)
FNDA:0,(anonymous_2)
FNDA:0,(anonymous_3)
FNDA:0,(anonymous_4)
FNDA:0,(anonymous_5)
FNDA:0,(anonymous_6)
FNDA:0,(anonymous_7)
FNDA:0,(anonymous_8)
FNDA:0,(anonymous_9)
FNDA:0,(anonymous_10)
FNDA:0,(anonymous_11)
FNDA:0,(anonymous_12)
FNDA:0,(anonymous_13)
FNDA:0,(anonymous_14)
FNDA:0,(anonymous_15)
FNDA:0,(anonymous_16)
DA:14,0
DA:21,0
DA:26,0
DA:28,0
DA:45,0
DA:49,0
DA:53,0
DA:54,0
DA:55,0
DA:56,0
DA:58,0
DA:59,0
DA:63,0
DA:64,0
DA:65,0
DA:66,0
DA:79,0
DA:80,0
DA:85,0
DA:86,0
DA:88,0
DA:89,0
DA:99,0
DA:100,0
DA:103,0
DA:105,0
DA:111,0
DA:112,0
DA:113,0
DA:114,0
DA:115,0
DA:118,0
DA:119,0
DA:120,0
DA:122,0
DA:123,0
DA:126,0
DA:127,0
DA:132,0
DA:139,0
DA:146,0
DA:147,0
DA:148,0
DA:149,0
DA:152,0
DA:153,0
DA:154,0
DA:155,0
DA:157,0
DA:163,0
DA:164,0
DA:165,0
DA:166,0
DA:168,0
DA:169,0
DA:175,0
DA:176,0
DA:179,0
DA:180,0
DA:182,0
DA:183,0
DA:185,0
DA:186,0
DA:188,0
DA:189,0
DA:193,0
DA:194,0
DA:195,0
DA:196,0
DA:200,0
DA:201,0
DA:202,0
DA:204,0
DA:205,0
DA:207,0
DA:232,0
LF:76
LH:0
BRDA:58,0,0,0
BRDA:58,0,1,0
BRDA:58,1,0,0
BRDA:58,1,1,0
BRDA:88,2,0,0
BRDA:88,2,1,0
BRDA:88,3,0,0
BRDA:88,3,1,0
BRDA:103,4,0,0
BRDA:103,4,1,0
BRDA:103,5,0,0
BRDA:103,5,1,0
BRDA:114,6,0,0
BRDA:114,6,1,0
BRDA:118,7,0,0
BRDA:118,7,1,0
BRDA:119,8,0,0
BRDA:119,8,1,0
BRDA:122,9,0,0
BRDA:122,9,1,0
BRDA:154,10,0,0
BRDA:154,10,1,0
BRDA:155,11,0,0
BRDA:155,11,1,0
BRDA:164,12,0,0
BRDA:164,12,1,0
BRDA:165,13,0,0
BRDA:165,13,1,0
BRDA:168,14,0,0
BRDA:168,14,1,0
BRDA:180,15,0,0
BRDA:180,15,1,0
BRDA:185,16,0,0
BRDA:185,16,1,0
BRDA:188,17,0,0
BRDA:188,17,1,0
BRDA:240,18,0,0
BRDA:240,18,1,0
BRDA:242,19,0,0
BRDA:242,19,1,0
BRF:40
BRH:0
end_of_record
TN:
SF:/home/circleci/repo/src/lib/acclaim.js
FN:1,loadAcclaimBadge
FN:11,(anonymous_1)
FNF:2
FNH:2
FNDA:1,loadAcclaimBadge
FNDA:1,(anonymous_1)
DA:11,1
DA:14,1
DA:15,1
DA:18,0
DA:20,0
DA:22,0
DA:24,0
DA:25,0
DA:27,0
DA:28,0
DA:29,0
DA:32,0
DA:34,1
DA:36,1
DA:37,1
DA:38,1
DA:39,0
DA:40,0
DA:41,0
DA:42,0
DA:44,0
LF:21
LH:7
BRDA:14,0,0,1
BRDA:14,0,1,0
BRDA:28,1,0,0
BRDA:28,1,1,0
BRF:4
BRH:1
end_of_record
TN:
SF:/home/circleci/repo/src/lib/PerfContext/PerfContext.jsx
FN:23,(anonymous_0)
FN:40,(anonymous_1)
FN:50,(anonymous_2)
FN:55,(anonymous_3)
FN:60,(anonymous_4)
FN:80,(anonymous_5)
FN:126,(anonymous_6)
FN:142,(anonymous_7)
FN:142,(anonymous_8)
FN:144,(anonymous_9)
FNF:10
FNH:0
FNDA:0,(anonymous_0)
FNDA:0,(anonymous_1)
FNDA:0,(anonymous_2)
FNDA:0,(anonymous_3)
FNDA:0,(anonymous_4)
FNDA:0,(anonymous_5)
FNDA:0,(anonymous_6)
FNDA:0,(anonymous_7)
FNDA:0,(anonymous_8)
FNDA:0,(anonymous_9)
DA:4,0
DA:6,0
DA:12,0
DA:19,0
DA:24,0
DA:26,0
DA:28,0
DA:41,0
DA:42,0
DA:44,0
DA:51,0
DA:52,0
DA:56,0
DA:57,0
DA:60,0
DA:67,0
DA:68,0
DA:70,0
DA:73,0
DA:74,0
DA:75,0
DA:76,0
DA:79,0
DA:80,0
DA:81,0
DA:82,0
DA:83,0
DA:85,0
DA:89,0
DA:90,0
DA:93,0
DA:94,0
DA:97,0
DA:98,0
DA:99,0
DA:103,0
DA:104,0
DA:108,0
DA:109,0
DA:115,0
DA:120,0
DA:123,0
DA:127,0
DA:128,0
DA:130,0
DA:142,0
DA:143,0
DA:147,0
LF:48
LH:0
BRDA:26,0,0,0
BRDA:26,0,1,0
BRDA:41,1,0,0
BRDA:41,1,1,0
BRDA:42,2,0,0
BRDA:42,2,1,0
BRDA:45,3,0,0
BRDA:45,3,1,0
BRDA:70,4,0,0
BRDA:70,4,1,0
BRDA:74,5,0,0
BRDA:74,5,1,0
BRDA:79,6,0,0
BRDA:79,6,1,0
BRDA:82,7,0,0
BRDA:82,7,1,0
BRDA:89,8,0,0
BRDA:89,8,1,0
BRDA:90,9,0,0
BRDA:90,9,1,0
BRDA:90,10,0,0
BRDA:90,10,1,0
BRDA:93,11,0,0
BRDA:93,11,1,0
BRDA:97,12,0,0
BRDA:97,12,1,0
BRDA:108,13,0,0
BRDA:108,13,1,0
BRF:28
BRH:0
end_of_record
TN:
SF:/home/circleci/repo/src/lib/ScrollContext/ScrollContext.jsx
FN:4,(anonymous_0)
FN:44,(anonymous_1)
FN:48,(anonymous_2)
FN:52,(anonymous_3)
FN:56,(anonymous_4)
FN:67,(anonymous_5)
FN:67,(anonymous_6)
FN:69,(anonymous_7)
FNF:8
FNH:0
FNDA:0,(anonymous_0)
FNDA:0,(anonymous_1)
FNDA:0,(anonymous_2)
FNDA:0,(anonymous_3)
FNDA:0,(anonymous_4)
FNDA:0,(anonymous_5)
FNDA:0,(anonymous_6)
FNDA:0,(anonymous_7)
DA:4,0
DA:5,0
DA:6,0
DA:8,0
DA:9,0
DA:10,0
DA:18,0
DA:25,0
DA:31,0
DA:33,0
DA:40,0
DA:45,0
DA:49,0
DA:52,0
DA:53,0
DA:57,0
DA:59,0
DA:67,0
DA:68,0
DA:74,0
LF:20
LH:0
BRDA:8,0,0,0
BRDA:8,0,1,0
BRDA:8,1,0,0
BRDA:8,1,1,0
BRDA:9,2,0,0
BRDA:9,2,1,0
BRF:6
BRH:0
end_of_record
TN:
SF:/home/circleci/repo/src/store/config.js
FN:5,configureStore
FNF:1
FNH:0
FNDA:0,configureStore
DA:7,0
DA:10,0
LF:2
LH:0
BRDA:7,0,0,0
BRDA:7,0,1,0
BRF:2
BRH:0
end_of_record
TN:
SF:/home/circleci/repo/src/store/root.js
FNF:0
FNH:0
LF:0
LH:0
BRF:0
BRH:0
end_of_record
