TN:
SF:src/App.jsx
FN:22,(anonymous_0)
FN:31,(anonymous_1)
FN:40,App
FNF:3
FNH:0
FNDA:0,(anonymous_0)
FNDA:0,(anonymous_1)
FNDA:0,App
DA:22,0
DA:24,0
DA:27,0
DA:28,0
DA:29,0
DA:31,0
DA:32,0
DA:33,0
DA:34,0
DA:36,0
DA:37,0
DA:41,0
LF:12
LH:0
BRDA:32,0,0,0
BRDA:32,0,1,0
BRDA:33,1,0,0
BRDA:33,1,1,0
BRF:4
BRH:0
end_of_record
TN:
SF:src/index.client.jsx
FN:9,(anonymous_0)
FNF:1
FNH:0
FNDA:0,(anonymous_0)
DA:9,0
DA:11,0
DA:13,0
LF:3
LH:0
BRF:0
BRH:0
end_of_record
TN:
SF:src/index.server.jsx
FN:7,(anonymous_0)
FNF:1
FNH:0
FNDA:0,(anonymous_0)
DA:8,0
DA:10,0
LF:2
LH:0
BRF:0
BRH:0
end_of_record
TN:
SF:src/components/Badges/OracleAssociateBadge/OracleAssociateBadge.jsx
FN:5,(anonymous_0)
FN:9,(anonymous_1)
FNF:2
FNH:2
FNDA:1,(anonymous_0)
FNDA:1,(anonymous_1)
DA:6,1
DA:10,1
LF:2
LH:2
BRF:0
BRH:0
end_of_record
TN:
SF:src/components/CookieNotice/CookieNotice.jsx
FN:7,(anonymous_0)
FN:16,(anonymous_1)
FN:23,(anonymous_2)
FN:29,(anonymous_3)
FN:40,(anonymous_4)
FNF:5
FNH:2
FNDA:1,(anonymous_0)
FNDA:0,(anonymous_1)
FNDA:0,(anonymous_2)
FNDA:0,(anonymous_3)
FNDA:1,(anonymous_4)
DA:8,1
DA:9,1
DA:16,1
DA:17,0
DA:23,1
DA:24,0
DA:29,1
DA:30,0
DA:31,0
DA:32,0
DA:33,0
DA:34,0
DA:41,1
DA:43,1
LF:14
LH:7
BRDA:10,0,0,1
BRDA:10,0,1,0
BRDA:12,1,0,1
BRDA:12,1,1,0
BRDA:30,2,0,0
BRDA:30,2,1,0
BRDA:30,3,0,0
BRDA:30,3,1,0
BRDA:43,4,0,1
BRDA:43,4,1,1
BRDA:45,5,0,0
BRDA:45,5,1,1
BRF:12
BRH:5
end_of_record
TN:
SF:src/components/Footer/Footer.jsx
FN:16,(anonymous_0)
FN:30,(anonymous_1)
FN:36,(anonymous_2)
FNF:3
FNH:0
FNDA:0,(anonymous_0)
FNDA:0,(anonymous_1)
FNDA:0,(anonymous_2)
DA:17,0
DA:18,0
DA:19,0
DA:20,0
DA:22,0
DA:23,0
DA:24,0
DA:26,0
DA:33,0
DA:37,0
LF:10
LH:0
BRDA:22,0,0,0
BRDA:22,0,1,0
BRDA:23,1,0,0
BRDA:23,1,1,0
BRF:4
BRH:0
end_of_record
TN:
SF:src/components/GLChart/GL.js
FN:24,(anonymous_0)
FN:35,(anonymous_1)
FN:40,(anonymous_2)
FN:44,(anonymous_3)
FN:99,(anonymous_4)
FN:100,(anonymous_5)
FN:102,(anonymous_6)
FN:154,(anonymous_7)
FN:164,(anonymous_8)
FN:187,(anonymous_9)
FN:219,(anonymous_10)
FN:229,(anonymous_11)
FN:254,(anonymous_12)
FN:268,(anonymous_13)
FN:278,(anonymous_14)
FNF:15
FNH:0
FNDA:0,(anonymous_0)
FNDA:0,(anonymous_1)
FNDA:0,(anonymous_2)
FNDA:0,(anonymous_3)
FNDA:0,(anonymous_4)
FNDA:0,(anonymous_5)
FNDA:0,(anonymous_6)
FNDA:0,(anonymous_7)
FNDA:0,(anonymous_8)
FNDA:0,(anonymous_9)
FNDA:0,(anonymous_10)
FNDA:0,(anonymous_11)
FNDA:0,(anonymous_12)
FNDA:0,(anonymous_13)
FNDA:0,(anonymous_14)
DA:25,0
DA:26,0
DA:27,0
DA:28,0
DA:29,0
DA:30,0
DA:31,0
DA:35,0
DA:36,0
DA:41,0
DA:44,0
DA:45,0
DA:46,0
DA:48,0
DA:51,0
DA:52,0
DA:54,0
DA:56,0
DA:58,0
DA:60,0
DA:62,0
DA:63,0
DA:65,0
DA:71,0
DA:73,0
DA:78,0
DA:80,0
DA:82,0
DA:83,0
DA:84,0
DA:85,0
DA:86,0
DA:87,0
DA:88,0
DA:89,0
DA:91,0
DA:93,0
DA:94,0
DA:97,0
DA:99,0
DA:100,0
DA:102,0
DA:105,0
DA:107,0
DA:117,0
DA:125,0
DA:135,0
DA:140,0
DA:143,0
DA:146,0
DA:147,0
DA:148,0
DA:149,0
DA:151,0
DA:152,0
DA:154,0
DA:155,0
DA:156,0
DA:158,0
DA:159,0
DA:161,0
DA:162,0
DA:164,0
DA:165,0
DA:166,0
DA:167,0
DA:168,0
DA:169,0
DA:172,0
DA:173,0
DA:175,0
DA:176,0
DA:177,0
DA:180,0
DA:181,0
DA:182,0
DA:184,0
DA:188,0
DA:189,0
DA:190,0
DA:193,0
DA:194,0
DA:195,0
DA:197,0
DA:198,0
DA:199,0
DA:200,0
DA:201,0
DA:202,0
DA:204,0
DA:205,0
DA:206,0
DA:208,0
DA:210,0
DA:211,0
DA:213,0
DA:216,0
DA:219,0
DA:220,0
DA:221,0
DA:222,0
DA:223,0
DA:224,0
DA:225,0
DA:230,0
DA:231,0
DA:232,0
DA:234,0
DA:235,0
DA:236,0
DA:237,0
DA:238,0
DA:239,0
DA:241,0
DA:242,0
DA:244,0
DA:248,0
DA:249,0
DA:250,0
DA:251,0
DA:254,0
DA:255,0
DA:256,0
DA:258,0
DA:259,0
DA:262,0
DA:263,0
DA:264,0
DA:265,0
DA:269,0
DA:270,0
DA:271,0
DA:273,0
DA:274,0
DA:275,0
DA:279,0
DA:285,0
DA:286,0
DA:287,0
DA:289,0
DA:290,0
DA:291,0
DA:292,0
DA:293,0
LF:144
LH:0
BRDA:51,0,0,0
BRDA:51,0,1,0
BRDA:146,1,0,0
BRDA:146,1,1,0
BRDA:189,2,0,0
BRDA:189,2,1,0
BRDA:220,3,0,0
BRDA:220,3,1,0
BRDA:220,4,0,0
BRDA:220,4,1,0
BRDA:229,5,0,0
BRDA:255,6,0,0
BRDA:255,6,1,0
BRDA:258,7,0,0
BRDA:258,7,1,0
BRDA:258,8,0,0
BRDA:258,8,1,0
BRDA:273,9,0,0
BRDA:273,9,1,0
BRDA:274,10,0,0
BRDA:274,10,1,0
BRDA:275,11,0,0
BRDA:275,11,1,0
BRDA:279,12,0,0
BRDA:279,12,1,0
BRF:25
BRH:0
end_of_record
TN:
SF:src/components/GLChart/GLChart.jsx
FN:10,(anonymous_0)
FN:34,(anonymous_1)
FN:45,(anonymous_2)
FN:49,(anonymous_3)
FN:56,(anonymous_4)
FN:61,(anonymous_5)
FN:67,(anonymous_6)
FN:73,(anonymous_7)
FNF:8
FNH:0
FNDA:0,(anonymous_0)
FNDA:0,(anonymous_1)
FNDA:0,(anonymous_2)
FNDA:0,(anonymous_3)
FNDA:0,(anonymous_4)
FNDA:0,(anonymous_5)
FNDA:0,(anonymous_6)
FNDA:0,(anonymous_7)
DA:11,0
DA:12,0
DA:13,0
DA:16,0
DA:18,0
DA:22,0
DA:28,0
DA:35,0
DA:37,0
DA:38,0
DA:46,0
DA:50,0
DA:51,0
DA:52,0
DA:57,0
DA:58,0
DA:61,0
DA:62,0
DA:64,0
DA:65,0
DA:67,0
DA:68,0
DA:74,0
DA:75,0
DA:77,0
DA:78,0
DA:81,0
LF:27
LH:0
BRDA:13,0,0,0
BRDA:13,0,1,0
BRDA:16,1,0,0
BRDA:16,1,1,0
BRDA:51,2,0,0
BRDA:51,2,1,0
BRDA:64,3,0,0
BRDA:64,3,1,0
BRDA:77,4,0,0
BRDA:77,4,1,0
BRDA:82,5,0,0
BRDA:82,5,1,0
BRF:12
BRH:0
end_of_record
TN:
SF:src/components/Header/Header.jsx
FN:13,(anonymous_0)
FN:32,(anonymous_1)
FNF:2
FNH:0
FNDA:0,(anonymous_0)
FNDA:0,(anonymous_1)
DA:10,0
DA:13,0
DA:14,0
DA:15,0
DA:17,0
DA:21,0
DA:22,0
DA:23,0
DA:25,0
DA:33,0
LF:10
LH:0
BRDA:21,0,0,0
BRDA:21,0,1,0
BRDA:22,1,0,0
BRDA:22,1,1,0
BRF:4
BRH:0
end_of_record
TN:
SF:src/components/Icons/RulerIcon/RulerIcon.jsx
FN:13,(anonymous_0)
FNF:1
FNH:0
FNDA:0,(anonymous_0)
DA:5,0
DA:9,0
DA:14,0
DA:16,0
LF:4
LH:0
BRF:0
BRH:0
end_of_record
TN:
SF:src/components/Icons/ScrollUpIcon/ScrollUpIcon.jsx
FN:13,(anonymous_0)
FNF:1
FNH:0
FNDA:0,(anonymous_0)
DA:5,0
DA:9,0
DA:14,0
DA:16,0
LF:4
LH:0
BRDA:17,0,0,0
BRDA:17,0,1,0
BRF:2
BRH:0
end_of_record
TN:
SF:src/components/Icons/Social/FacebookIcon/FacebookIcon.jsx
FN:13,(anonymous_0)
FNF:1
FNH:0
FNDA:0,(anonymous_0)
DA:5,0
DA:9,0
DA:14,0
DA:16,0
LF:4
LH:0
BRF:0
BRH:0
end_of_record
TN:
SF:src/components/Icons/Social/LinkedinIcon/LinkedinIcon.jsx
FN:15,(anonymous_0)
FNF:1
FNH:0
FNDA:0,(anonymous_0)
DA:5,0
DA:10,0
DA:16,0
DA:18,0
LF:4
LH:0
BRF:0
BRH:0
end_of_record
TN:
SF:src/components/Icons/Social/TwitterIcon/TwitterIcon.jsx
FN:13,(anonymous_0)
FNF:1
FNH:0
FNDA:0,(anonymous_0)
DA:5,0
DA:9,0
DA:14,0
DA:16,0
LF:4
LH:0
BRF:0
BRH:0
end_of_record
TN:
SF:src/components/Icons/SunIcon/SunIcon.jsx
FN:13,(anonymous_0)
FNF:1
FNH:0
FNDA:0,(anonymous_0)
DA:5,0
DA:9,0
DA:14,0
DA:16,0
LF:4
LH:0
BRF:0
BRH:0
end_of_record
TN:
SF:src/components/Loader/Loader.jsx
FN:15,(anonymous_0)
FNF:1
FNH:0
FNDA:0,(anonymous_0)
DA:7,0
DA:11,0
DA:16,0
DA:18,0
LF:4
LH:0
BRF:0
BRH:0
end_of_record
TN:
SF:src/components/Logo/Logo.jsx
FN:22,(anonymous_0)
FN:31,(anonymous_1)
FNF:2
FNH:0
FNDA:0,(anonymous_0)
FNDA:0,(anonymous_1)
DA:11,0
DA:14,0
DA:18,0
DA:23,0
DA:25,0
DA:27,0
DA:32,0
DA:34,0
LF:8
LH:0
BRF:0
BRH:0
end_of_record
TN:
SF:src/components/NavItem/NavItem.jsx
FN:27,(anonymous_0)
FN:35,(anonymous_1)
FN:41,(anonymous_2)
FN:47,(anonymous_3)
FN:55,(anonymous_4)
FNF:5
FNH:0
FNDA:0,(anonymous_0)
FNDA:0,(anonymous_1)
FNDA:0,(anonymous_2)
FNDA:0,(anonymous_3)
FNDA:0,(anonymous_4)
DA:6,0
DA:18,0
DA:28,0
DA:30,0
DA:35,0
DA:36,0
DA:41,0
DA:42,0
DA:47,0
DA:48,0
DA:51,0
DA:52,0
DA:63,0
DA:64,0
DA:66,0
LF:15
LH:0
BRDA:69,0,0,0
BRDA:69,0,1,0
BRF:2
BRH:0
end_of_record
TN:
SF:src/components/Navbar/Navbar.jsx
FN:15,(anonymous_0)
FN:33,(anonymous_1)
FN:39,(anonymous_2)
FN:57,(anonymous_3)
FN:69,(anonymous_4)
FN:74,(anonymous_5)
FN:95,(anonymous_6)
FN:103,(anonymous_7)
FN:113,(anonymous_8)
FN:119,(anonymous_9)
FN:136,(anonymous_10)
FNF:11
FNH:0
FNDA:0,(anonymous_0)
FNDA:0,(anonymous_1)
FNDA:0,(anonymous_2)
FNDA:0,(anonymous_3)
FNDA:0,(anonymous_4)
FNDA:0,(anonymous_5)
FNDA:0,(anonymous_6)
FNDA:0,(anonymous_7)
FNDA:0,(anonymous_8)
FNDA:0,(anonymous_9)
FNDA:0,(anonymous_10)
DA:11,0
DA:16,0
DA:19,0
DA:34,0
DA:40,0
DA:41,0
DA:42,0
DA:44,0
DA:58,0
DA:59,0
DA:60,0
DA:61,0
DA:63,0
DA:70,0
DA:71,0
DA:74,0
DA:75,0
DA:76,0
DA:78,0
DA:79,0
DA:81,0
DA:82,0
DA:85,0
DA:88,0
DA:89,0
DA:95,0
DA:96,0
DA:97,0
DA:98,0
DA:103,0
DA:104,0
DA:105,0
DA:106,0
DA:113,0
DA:114,0
DA:126,0
DA:128,0
DA:137,0
LF:38
LH:0
BRDA:21,0,0,0
BRDA:21,0,1,0
BRDA:65,1,0,0
BRDA:65,1,1,0
BRDA:79,2,0,0
BRDA:79,2,1,0
BRDA:81,3,0,0
BRDA:81,3,1,0
BRDA:81,4,0,0
BRDA:81,4,1,0
BRDA:88,5,0,0
BRDA:88,5,1,0
BRDA:88,6,0,0
BRDA:88,6,1,0
BRDA:99,7,0,0
BRDA:99,7,1,0
BRDA:108,8,0,0
BRDA:108,8,1,0
BRDA:130,9,0,0
BRDA:130,9,1,0
BRDA:135,10,0,0
BRDA:135,10,1,0
BRDA:144,11,0,0
BRDA:144,11,1,0
BRDA:160,12,0,0
BRDA:160,12,1,0
BRF:26
BRH:0
end_of_record
TN:
SF:src/components/PDFResume/PDFResume.jsx
FN:13,(anonymous_0)
FN:17,(anonymous_1)
FN:27,(anonymous_2)
FNF:3
FNH:0
FNDA:0,(anonymous_0)
FNDA:0,(anonymous_1)
FNDA:0,(anonymous_2)
DA:9,0
DA:13,0
DA:14,0
DA:18,0
DA:20,0
DA:28,0
LF:6
LH:0
BRF:0
BRH:0
end_of_record
TN:
SF:src/components/ProgressIndicator/ProgressIndicator.jsx
FN:14,(anonymous_0)
FN:21,(anonymous_1)
FN:22,(anonymous_2)
FN:25,(anonymous_3)
FN:29,(anonymous_4)
FN:40,(anonymous_5)
FN:47,(anonymous_6)
FNF:7
FNH:0
FNDA:0,(anonymous_0)
FNDA:0,(anonymous_1)
FNDA:0,(anonymous_2)
FNDA:0,(anonymous_3)
FNDA:0,(anonymous_4)
FNDA:0,(anonymous_5)
FNDA:0,(anonymous_6)
DA:8,0
DA:15,0
DA:16,0
DA:22,0
DA:26,0
DA:29,0
DA:33,0
DA:34,0
DA:35,0
DA:37,0
DA:38,0
DA:40,0
DA:41,0
DA:48,0
DA:50,0
LF:15
LH:0
BRF:0
BRH:0
end_of_record
TN:
SF:src/components/TOCButton/TOCButton.jsx
FN:18,(anonymous_0)
FN:26,(anonymous_1)
FN:27,(anonymous_2)
FN:30,(anonymous_3)
FN:42,(anonymous_4)
FN:62,(anonymous_5)
FNF:6
FNH:0
FNDA:0,(anonymous_0)
FNDA:0,(anonymous_1)
FNDA:0,(anonymous_2)
FNDA:0,(anonymous_3)
FNDA:0,(anonymous_4)
FNDA:0,(anonymous_5)
DA:11,0
DA:14,0
DA:19,0
DA:21,0
DA:27,0
DA:30,0
DA:31,0
DA:32,0
DA:33,0
DA:35,0
DA:36,0
DA:42,0
DA:43,0
DA:45,0
DA:51,0
DA:52,0
DA:53,0
DA:55,0
DA:63,0
DA:65,0
LF:20
LH:0
BRDA:35,0,0,0
BRDA:35,0,1,0
BRDA:51,1,0,0
BRDA:51,1,1,0
BRDA:52,2,0,0
BRDA:52,2,1,0
BRDA:67,3,0,0
BRDA:67,3,1,0
BRF:8
BRH:0
end_of_record
TN:
SF:src/containers/ContentPage/ContentPage.jsx
FN:26,(anonymous_0)
FN:31,(anonymous_1)
FN:38,(anonymous_2)
FN:61,(anonymous_3)
FN:71,(anonymous_4)
FN:89,(anonymous_5)
FN:90,(anonymous_6)
FNF:7
FNH:0
FNDA:0,(anonymous_0)
FNDA:0,(anonymous_1)
FNDA:0,(anonymous_2)
FNDA:0,(anonymous_3)
FNDA:0,(anonymous_4)
FNDA:0,(anonymous_5)
FNDA:0,(anonymous_6)
DA:14,0
DA:27,0
DA:28,0
DA:32,0
DA:33,0
DA:34,0
DA:39,0
DA:40,0
DA:42,0
DA:61,0
DA:62,0
DA:63,0
DA:65,0
DA:66,0
DA:68,0
DA:70,0
DA:71,0
DA:73,0
DA:74,0
DA:76,0
DA:80,0
DA:89,0
DA:90,0
LF:23
LH:0
BRDA:33,0,0,0
BRDA:33,0,1,0
BRDA:43,1,0,0
BRDA:43,1,1,0
BRDA:68,2,0,0
BRDA:68,2,1,0
BRDA:68,3,0,0
BRDA:68,3,1,0
BRDA:71,4,0,0
BRDA:71,4,1,0
BRDA:73,5,0,0
BRDA:73,5,1,0
BRDA:73,6,0,0
BRDA:73,6,1,0
BRDA:76,7,0,0
BRDA:76,7,1,0
BRF:16
BRH:0
end_of_record
TN:
SF:src/containers/ContentPage/actions.js
FN:3,articlesHasErrored
FN:10,articlesIsLoading
FN:17,articlesFetchDataSuccess
FN:24,articlesFetchData
FN:25,(anonymous_4)
FNF:5
FNH:0
FNDA:0,articlesHasErrored
FNDA:0,articlesIsLoading
FNDA:0,articlesFetchDataSuccess
FNDA:0,articlesFetchData
FNDA:0,(anonymous_4)
DA:4,0
DA:11,0
DA:18,0
DA:25,0
DA:26,0
DA:28,0
DA:29,0
DA:30,0
DA:31,0
DA:33,0
LF:10
LH:0
BRF:0
BRH:0
end_of_record
TN:
SF:src/containers/ContentPage/model.js
FN:3,deserialize
FN:4,(anonymous_1)
FNF:2
FNH:0
FNDA:0,deserialize
FNDA:0,(anonymous_1)
DA:4,0
DA:5,0
DA:6,0
DA:7,0
DA:8,0
DA:10,0
DA:13,0
LF:7
LH:0
BRDA:4,0,0,0
BRDA:4,0,1,0
BRDA:6,1,0,0
BRDA:6,1,1,0
BRF:4
BRH:0
end_of_record
TN:
SF:src/containers/ContentPage/reducers.js
FN:7,articles
FNF:1
FNH:0
FNDA:0,articles
DA:1,0
DA:8,0
DA:10,0
DA:16,0
DA:21,0
DA:27,0
LF:6
LH:0
BRDA:7,0,0,0
BRDA:8,1,0,0
BRDA:8,1,1,0
BRDA:8,1,2,0
BRDA:8,1,3,0
BRF:5
BRH:0
end_of_record
TN:
SF:src/containers/ContentPage/services.js
FN:5,getArticles
FNF:1
FNH:0
FNDA:0,getArticles
DA:6,0
DA:8,0
DA:9,0
DA:10,0
DA:11,0
DA:14,0
DA:15,0
DA:16,0
DA:18,0
LF:9
LH:0
BRDA:8,0,0,0
BRDA:8,0,1,0
BRDA:10,1,0,0
BRDA:10,1,1,0
BRF:4
BRH:0
end_of_record
TN:
SF:src/containers/Dashboard/Dashboard.jsx
FN:19,(anonymous_0)
FN:22,(anonymous_1)
FN:32,(anonymous_2)
FN:75,(anonymous_3)
FN:79,(anonymous_4)
FN:83,(anonymous_5)
FNF:6
FNH:0
FNDA:0,(anonymous_0)
FNDA:0,(anonymous_1)
FNDA:0,(anonymous_2)
FNDA:0,(anonymous_3)
FNDA:0,(anonymous_4)
FNDA:0,(anonymous_5)
DA:19,0
DA:22,0
DA:23,0
DA:28,0
DA:33,0
DA:34,0
DA:76,0
DA:80,0
DA:84,0
DA:85,0
DA:87,0
LF:11
LH:0
BRDA:90,0,0,0
BRDA:90,0,1,0
BRF:2
BRH:0
end_of_record
TN:
SF:src/containers/NotFoundPage/NotFoundPage.jsx
FN:6,NotFoundPage
FNF:1
FNH:0
FNDA:0,NotFoundPage
DA:7,0
LF:1
LH:0
BRF:0
BRH:0
end_of_record
TN:
SF:src/containers/ResumePage/ResumePage.jsx
FN:15,(anonymous_0)
FN:23,(anonymous_1)
FN:25,(anonymous_2)
FN:73,(anonymous_3)
FN:81,(anonymous_4)
FNF:5
FNH:0
FNDA:0,(anonymous_0)
FNDA:0,(anonymous_1)
FNDA:0,(anonymous_2)
FNDA:0,(anonymous_3)
FNDA:0,(anonymous_4)
DA:13,0
DA:16,0
DA:18,0
DA:23,0
DA:26,0
DA:27,0
DA:29,0
DA:73,0
DA:74,0
DA:76,0
DA:81,0
LF:11
LH:0
BRF:0
BRH:0
end_of_record
TN:
SF:src/containers/ResumePage/actions.js
FN:3,resumeHasErrored
FN:10,resumeIsLoading
FN:17,resumeFetchDataSuccess
FN:24,resumeFetchData
FN:25,(anonymous_4)
FNF:5
FNH:0
FNDA:0,resumeHasErrored
FNDA:0,resumeIsLoading
FNDA:0,resumeFetchDataSuccess
FNDA:0,resumeFetchData
FNDA:0,(anonymous_4)
DA:4,0
DA:11,0
DA:18,0
DA:25,0
DA:26,0
DA:28,0
DA:29,0
DA:30,0
DA:31,0
DA:33,0
LF:10
LH:0
BRF:0
BRH:0
end_of_record
TN:
SF:src/containers/ResumePage/model.js
FN:3,deserialize
FN:6,(anonymous_1)
FN:16,(anonymous_2)
FN:18,(anonymous_3)
FNF:4
FNH:0
FNDA:0,deserialize
FNDA:0,(anonymous_1)
FNDA:0,(anonymous_2)
FNDA:0,(anonymous_3)
DA:4,0
DA:6,0
DA:7,0
DA:8,0
DA:10,0
DA:16,0
DA:18,0
DA:21,0
DA:22,0
DA:23,0
DA:25,0
DA:28,0
LF:12
LH:0
BRDA:8,0,0,0
BRDA:8,0,1,0
BRDA:10,1,0,0
BRDA:10,1,1,0
BRDA:10,1,2,0
BRDA:10,1,3,0
BRDA:18,2,0,0
BRDA:18,2,1,0
BRF:8
BRH:0
end_of_record
TN:
SF:src/containers/ResumePage/reducers.js
FN:7,resume
FNF:1
FNH:0
FNDA:0,resume
DA:1,0
DA:8,0
DA:10,0
DA:16,0
DA:21,0
DA:27,0
LF:6
LH:0
BRDA:7,0,0,0
BRDA:8,1,0,0
BRDA:8,1,1,0
BRDA:8,1,2,0
BRDA:8,1,3,0
BRF:5
BRH:0
end_of_record
TN:
SF:src/containers/ResumePage/services.js
FN:5,getResume
FNF:1
FNH:0
FNDA:0,getResume
DA:6,0
DA:8,0
DA:9,0
DA:10,0
DA:11,0
DA:14,0
DA:15,0
DA:16,0
DA:18,0
LF:9
LH:0
BRDA:8,0,0,0
BRDA:8,0,1,0
BRDA:10,1,0,0
BRDA:10,1,1,0
BRF:4
BRH:0
end_of_record
TN:
SF:src/lib/acclaim.js
FN:1,loadAcclaimBadge
FN:11,(anonymous_1)
FNF:2
FNH:2
FNDA:1,loadAcclaimBadge
FNDA:1,(anonymous_1)
DA:11,1
DA:14,1
DA:15,1
DA:18,0
DA:20,0
DA:22,0
DA:24,0
DA:25,0
DA:27,0
DA:28,0
DA:29,0
DA:32,0
DA:34,1
DA:36,1
DA:37,1
DA:38,1
DA:39,0
DA:40,0
DA:41,0
DA:42,0
DA:44,0
LF:21
LH:7
BRDA:14,0,0,1
BRDA:14,0,1,0
BRDA:28,1,0,0
BRDA:28,1,1,0
BRF:4
BRH:1
end_of_record
TN:
SF:src/lib/PerfContext/PerfContext.jsx
FN:23,(anonymous_0)
FN:40,(anonymous_1)
FN:50,(anonymous_2)
FN:55,(anonymous_3)
FN:60,(anonymous_4)
FN:80,(anonymous_5)
FN:126,(anonymous_6)
FN:142,(anonymous_7)
FN:142,(anonymous_8)
FN:144,(anonymous_9)
FNF:10
FNH:0
FNDA:0,(anonymous_0)
FNDA:0,(anonymous_1)
FNDA:0,(anonymous_2)
FNDA:0,(anonymous_3)
FNDA:0,(anonymous_4)
FNDA:0,(anonymous_5)
FNDA:0,(anonymous_6)
FNDA:0,(anonymous_7)
FNDA:0,(anonymous_8)
FNDA:0,(anonymous_9)
DA:4,0
DA:6,0
DA:12,0
DA:19,0
DA:24,0
DA:26,0
DA:28,0
DA:41,0
DA:42,0
DA:44,0
DA:51,0
DA:52,0
DA:56,0
DA:57,0
DA:60,0
DA:67,0
DA:68,0
DA:70,0
DA:73,0
DA:74,0
DA:75,0
DA:76,0
DA:79,0
DA:80,0
DA:81,0
DA:82,0
DA:83,0
DA:85,0
DA:89,0
DA:90,0
DA:93,0
DA:94,0
DA:97,0
DA:98,0
DA:99,0
DA:103,0
DA:104,0
DA:108,0
DA:109,0
DA:115,0
DA:120,0
DA:123,0
DA:127,0
DA:128,0
DA:130,0
DA:142,0
DA:143,0
DA:147,0
LF:48
LH:0
BRDA:26,0,0,0
BRDA:26,0,1,0
BRDA:41,1,0,0
BRDA:41,1,1,0
BRDA:42,2,0,0
BRDA:42,2,1,0
BRDA:45,3,0,0
BRDA:45,3,1,0
BRDA:70,4,0,0
BRDA:70,4,1,0
BRDA:74,5,0,0
BRDA:74,5,1,0
BRDA:79,6,0,0
BRDA:79,6,1,0
BRDA:82,7,0,0
BRDA:82,7,1,0
BRDA:89,8,0,0
BRDA:89,8,1,0
BRDA:90,9,0,0
BRDA:90,9,1,0
BRDA:90,10,0,0
BRDA:90,10,1,0
BRDA:93,11,0,0
BRDA:93,11,1,0
BRDA:97,12,0,0
BRDA:97,12,1,0
BRDA:108,13,0,0
BRDA:108,13,1,0
BRF:28
BRH:0
end_of_record
TN:
SF:src/lib/ScrollContext/ScrollContext.jsx
FN:4,(anonymous_0)
FN:44,(anonymous_1)
FN:48,(anonymous_2)
FN:52,(anonymous_3)
FN:56,(anonymous_4)
FN:67,(anonymous_5)
FN:67,(anonymous_6)
FN:69,(anonymous_7)
FNF:8
FNH:0
FNDA:0,(anonymous_0)
FNDA:0,(anonymous_1)
FNDA:0,(anonymous_2)
FNDA:0,(anonymous_3)
FNDA:0,(anonymous_4)
FNDA:0,(anonymous_5)
FNDA:0,(anonymous_6)
FNDA:0,(anonymous_7)
DA:4,0
DA:5,0
DA:6,0
DA:8,0
DA:9,0
DA:10,0
DA:18,0
DA:25,0
DA:31,0
DA:33,0
DA:40,0
DA:45,0
DA:49,0
DA:52,0
DA:53,0
DA:57,0
DA:59,0
DA:67,0
DA:68,0
DA:74,0
LF:20
LH:0
BRDA:8,0,0,0
BRDA:8,0,1,0
BRDA:8,1,0,0
BRDA:8,1,1,0
BRDA:9,2,0,0
BRDA:9,2,1,0
BRF:6
BRH:0
end_of_record
TN:
SF:src/store/config.js
FN:5,configureStore
FNF:1
FNH:0
FNDA:0,configureStore
DA:7,0
DA:10,0
LF:2
LH:0
BRDA:7,0,0,0
BRDA:7,0,1,0
BRF:2
BRH:0
end_of_record
TN:
SF:src/store/root.js
FNF:0
FNH:0
LF:0
LH:0
BRF:0
BRH:0
end_of_record
